[0.896s] DEBUG:colcon:Command line arguments: ['/usr/bin/colcon', 'build']
[0.900s] DEBUG:colcon:Parsed command line arguments: Namespace(allow_overriding=[], ament_cmake_args=None, base_paths=['.'], build_base='build', catkin_cmake_args=None, catkin_skip_building_tests=False, cmake_args=None, cmake_clean_cache=False, cmake_clean_first=False, cmake_force_configure=False, cmake_target=None, cmake_target_skip_unavailable=False, continue_on_error=False, event_handlers=None, executor='parallel', ignore_user_meta=False, install_base='install', log_base=None, log_level=None, main=<bound method BuildVerb.main of <colcon_core.verb.build.BuildVerb object at 0x4002281250>>, merge_install=False, metas=['./colcon.meta'], packages_above=None, packages_above_and_dependencies=None, packages_above_depth=None, packages_end=None, packages_ignore=None, packages_ignore_regex=None, packages_select=None, packages_select_build_failed=False, packages_select_by_dep=None, packages_select_regex=None, packages_select_test_failures=False, packages_skip=None, packages_skip_build_finished=False, packages_skip_by_dep=None, packages_skip_regex=None, packages_skip_test_passed=False, packages_skip_up_to=None, packages_start=None, packages_up_to=None, packages_up_to_regex=None, parallel_workers=4, paths=None, symlink_install=False, test_result_base=None, verb_extension=<colcon_core.verb.build.BuildVerb object at 0x4002281250>, verb_name='build', verb_parser=<colcon_defaults.argument_parser.defaults.DefaultArgumentsDecorator object at 0x4002281790>)
[0.935s] Level 1:colcon.colcon_core.package_discovery:discover_packages(colcon_meta) check parameters
[0.937s] Level 1:colcon.colcon_core.package_discovery:discover_packages(recursive) check parameters
[0.939s] Level 1:colcon.colcon_core.package_discovery:discover_packages(ignore) check parameters
[0.940s] Level 1:colcon.colcon_core.package_discovery:discover_packages(path) check parameters
[0.941s] Level 1:colcon.colcon_core.package_discovery:discover_packages(colcon_meta) discover
[0.942s] Level 1:colcon.colcon_core.package_discovery:discover_packages(recursive) discover
[0.943s] INFO:colcon.colcon_core.package_discovery:Crawling recursively for packages in '/workspaces/spex_rover'
[0.946s] Level 1:colcon.colcon_core.package_identification:_identify(.) by extensions ['ignore', 'ignore_ament_install']
[0.947s] Level 1:colcon.colcon_core.package_identification:_identify(.) by extension 'ignore'
[0.950s] Level 1:colcon.colcon_core.package_identification:_identify(.) by extension 'ignore_ament_install'
[0.953s] Level 1:colcon.colcon_core.package_identification:_identify(.) by extensions ['colcon_pkg']
[0.954s] Level 1:colcon.colcon_core.package_identification:_identify(.) by extension 'colcon_pkg'
[0.956s] Level 1:colcon.colcon_core.package_identification:_identify(.) by extensions ['colcon_meta']
[0.957s] Level 1:colcon.colcon_core.package_identification:_identify(.) by extension 'colcon_meta'
[0.959s] Level 1:colcon.colcon_core.package_identification:_identify(.) by extensions ['ros']
[0.960s] Level 1:colcon.colcon_core.package_identification:_identify(.) by extension 'ros'
[1.023s] Level 1:colcon.colcon_core.package_identification:_identify(.) by extensions ['cmake', 'python']
[1.025s] Level 1:colcon.colcon_core.package_identification:_identify(.) by extension 'cmake'
[1.028s] Level 1:colcon.colcon_core.package_identification:_identify(.) by extension 'python'
[1.030s] Level 1:colcon.colcon_core.package_identification:_identify(.) by extensions ['python_setup_py']
[1.032s] Level 1:colcon.colcon_core.package_identification:_identify(.) by extension 'python_setup_py'
[1.037s] Level 1:colcon.colcon_core.package_identification:_identify(build) by extensions ['ignore', 'ignore_ament_install']
[1.041s] Level 1:colcon.colcon_core.package_identification:_identify(build) by extension 'ignore'
[1.043s] Level 1:colcon.colcon_core.package_identification:_identify(build) ignored
[1.045s] Level 1:colcon.colcon_core.package_identification:_identify(documentation) by extensions ['ignore', 'ignore_ament_install']
[1.048s] Level 1:colcon.colcon_core.package_identification:_identify(documentation) by extension 'ignore'
[1.053s] Level 1:colcon.colcon_core.package_identification:_identify(documentation) by extension 'ignore_ament_install'
[1.057s] Level 1:colcon.colcon_core.package_identification:_identify(documentation) by extensions ['colcon_pkg']
[1.058s] Level 1:colcon.colcon_core.package_identification:_identify(documentation) by extension 'colcon_pkg'
[1.061s] Level 1:colcon.colcon_core.package_identification:_identify(documentation) by extensions ['colcon_meta']
[1.062s] Level 1:colcon.colcon_core.package_identification:_identify(documentation) by extension 'colcon_meta'
[1.063s] Level 1:colcon.colcon_core.package_identification:_identify(documentation) by extensions ['ros']
[1.065s] Level 1:colcon.colcon_core.package_identification:_identify(documentation) by extension 'ros'
[1.069s] Level 1:colcon.colcon_core.package_identification:_identify(documentation) by extensions ['cmake', 'python']
[1.070s] Level 1:colcon.colcon_core.package_identification:_identify(documentation) by extension 'cmake'
[1.072s] Level 1:colcon.colcon_core.package_identification:_identify(documentation) by extension 'python'
[1.075s] Level 1:colcon.colcon_core.package_identification:_identify(documentation) by extensions ['python_setup_py']
[1.077s] Level 1:colcon.colcon_core.package_identification:_identify(documentation) by extension 'python_setup_py'
[1.080s] Level 1:colcon.colcon_core.package_identification:_identify(install) by extensions ['ignore', 'ignore_ament_install']
[1.083s] Level 1:colcon.colcon_core.package_identification:_identify(install) by extension 'ignore'
[1.085s] Level 1:colcon.colcon_core.package_identification:_identify(install) ignored
[1.092s] Level 1:colcon.colcon_core.package_identification:_identify(log) by extensions ['ignore', 'ignore_ament_install']
[1.093s] Level 1:colcon.colcon_core.package_identification:_identify(log) by extension 'ignore'
[1.095s] Level 1:colcon.colcon_core.package_identification:_identify(log) ignored
[1.096s] Level 1:colcon.colcon_core.package_identification:_identify(src) by extensions ['ignore', 'ignore_ament_install']
[1.098s] Level 1:colcon.colcon_core.package_identification:_identify(src) by extension 'ignore'
[1.101s] Level 1:colcon.colcon_core.package_identification:_identify(src) by extension 'ignore_ament_install'
[1.104s] Level 1:colcon.colcon_core.package_identification:_identify(src) by extensions ['colcon_pkg']
[1.105s] Level 1:colcon.colcon_core.package_identification:_identify(src) by extension 'colcon_pkg'
[1.108s] Level 1:colcon.colcon_core.package_identification:_identify(src) by extensions ['colcon_meta']
[1.110s] Level 1:colcon.colcon_core.package_identification:_identify(src) by extension 'colcon_meta'
[1.112s] Level 1:colcon.colcon_core.package_identification:_identify(src) by extensions ['ros']
[1.114s] Level 1:colcon.colcon_core.package_identification:_identify(src) by extension 'ros'
[1.121s] Level 1:colcon.colcon_core.package_identification:_identify(src) by extensions ['cmake', 'python']
[1.123s] Level 1:colcon.colcon_core.package_identification:_identify(src) by extension 'cmake'
[1.126s] Level 1:colcon.colcon_core.package_identification:_identify(src) by extension 'python'
[1.128s] Level 1:colcon.colcon_core.package_identification:_identify(src) by extensions ['python_setup_py']
[1.130s] Level 1:colcon.colcon_core.package_identification:_identify(src) by extension 'python_setup_py'
[1.133s] Level 1:colcon.colcon_core.package_identification:_identify(src/spex_rover) by extensions ['ignore', 'ignore_ament_install']
[1.135s] Level 1:colcon.colcon_core.package_identification:_identify(src/spex_rover) by extension 'ignore'
[1.137s] Level 1:colcon.colcon_core.package_identification:_identify(src/spex_rover) by extension 'ignore_ament_install'
[1.142s] Level 1:colcon.colcon_core.package_identification:_identify(src/spex_rover) by extensions ['colcon_pkg']
[1.143s] Level 1:colcon.colcon_core.package_identification:_identify(src/spex_rover) by extension 'colcon_pkg'
[1.146s] Level 1:colcon.colcon_core.package_identification:_identify(src/spex_rover) by extensions ['colcon_meta']
[1.148s] Level 1:colcon.colcon_core.package_identification:_identify(src/spex_rover) by extension 'colcon_meta'
[1.149s] Level 1:colcon.colcon_core.package_identification:_identify(src/spex_rover) by extensions ['ros']
[1.151s] Level 1:colcon.colcon_core.package_identification:_identify(src/spex_rover) by extension 'ros'
[1.179s] DEBUG:colcon.colcon_core.package_identification:Package 'src/spex_rover' with type 'ros.ament_cmake' and name 'spex_rover'
[1.180s] Level 1:colcon.colcon_core.package_discovery:discover_packages(recursive) using defaults
[1.182s] Level 1:colcon.colcon_core.package_discovery:discover_packages(ignore) discover
[1.183s] Level 1:colcon.colcon_core.package_discovery:discover_packages(ignore) using defaults
[1.186s] Level 1:colcon.colcon_core.package_discovery:discover_packages(path) discover
[1.188s] Level 1:colcon.colcon_core.package_discovery:discover_packages(path) using defaults
[1.303s] Level 5:colcon.colcon_core.verb:set package 'spex_rover' build argument 'cmake_args' from command line to 'None'
[1.305s] Level 5:colcon.colcon_core.verb:set package 'spex_rover' build argument 'cmake_target' from command line to 'None'
[1.307s] Level 5:colcon.colcon_core.verb:set package 'spex_rover' build argument 'cmake_target_skip_unavailable' from command line to 'False'
[1.309s] Level 5:colcon.colcon_core.verb:set package 'spex_rover' build argument 'cmake_clean_cache' from command line to 'False'
[1.310s] Level 5:colcon.colcon_core.verb:set package 'spex_rover' build argument 'cmake_clean_first' from command line to 'False'
[1.312s] Level 5:colcon.colcon_core.verb:set package 'spex_rover' build argument 'cmake_force_configure' from command line to 'False'
[1.313s] Level 5:colcon.colcon_core.verb:set package 'spex_rover' build argument 'ament_cmake_args' from command line to 'None'
[1.314s] Level 5:colcon.colcon_core.verb:set package 'spex_rover' build argument 'catkin_cmake_args' from command line to 'None'
[1.315s] Level 5:colcon.colcon_core.verb:set package 'spex_rover' build argument 'catkin_skip_building_tests' from command line to 'False'
[1.316s] DEBUG:colcon.colcon_core.verb:Building package 'spex_rover' with the following arguments: {'ament_cmake_args': None, 'build_base': '/workspaces/spex_rover/build/spex_rover', 'catkin_cmake_args': None, 'catkin_skip_building_tests': False, 'cmake_args': None, 'cmake_clean_cache': False, 'cmake_clean_first': False, 'cmake_force_configure': False, 'cmake_target': None, 'cmake_target_skip_unavailable': False, 'install_base': '/workspaces/spex_rover/install/spex_rover', 'merge_install': False, 'path': '/workspaces/spex_rover/src/spex_rover', 'symlink_install': False, 'test_result_base': None}
[1.352s] INFO:colcon.colcon_core.executor:Executing jobs using 'parallel' executor
[1.375s] DEBUG:colcon.colcon_parallel_executor.executor.parallel:run_until_complete
[1.383s] INFO:colcon.colcon_ros.task.ament_cmake.build:Building ROS package in '/workspaces/spex_rover/src/spex_rover' with build type 'ament_cmake'
[1.386s] INFO:colcon.colcon_cmake.task.cmake.build:Building CMake package in '/workspaces/spex_rover/src/spex_rover'
[1.413s] INFO:colcon.colcon_core.plugin_system:Skipping extension 'colcon_core.shell.bat': Not used on non-Windows systems
[1.417s] INFO:colcon.colcon_core.shell:Skip shell extension 'powershell' for command environment: Not usable outside of PowerShell
[1.419s] DEBUG:colcon.colcon_core.shell:Skip shell extension 'dsv' for command environment
[1.559s] DEBUG:colcon.colcon_core.event_handler.log_command:Invoking command in '/workspaces/spex_rover/build/spex_rover': CMAKE_PREFIX_PATH=${CMAKE_PREFIX_PATH}:/opt/ros/galactic /usr/bin/cmake /workspaces/spex_rover/src/spex_rover -DCMAKE_INSTALL_PREFIX=/workspaces/spex_rover/install/spex_rover
[12.914s] DEBUG:colcon.colcon_core.event_handler.log_command:Invoked command in '/workspaces/spex_rover/build/spex_rover' returned '0': CMAKE_PREFIX_PATH=${CMAKE_PREFIX_PATH}:/opt/ros/galactic /usr/bin/cmake /workspaces/spex_rover/src/spex_rover -DCMAKE_INSTALL_PREFIX=/workspaces/spex_rover/install/spex_rover
[12.932s] DEBUG:colcon.colcon_core.event_handler.log_command:Invoking command in '/workspaces/spex_rover/build/spex_rover': CMAKE_PREFIX_PATH=${CMAKE_PREFIX_PATH}:/opt/ros/galactic /usr/bin/cmake --build /workspaces/spex_rover/build/spex_rover -- -j4 -l4
[13.348s] DEBUG:colcon.colcon_core.event_handler.log_command:Invoked command in '/workspaces/spex_rover/build/spex_rover' returned '0': CMAKE_PREFIX_PATH=${CMAKE_PREFIX_PATH}:/opt/ros/galactic /usr/bin/cmake --build /workspaces/spex_rover/build/spex_rover -- -j4 -l4
[13.788s] DEBUG:colcon.colcon_core.event_handler.log_command:Invoking command in '/workspaces/spex_rover/build/spex_rover': CMAKE_PREFIX_PATH=${CMAKE_PREFIX_PATH}:/opt/ros/galactic /usr/bin/cmake --install /workspaces/spex_rover/build/spex_rover
[14.284s] Level 1:colcon.colcon_core.environment:create_environment_scripts_only(spex_rover)
[14.294s] DEBUG:colcon.colcon_core.event_handler.log_command:Invoked command in '/workspaces/spex_rover/build/spex_rover' returned '0': CMAKE_PREFIX_PATH=${CMAKE_PREFIX_PATH}:/opt/ros/galactic /usr/bin/cmake --install /workspaces/spex_rover/build/spex_rover
[14.316s] Level 1:colcon.colcon_core.environment:checking '/workspaces/spex_rover/install/spex_rover' for CMake module files
[14.354s] Level 1:colcon.colcon_core.environment:checking '/workspaces/spex_rover/install/spex_rover' for CMake config files
[14.373s] Level 1:colcon.colcon_core.shell:create_environment_hook('spex_rover', 'cmake_prefix_path')
[14.377s] INFO:colcon.colcon_core.shell:Creating environment hook '/workspaces/spex_rover/install/spex_rover/share/spex_rover/hook/cmake_prefix_path.ps1'
[14.391s] INFO:colcon.colcon_core.shell:Creating environment descriptor '/workspaces/spex_rover/install/spex_rover/share/spex_rover/hook/cmake_prefix_path.dsv'
[14.402s] INFO:colcon.colcon_core.shell:Creating environment hook '/workspaces/spex_rover/install/spex_rover/share/spex_rover/hook/cmake_prefix_path.sh'
[14.418s] Level 1:colcon.colcon_core.environment:checking '/workspaces/spex_rover/install/spex_rover/bin'
[14.421s] Level 1:colcon.colcon_core.environment:checking '/workspaces/spex_rover/install/spex_rover/lib/pkgconfig/spex_rover.pc'
[14.423s] Level 1:colcon.colcon_core.environment:checking '/workspaces/spex_rover/install/spex_rover/lib/python3.8/site-packages'
[14.429s] INFO:colcon.colcon_core.shell:Creating package script '/workspaces/spex_rover/install/spex_rover/share/spex_rover/package.ps1'
[14.441s] INFO:colcon.colcon_core.shell:Creating package descriptor '/workspaces/spex_rover/install/spex_rover/share/spex_rover/package.dsv'
[14.450s] INFO:colcon.colcon_core.shell:Creating package script '/workspaces/spex_rover/install/spex_rover/share/spex_rover/package.sh'
[14.460s] INFO:colcon.colcon_core.shell:Creating package script '/workspaces/spex_rover/install/spex_rover/share/spex_rover/package.bash'
[14.471s] INFO:colcon.colcon_core.shell:Creating package script '/workspaces/spex_rover/install/spex_rover/share/spex_rover/package.zsh'
[14.482s] Level 1:colcon.colcon_core.environment:create_file_with_runtime_dependencies(/workspaces/spex_rover/install/spex_rover/share/colcon-core/packages/spex_rover)
[14.876s] Level 1:colcon.colcon_core.environment:create_environment_scripts_only(spex_rover)
[14.884s] Level 1:colcon.colcon_core.environment:checking '/workspaces/spex_rover/install/spex_rover' for CMake module files
[14.912s] Level 1:colcon.colcon_core.environment:checking '/workspaces/spex_rover/install/spex_rover' for CMake config files
[14.922s] Level 1:colcon.colcon_core.shell:create_environment_hook('spex_rover', 'cmake_prefix_path')
[14.926s] INFO:colcon.colcon_core.shell:Creating environment hook '/workspaces/spex_rover/install/spex_rover/share/spex_rover/hook/cmake_prefix_path.ps1'
[14.933s] INFO:colcon.colcon_core.shell:Creating environment descriptor '/workspaces/spex_rover/install/spex_rover/share/spex_rover/hook/cmake_prefix_path.dsv'
[14.939s] INFO:colcon.colcon_core.shell:Creating environment hook '/workspaces/spex_rover/install/spex_rover/share/spex_rover/hook/cmake_prefix_path.sh'
[14.948s] Level 1:colcon.colcon_core.environment:checking '/workspaces/spex_rover/install/spex_rover/bin'
[14.950s] Level 1:colcon.colcon_core.environment:checking '/workspaces/spex_rover/install/spex_rover/lib/pkgconfig/spex_rover.pc'
[14.952s] Level 1:colcon.colcon_core.environment:checking '/workspaces/spex_rover/install/spex_rover/lib/python3.8/site-packages'
[14.957s] INFO:colcon.colcon_core.shell:Creating package script '/workspaces/spex_rover/install/spex_rover/share/spex_rover/package.ps1'
[14.966s] INFO:colcon.colcon_core.shell:Creating package descriptor '/workspaces/spex_rover/install/spex_rover/share/spex_rover/package.dsv'
[14.973s] INFO:colcon.colcon_core.shell:Creating package script '/workspaces/spex_rover/install/spex_rover/share/spex_rover/package.sh'
[14.981s] INFO:colcon.colcon_core.shell:Creating package script '/workspaces/spex_rover/install/spex_rover/share/spex_rover/package.bash'
[14.987s] INFO:colcon.colcon_core.shell:Creating package script '/workspaces/spex_rover/install/spex_rover/share/spex_rover/package.zsh'
[14.995s] Level 1:colcon.colcon_core.environment:create_file_with_runtime_dependencies(/workspaces/spex_rover/install/spex_rover/share/colcon-core/packages/spex_rover)
[15.001s] DEBUG:colcon.colcon_parallel_executor.executor.parallel:closing loop
[15.004s] DEBUG:colcon.colcon_parallel_executor.executor.parallel:loop closed
[15.006s] DEBUG:colcon.colcon_parallel_executor.executor.parallel:run_until_complete finished with '0'
[15.009s] DEBUG:colcon.colcon_core.event_reactor:joining thread
[15.050s] INFO:colcon.colcon_core.plugin_system:Skipping extension 'colcon_notification.desktop_notification.notify_send': Could not find 'notify-send'
[15.052s] INFO:colcon.colcon_core.plugin_system:Skipping extension 'colcon_notification.desktop_notification.terminal_notifier': Not used on non-Darwin systems
[15.054s] INFO:colcon.colcon_core.plugin_system:Skipping extension 'colcon_notification.desktop_notification.win32': Not used on non-Windows systems
[15.055s] INFO:colcon.colcon_notification.desktop_notification:Sending desktop notification using 'notify2'
[15.059s] DEBUG:colcon.colcon_notification.desktop_notification.notify2:Failed to initialize notify2: org.freedesktop.DBus.Error.NotSupported: Unable to autolaunch a dbus-daemon without a $DISPLAY for X11
[15.060s] DEBUG:colcon.colcon_core.event_reactor:joined thread
[15.065s] INFO:colcon.colcon_core.shell:Creating prefix script '/workspaces/spex_rover/install/local_setup.ps1'
[15.077s] INFO:colcon.colcon_core.shell:Creating prefix util module '/workspaces/spex_rover/install/_local_setup_util_ps1.py'
[15.092s] INFO:colcon.colcon_core.shell:Creating prefix chain script '/workspaces/spex_rover/install/setup.ps1'
[15.105s] INFO:colcon.colcon_core.shell:Creating prefix script '/workspaces/spex_rover/install/local_setup.sh'
[15.115s] INFO:colcon.colcon_core.shell:Creating prefix util module '/workspaces/spex_rover/install/_local_setup_util_sh.py'
[15.123s] INFO:colcon.colcon_core.shell:Creating prefix chain script '/workspaces/spex_rover/install/setup.sh'
[15.138s] INFO:colcon.colcon_core.shell:Creating prefix script '/workspaces/spex_rover/install/local_setup.bash'
[15.146s] INFO:colcon.colcon_core.shell:Creating prefix chain script '/workspaces/spex_rover/install/setup.bash'
[15.157s] INFO:colcon.colcon_core.shell:Creating prefix script '/workspaces/spex_rover/install/local_setup.zsh'
[15.166s] INFO:colcon.colcon_core.shell:Creating prefix chain script '/workspaces/spex_rover/install/setup.zsh'
