[0.269s] Invoking command in '/workspaces/spex_rover/build/spex_rover': CMAKE_PREFIX_PATH=/opt/ros/galactic /usr/bin/cmake --build /workspaces/spex_rover/build/spex_rover -- -j4 -l4
[1.020s] Invoked command in '/workspaces/spex_rover/build/spex_rover' returned '0': CMAKE_PREFIX_PATH=/opt/ros/galactic /usr/bin/cmake --build /workspaces/spex_rover/build/spex_rover -- -j4 -l4
[1.721s] Invoking command in '/workspaces/spex_rover/build/spex_rover': CMAKE_PREFIX_PATH=/opt/ros/galactic /usr/bin/cmake --install /workspaces/spex_rover/build/spex_rover
[1.887s] -- Install configuration: ""
[1.896s] -- Up-to-date: /workspaces/spex_rover/install/spex_rover/share/ament_index/resource_index/package_run_dependencies/spex_rover
[1.907s] -- Up-to-date: /workspaces/spex_rover/install/spex_rover/share/ament_index/resource_index/parent_prefix_path/spex_rover
[1.918s] -- Up-to-date: /workspaces/spex_rover/install/spex_rover/share/spex_rover/environment/ament_prefix_path.sh
[1.924s] -- Up-to-date: /workspaces/spex_rover/install/spex_rover/share/spex_rover/environment/ament_prefix_path.dsv
[1.935s] -- Up-to-date: /workspaces/spex_rover/install/spex_rover/share/spex_rover/environment/path.sh
[1.940s] -- Up-to-date: /workspaces/spex_rover/install/spex_rover/share/spex_rover/environment/path.dsv
[1.945s] -- Up-to-date: /workspaces/spex_rover/install/spex_rover/share/spex_rover/local_setup.bash
[1.951s] -- Up-to-date: /workspaces/spex_rover/install/spex_rover/share/spex_rover/local_setup.sh
[1.967s] -- Up-to-date: /workspaces/spex_rover/install/spex_rover/share/spex_rover/local_setup.zsh
[1.977s] -- Up-to-date: /workspaces/spex_rover/install/spex_rover/share/spex_rover/local_setup.dsv
[1.988s] -- Installing: /workspaces/spex_rover/install/spex_rover/share/spex_rover/package.dsv
[1.996s] -- Up-to-date: /workspaces/spex_rover/install/spex_rover/share/ament_index/resource_index/packages/spex_rover
[2.013s] -- Up-to-date: /workspaces/spex_rover/install/spex_rover/share/spex_rover/cmake/spex_roverConfig.cmake
[2.018s] -- Up-to-date: /workspaces/spex_rover/install/spex_rover/share/spex_rover/cmake/spex_roverConfig-version.cmake
[2.027s] -- Up-to-date: /workspaces/spex_rover/install/spex_rover/share/spex_rover/package.xml
[2.039s] Invoked command in '/workspaces/spex_rover/build/spex_rover' returned '0': CMAKE_PREFIX_PATH=/opt/ros/galactic /usr/bin/cmake --install /workspaces/spex_rover/build/spex_rover
