[0.448s] Invoking command in '/workspaces/spex_rover/build/rplidar_ros': CMAKE_PREFIX_PATH=/opt/ros/galactic /usr/bin/cmake --build /workspaces/spex_rover/build/rplidar_ros -- -j4 -l4
[11.243s] [100%] Built target rplidar_node
[11.474s] Invoked command in '/workspaces/spex_rover/build/rplidar_ros' returned '0': CMAKE_PREFIX_PATH=/opt/ros/galactic /usr/bin/cmake --build /workspaces/spex_rover/build/rplidar_ros -- -j4 -l4
[12.974s] Invoking command in '/workspaces/spex_rover/build/rplidar_ros': CMAKE_PREFIX_PATH=/opt/ros/galactic /usr/bin/cmake --install /workspaces/spex_rover/build/rplidar_ros
[13.105s] -- Install configuration: ""
[13.146s] -- Up-to-date: /workspaces/spex_rover/install/rplidar_ros/lib/rplidar_ros/rplidar_node
[13.156s] -- Up-to-date: /workspaces/spex_rover/install/rplidar_ros/share/rplidar_ros//launch
[13.167s] -- Up-to-date: /workspaces/spex_rover/install/rplidar_ros/share/rplidar_ros//launch/rplidar.launch
[13.200s] -- Up-to-date: /workspaces/spex_rover/install/rplidar_ros/share/rplidar_ros//launch/rplidar_a3.launch
[13.210s] -- Up-to-date: /workspaces/spex_rover/install/rplidar_ros/share/rplidar_ros//launch/rplidar_s1.launch
[13.215s] -- Up-to-date: /workspaces/spex_rover/install/rplidar_ros/share/rplidar_ros//launch/rplidar_s1_tcp.launch
[13.220s] -- Up-to-date: /workspaces/spex_rover/install/rplidar_ros/share/rplidar_ros//launch/test_rplidar.launch
[13.226s] -- Up-to-date: /workspaces/spex_rover/install/rplidar_ros/share/rplidar_ros//launch/test_rplidar_a3.launch
[13.234s] -- Up-to-date: /workspaces/spex_rover/install/rplidar_ros/share/rplidar_ros//launch/view_rplidar.launch
[13.241s] -- Up-to-date: /workspaces/spex_rover/install/rplidar_ros/share/rplidar_ros//launch/view_rplidar_a3.launch
[13.257s] -- Up-to-date: /workspaces/spex_rover/install/rplidar_ros/share/rplidar_ros//launch/view_rplidar_s1.launch
[13.262s] -- Up-to-date: /workspaces/spex_rover/install/rplidar_ros/share/rplidar_ros//launch/view_rplidar_s1_tcp.launch
[13.270s] -- Up-to-date: /workspaces/spex_rover/install/rplidar_ros/share/rplidar_ros//rviz
[13.289s] -- Up-to-date: /workspaces/spex_rover/install/rplidar_ros/share/rplidar_ros//rviz/rplidar.rviz
[13.298s] -- Up-to-date: /workspaces/spex_rover/install/rplidar_ros/share/rplidar_ros//sdk
[13.312s] -- Up-to-date: /workspaces/spex_rover/install/rplidar_ros/share/rplidar_ros//sdk/README.txt
[13.319s] -- Up-to-date: /workspaces/spex_rover/install/rplidar_ros/share/rplidar_ros//sdk/include
[13.330s] -- Up-to-date: /workspaces/spex_rover/install/rplidar_ros/share/rplidar_ros//sdk/include/rplidar.h
[13.340s] -- Up-to-date: /workspaces/spex_rover/install/rplidar_ros/share/rplidar_ros//sdk/include/rplidar_cmd.h
[13.345s] -- Up-to-date: /workspaces/spex_rover/install/rplidar_ros/share/rplidar_ros//sdk/include/rplidar_driver.h
[13.353s] -- Up-to-date: /workspaces/spex_rover/install/rplidar_ros/share/rplidar_ros//sdk/include/rplidar_protocol.h
[13.364s] -- Up-to-date: /workspaces/spex_rover/install/rplidar_ros/share/rplidar_ros//sdk/include/rptypes.h
[13.373s] -- Up-to-date: /workspaces/spex_rover/install/rplidar_ros/share/rplidar_ros//sdk/src
[13.379s] -- Up-to-date: /workspaces/spex_rover/install/rplidar_ros/share/rplidar_ros//sdk/src/arch
[13.388s] -- Up-to-date: /workspaces/spex_rover/install/rplidar_ros/share/rplidar_ros//sdk/src/arch/linux
[13.395s] -- Up-to-date: /workspaces/spex_rover/install/rplidar_ros/share/rplidar_ros//sdk/src/arch/linux/arch_linux.h
[13.407s] -- Up-to-date: /workspaces/spex_rover/install/rplidar_ros/share/rplidar_ros//sdk/src/arch/linux/net_serial.cpp
[13.432s] -- Up-to-date: /workspaces/spex_rover/install/rplidar_ros/share/rplidar_ros//sdk/src/arch/linux/net_serial.h
[13.437s] -- Up-to-date: /workspaces/spex_rover/install/rplidar_ros/share/rplidar_ros//sdk/src/arch/linux/net_socket.cpp
[13.442s] -- Up-to-date: /workspaces/spex_rover/install/rplidar_ros/share/rplidar_ros//sdk/src/arch/linux/thread.hpp
[13.447s] -- Up-to-date: /workspaces/spex_rover/install/rplidar_ros/share/rplidar_ros//sdk/src/arch/linux/timer.cpp
[13.452s] -- Up-to-date: /workspaces/spex_rover/install/rplidar_ros/share/rplidar_ros//sdk/src/arch/linux/timer.h
[13.460s] -- Up-to-date: /workspaces/spex_rover/install/rplidar_ros/share/rplidar_ros//sdk/src/arch/macOS
[13.466s] -- Up-to-date: /workspaces/spex_rover/install/rplidar_ros/share/rplidar_ros//sdk/src/arch/macOS/arch_macOS.h
[13.470s] -- Up-to-date: /workspaces/spex_rover/install/rplidar_ros/share/rplidar_ros//sdk/src/arch/macOS/net_serial.cpp
[13.475s] -- Up-to-date: /workspaces/spex_rover/install/rplidar_ros/share/rplidar_ros//sdk/src/arch/macOS/net_serial.h
[13.480s] -- Up-to-date: /workspaces/spex_rover/install/rplidar_ros/share/rplidar_ros//sdk/src/arch/macOS/net_socket.cpp
[13.487s] -- Up-to-date: /workspaces/spex_rover/install/rplidar_ros/share/rplidar_ros//sdk/src/arch/macOS/thread.hpp
[13.493s] -- Up-to-date: /workspaces/spex_rover/install/rplidar_ros/share/rplidar_ros//sdk/src/arch/macOS/timer.cpp
[13.501s] -- Up-to-date: /workspaces/spex_rover/install/rplidar_ros/share/rplidar_ros//sdk/src/arch/macOS/timer.h
[13.516s] -- Up-to-date: /workspaces/spex_rover/install/rplidar_ros/share/rplidar_ros//sdk/src/arch/win32
[13.523s] -- Up-to-date: /workspaces/spex_rover/install/rplidar_ros/share/rplidar_ros//sdk/src/arch/win32/arch_win32.h
[13.528s] -- Up-to-date: /workspaces/spex_rover/install/rplidar_ros/share/rplidar_ros//sdk/src/arch/win32/net_serial.cpp
[13.533s] -- Up-to-date: /workspaces/spex_rover/install/rplidar_ros/share/rplidar_ros//sdk/src/arch/win32/net_serial.h
[13.539s] -- Up-to-date: /workspaces/spex_rover/install/rplidar_ros/share/rplidar_ros//sdk/src/arch/win32/net_socket.cpp
[13.546s] -- Up-to-date: /workspaces/spex_rover/install/rplidar_ros/share/rplidar_ros//sdk/src/arch/win32/timer.cpp
[13.552s] -- Up-to-date: /workspaces/spex_rover/install/rplidar_ros/share/rplidar_ros//sdk/src/arch/win32/timer.h
[13.561s] -- Up-to-date: /workspaces/spex_rover/install/rplidar_ros/share/rplidar_ros//sdk/src/arch/win32/winthread.hpp
[13.586s] -- Up-to-date: /workspaces/spex_rover/install/rplidar_ros/share/rplidar_ros//sdk/src/hal
[13.593s] -- Up-to-date: /workspaces/spex_rover/install/rplidar_ros/share/rplidar_ros//sdk/src/hal/abs_rxtx.h
[13.600s] -- Up-to-date: /workspaces/spex_rover/install/rplidar_ros/share/rplidar_ros//sdk/src/hal/assert.h
[13.606s] -- Up-to-date: /workspaces/spex_rover/install/rplidar_ros/share/rplidar_ros//sdk/src/hal/byteops.h
[13.621s] -- Up-to-date: /workspaces/spex_rover/install/rplidar_ros/share/rplidar_ros//sdk/src/hal/event.h
[13.627s] -- Up-to-date: /workspaces/spex_rover/install/rplidar_ros/share/rplidar_ros//sdk/src/hal/locker.h
[13.633s] -- Up-to-date: /workspaces/spex_rover/install/rplidar_ros/share/rplidar_ros//sdk/src/hal/socket.h
[13.639s] -- Up-to-date: /workspaces/spex_rover/install/rplidar_ros/share/rplidar_ros//sdk/src/hal/thread.cpp
[13.646s] -- Up-to-date: /workspaces/spex_rover/install/rplidar_ros/share/rplidar_ros//sdk/src/hal/thread.h
[13.651s] -- Up-to-date: /workspaces/spex_rover/install/rplidar_ros/share/rplidar_ros//sdk/src/hal/types.h
[13.656s] -- Up-to-date: /workspaces/spex_rover/install/rplidar_ros/share/rplidar_ros//sdk/src/hal/util.h
[13.661s] -- Up-to-date: /workspaces/spex_rover/install/rplidar_ros/share/rplidar_ros//sdk/src/rplidar_driver.cpp
[13.664s] -- Up-to-date: /workspaces/spex_rover/install/rplidar_ros/share/rplidar_ros//sdk/src/rplidar_driver_TCP.h
[13.692s] -- Up-to-date: /workspaces/spex_rover/install/rplidar_ros/share/rplidar_ros//sdk/src/rplidar_driver_impl.h
[13.700s] -- Up-to-date: /workspaces/spex_rover/install/rplidar_ros/share/rplidar_ros//sdk/src/rplidar_driver_serial.h
[13.706s] -- Up-to-date: /workspaces/spex_rover/install/rplidar_ros/share/rplidar_ros//sdk/src/sdkcommon.h
[13.720s] -- Up-to-date: /workspaces/spex_rover/install/rplidar_ros/share/ament_index/resource_index/package_run_dependencies/rplidar_ros
[13.726s] -- Up-to-date: /workspaces/spex_rover/install/rplidar_ros/share/ament_index/resource_index/parent_prefix_path/rplidar_ros
[13.731s] -- Up-to-date: /workspaces/spex_rover/install/rplidar_ros/share/rplidar_ros/environment/ament_prefix_path.sh
[13.742s] -- Up-to-date: /workspaces/spex_rover/install/rplidar_ros/share/rplidar_ros/environment/ament_prefix_path.dsv
[13.749s] -- Up-to-date: /workspaces/spex_rover/install/rplidar_ros/share/rplidar_ros/environment/path.sh
[13.754s] -- Up-to-date: /workspaces/spex_rover/install/rplidar_ros/share/rplidar_ros/environment/path.dsv
[13.758s] -- Up-to-date: /workspaces/spex_rover/install/rplidar_ros/share/rplidar_ros/local_setup.bash
[13.767s] -- Up-to-date: /workspaces/spex_rover/install/rplidar_ros/share/rplidar_ros/local_setup.sh
[13.777s] -- Up-to-date: /workspaces/spex_rover/install/rplidar_ros/share/rplidar_ros/local_setup.zsh
[13.782s] -- Up-to-date: /workspaces/spex_rover/install/rplidar_ros/share/rplidar_ros/local_setup.dsv
[13.790s] -- Installing: /workspaces/spex_rover/install/rplidar_ros/share/rplidar_ros/package.dsv
[13.797s] -- Up-to-date: /workspaces/spex_rover/install/rplidar_ros/share/ament_index/resource_index/packages/rplidar_ros
[13.811s] -- Up-to-date: /workspaces/spex_rover/install/rplidar_ros/share/rplidar_ros/cmake/rplidar_rosConfig.cmake
[13.821s] -- Up-to-date: /workspaces/spex_rover/install/rplidar_ros/share/rplidar_ros/cmake/rplidar_rosConfig-version.cmake
[13.825s] -- Up-to-date: /workspaces/spex_rover/install/rplidar_ros/share/rplidar_ros/package.xml
[13.830s] Invoked command in '/workspaces/spex_rover/build/rplidar_ros' returned '0': CMAKE_PREFIX_PATH=/opt/ros/galactic /usr/bin/cmake --install /workspaces/spex_rover/build/rplidar_ros
