[0.171s] Invoking command in '/workspaces/spex_rover/build/spex_rover': CMAKE_PREFIX_PATH=${CMAKE_PREFIX_PATH}:/opt/ros/galactic /usr/bin/cmake /workspaces/spex_rover/src/spex_rover -DCMAKE_INSTALL_PREFIX=/workspaces/spex_rover/install/spex_rover
[1.402s] -- The C compiler identification is GNU 9.3.0
[2.440s] -- The CXX compiler identification is GNU 9.3.0
[2.546s] -- Check for working C compiler: /usr/bin/cc
[4.075s] -- Check for working C compiler: /usr/bin/cc -- works
[4.083s] -- Detecting C compiler ABI info
[5.570s] -- Detecting C compiler ABI info - done
[5.708s] -- Detecting C compile features
[5.713s] -- Detecting C compile features - done
[5.781s] -- Check for working CXX compiler: /usr/bin/c++
[7.295s] -- Check for working CXX compiler: /usr/bin/c++ -- works
[7.304s] -- Detecting CXX compiler ABI info
[8.818s] -- Detecting CXX compiler ABI info - done
[8.928s] -- Detecting CXX compile features
[8.935s] -- Detecting CXX compile features - done
[9.027s] -- Found ament_cmake: 1.1.4 (/opt/ros/galactic/share/ament_cmake/cmake)
[9.346s] -- Found PythonInterp: /usr/bin/python3 (found suitable version "3.8.10", minimum required is "3") 
[9.351s] -- Using PYTHON_EXECUTABLE: /usr/bin/python3
[10.165s] -- Found ament_lint_auto: 0.10.6 (/opt/ros/galactic/share/ament_lint_auto/cmake)
[11.023s] -- Added test 'copyright' to check source files copyright and LICENSE
[11.062s] -- Added test 'lint_cmake' to check CMake code style
[11.078s] -- Added test 'xmllint' to check XML markup files
[11.195s] -- Configuring done
[11.424s] -- Generating done
[11.501s] -- Build files have been written to: /workspaces/spex_rover/build/spex_rover
[11.522s] Invoked command in '/workspaces/spex_rover/build/spex_rover' returned '0': CMAKE_PREFIX_PATH=${CMAKE_PREFIX_PATH}:/opt/ros/galactic /usr/bin/cmake /workspaces/spex_rover/src/spex_rover -DCMAKE_INSTALL_PREFIX=/workspaces/spex_rover/install/spex_rover
[11.541s] Invoking command in '/workspaces/spex_rover/build/spex_rover': CMAKE_PREFIX_PATH=${CMAKE_PREFIX_PATH}:/opt/ros/galactic /usr/bin/cmake --build /workspaces/spex_rover/build/spex_rover -- -j4 -l4
[11.958s] Invoked command in '/workspaces/spex_rover/build/spex_rover' returned '0': CMAKE_PREFIX_PATH=${CMAKE_PREFIX_PATH}:/opt/ros/galactic /usr/bin/cmake --build /workspaces/spex_rover/build/spex_rover -- -j4 -l4
[12.397s] Invoking command in '/workspaces/spex_rover/build/spex_rover': CMAKE_PREFIX_PATH=${CMAKE_PREFIX_PATH}:/opt/ros/galactic /usr/bin/cmake --install /workspaces/spex_rover/build/spex_rover
[12.476s] -- Install configuration: ""
[12.501s] -- Installing: /workspaces/spex_rover/install/spex_rover/share/ament_index/resource_index/package_run_dependencies/spex_rover
[12.533s] -- Installing: /workspaces/spex_rover/install/spex_rover/share/ament_index/resource_index/parent_prefix_path/spex_rover
[12.565s] -- Installing: /workspaces/spex_rover/install/spex_rover/share/spex_rover/environment/ament_prefix_path.sh
[12.586s] -- Installing: /workspaces/spex_rover/install/spex_rover/share/spex_rover/environment/ament_prefix_path.dsv
[12.612s] -- Installing: /workspaces/spex_rover/install/spex_rover/share/spex_rover/environment/path.sh
[12.633s] -- Installing: /workspaces/spex_rover/install/spex_rover/share/spex_rover/environment/path.dsv
[12.653s] -- Installing: /workspaces/spex_rover/install/spex_rover/share/spex_rover/local_setup.bash
[12.679s] -- Installing: /workspaces/spex_rover/install/spex_rover/share/spex_rover/local_setup.sh
[12.703s] -- Installing: /workspaces/spex_rover/install/spex_rover/share/spex_rover/local_setup.zsh
[12.729s] -- Installing: /workspaces/spex_rover/install/spex_rover/share/spex_rover/local_setup.dsv
[12.751s] -- Installing: /workspaces/spex_rover/install/spex_rover/share/spex_rover/package.dsv
[12.778s] -- Installing: /workspaces/spex_rover/install/spex_rover/share/ament_index/resource_index/packages/spex_rover
[12.809s] -- Installing: /workspaces/spex_rover/install/spex_rover/share/spex_rover/cmake/spex_roverConfig.cmake
[12.835s] -- Installing: /workspaces/spex_rover/install/spex_rover/share/spex_rover/cmake/spex_roverConfig-version.cmake
[12.861s] -- Installing: /workspaces/spex_rover/install/spex_rover/share/spex_rover/package.xml
[12.901s] Invoked command in '/workspaces/spex_rover/build/spex_rover' returned '0': CMAKE_PREFIX_PATH=${CMAKE_PREFIX_PATH}:/opt/ros/galactic /usr/bin/cmake --install /workspaces/spex_rover/build/spex_rover
