[0.845s] DEBUG:colcon:Command line arguments: ['/usr/bin/colcon', 'build']
[0.848s] DEBUG:colcon:Parsed command line arguments: Namespace(allow_overriding=[], ament_cmake_args=None, base_paths=['.'], build_base='build', catkin_cmake_args=None, catkin_skip_building_tests=False, cmake_args=None, cmake_clean_cache=False, cmake_clean_first=False, cmake_force_configure=False, cmake_target=None, cmake_target_skip_unavailable=False, continue_on_error=False, event_handlers=None, executor='parallel', ignore_user_meta=False, install_base='install', log_base=None, log_level=None, main=<bound method BuildVerb.main of <colcon_core.verb.build.BuildVerb object at 0x4002387190>>, merge_install=False, metas=['./colcon.meta'], packages_above=None, packages_above_and_dependencies=None, packages_above_depth=None, packages_end=None, packages_ignore=None, packages_ignore_regex=None, packages_select=None, packages_select_build_failed=False, packages_select_by_dep=None, packages_select_regex=None, packages_select_test_failures=False, packages_skip=None, packages_skip_build_finished=False, packages_skip_by_dep=None, packages_skip_regex=None, packages_skip_test_passed=False, packages_skip_up_to=None, packages_start=None, packages_up_to=None, packages_up_to_regex=None, parallel_workers=4, paths=None, symlink_install=False, test_result_base=None, verb_extension=<colcon_core.verb.build.BuildVerb object at 0x4002387190>, verb_name='build', verb_parser=<colcon_defaults.argument_parser.defaults.DefaultArgumentsDecorator object at 0x40023876d0>)
[0.898s] Level 1:colcon.colcon_core.package_discovery:discover_packages(colcon_meta) check parameters
[0.901s] Level 1:colcon.colcon_core.package_discovery:discover_packages(recursive) check parameters
[0.903s] Level 1:colcon.colcon_core.package_discovery:discover_packages(ignore) check parameters
[0.904s] Level 1:colcon.colcon_core.package_discovery:discover_packages(path) check parameters
[0.905s] Level 1:colcon.colcon_core.package_discovery:discover_packages(colcon_meta) discover
[0.906s] Level 1:colcon.colcon_core.package_discovery:discover_packages(recursive) discover
[0.908s] INFO:colcon.colcon_core.package_discovery:Crawling recursively for packages in '/workspaces/spex_urc_rover'
[0.918s] Level 1:colcon.colcon_core.package_identification:_identify(.) by extensions ['ignore', 'ignore_ament_install']
[0.920s] Level 1:colcon.colcon_core.package_identification:_identify(.) by extension 'ignore'
[0.922s] Level 1:colcon.colcon_core.package_identification:_identify(.) by extension 'ignore_ament_install'
[0.924s] Level 1:colcon.colcon_core.package_identification:_identify(.) by extensions ['colcon_pkg']
[0.925s] Level 1:colcon.colcon_core.package_identification:_identify(.) by extension 'colcon_pkg'
[0.927s] Level 1:colcon.colcon_core.package_identification:_identify(.) by extensions ['colcon_meta']
[0.928s] Level 1:colcon.colcon_core.package_identification:_identify(.) by extension 'colcon_meta'
[0.930s] Level 1:colcon.colcon_core.package_identification:_identify(.) by extensions ['ros']
[0.931s] Level 1:colcon.colcon_core.package_identification:_identify(.) by extension 'ros'
[0.989s] Level 1:colcon.colcon_core.package_identification:_identify(.) by extensions ['cmake', 'python']
[0.990s] Level 1:colcon.colcon_core.package_identification:_identify(.) by extension 'cmake'
[0.993s] Level 1:colcon.colcon_core.package_identification:_identify(.) by extension 'python'
[0.996s] Level 1:colcon.colcon_core.package_identification:_identify(.) by extensions ['python_setup_py']
[0.997s] Level 1:colcon.colcon_core.package_identification:_identify(.) by extension 'python_setup_py'
[1.002s] Level 1:colcon.colcon_core.package_identification:_identify(build) by extensions ['ignore', 'ignore_ament_install']
[1.004s] Level 1:colcon.colcon_core.package_identification:_identify(build) by extension 'ignore'
[1.005s] Level 1:colcon.colcon_core.package_identification:_identify(build) ignored
[1.010s] Level 1:colcon.colcon_core.package_identification:_identify(install) by extensions ['ignore', 'ignore_ament_install']
[1.012s] Level 1:colcon.colcon_core.package_identification:_identify(install) by extension 'ignore'
[1.014s] Level 1:colcon.colcon_core.package_identification:_identify(install) ignored
[1.021s] Level 1:colcon.colcon_core.package_identification:_identify(log) by extensions ['ignore', 'ignore_ament_install']
[1.023s] Level 1:colcon.colcon_core.package_identification:_identify(log) by extension 'ignore'
[1.024s] Level 1:colcon.colcon_core.package_identification:_identify(log) ignored
[1.026s] Level 1:colcon.colcon_core.package_identification:_identify(rover_bringup) by extensions ['ignore', 'ignore_ament_install']
[1.028s] Level 1:colcon.colcon_core.package_identification:_identify(rover_bringup) by extension 'ignore'
[1.031s] Level 1:colcon.colcon_core.package_identification:_identify(rover_bringup) by extension 'ignore_ament_install'
[1.034s] Level 1:colcon.colcon_core.package_identification:_identify(rover_bringup) by extensions ['colcon_pkg']
[1.035s] Level 1:colcon.colcon_core.package_identification:_identify(rover_bringup) by extension 'colcon_pkg'
[1.037s] Level 1:colcon.colcon_core.package_identification:_identify(rover_bringup) by extensions ['colcon_meta']
[1.038s] Level 1:colcon.colcon_core.package_identification:_identify(rover_bringup) by extension 'colcon_meta'
[1.040s] Level 1:colcon.colcon_core.package_identification:_identify(rover_bringup) by extensions ['ros']
[1.041s] Level 1:colcon.colcon_core.package_identification:_identify(rover_bringup) by extension 'ros'
[1.046s] Level 1:colcon.colcon_core.package_identification:_identify(rover_bringup) by extensions ['cmake', 'python']
[1.047s] Level 1:colcon.colcon_core.package_identification:_identify(rover_bringup) by extension 'cmake'
[1.049s] Level 1:colcon.colcon_core.package_identification:_identify(rover_bringup) by extension 'python'
[1.052s] Level 1:colcon.colcon_core.package_identification:_identify(rover_bringup) by extensions ['python_setup_py']
[1.053s] Level 1:colcon.colcon_core.package_identification:_identify(rover_bringup) by extension 'python_setup_py'
[1.056s] Level 1:colcon.colcon_core.package_identification:_identify(rover_bringup/config) by extensions ['ignore', 'ignore_ament_install']
[1.057s] Level 1:colcon.colcon_core.package_identification:_identify(rover_bringup/config) by extension 'ignore'
[1.060s] Level 1:colcon.colcon_core.package_identification:_identify(rover_bringup/config) by extension 'ignore_ament_install'
[1.063s] Level 1:colcon.colcon_core.package_identification:_identify(rover_bringup/config) by extensions ['colcon_pkg']
[1.063s] Level 1:colcon.colcon_core.package_identification:_identify(rover_bringup/config) by extension 'colcon_pkg'
[1.066s] Level 1:colcon.colcon_core.package_identification:_identify(rover_bringup/config) by extensions ['colcon_meta']
[1.067s] Level 1:colcon.colcon_core.package_identification:_identify(rover_bringup/config) by extension 'colcon_meta'
[1.068s] Level 1:colcon.colcon_core.package_identification:_identify(rover_bringup/config) by extensions ['ros']
[1.070s] Level 1:colcon.colcon_core.package_identification:_identify(rover_bringup/config) by extension 'ros'
[1.075s] Level 1:colcon.colcon_core.package_identification:_identify(rover_bringup/config) by extensions ['cmake', 'python']
[1.076s] Level 1:colcon.colcon_core.package_identification:_identify(rover_bringup/config) by extension 'cmake'
[1.078s] Level 1:colcon.colcon_core.package_identification:_identify(rover_bringup/config) by extension 'python'
[1.081s] Level 1:colcon.colcon_core.package_identification:_identify(rover_bringup/config) by extensions ['python_setup_py']
[1.082s] Level 1:colcon.colcon_core.package_identification:_identify(rover_bringup/config) by extension 'python_setup_py'
[1.085s] Level 1:colcon.colcon_core.package_identification:_identify(rover_bringup/launch) by extensions ['ignore', 'ignore_ament_install']
[1.087s] Level 1:colcon.colcon_core.package_identification:_identify(rover_bringup/launch) by extension 'ignore'
[1.089s] Level 1:colcon.colcon_core.package_identification:_identify(rover_bringup/launch) by extension 'ignore_ament_install'
[1.094s] Level 1:colcon.colcon_core.package_identification:_identify(rover_bringup/launch) by extensions ['colcon_pkg']
[1.095s] Level 1:colcon.colcon_core.package_identification:_identify(rover_bringup/launch) by extension 'colcon_pkg'
[1.097s] Level 1:colcon.colcon_core.package_identification:_identify(rover_bringup/launch) by extensions ['colcon_meta']
[1.099s] Level 1:colcon.colcon_core.package_identification:_identify(rover_bringup/launch) by extension 'colcon_meta'
[1.100s] Level 1:colcon.colcon_core.package_identification:_identify(rover_bringup/launch) by extensions ['ros']
[1.101s] Level 1:colcon.colcon_core.package_identification:_identify(rover_bringup/launch) by extension 'ros'
[1.107s] Level 1:colcon.colcon_core.package_identification:_identify(rover_bringup/launch) by extensions ['cmake', 'python']
[1.108s] Level 1:colcon.colcon_core.package_identification:_identify(rover_bringup/launch) by extension 'cmake'
[1.110s] Level 1:colcon.colcon_core.package_identification:_identify(rover_bringup/launch) by extension 'python'
[1.112s] Level 1:colcon.colcon_core.package_identification:_identify(rover_bringup/launch) by extensions ['python_setup_py']
[1.114s] Level 1:colcon.colcon_core.package_identification:_identify(rover_bringup/launch) by extension 'python_setup_py'
[1.117s] Level 1:colcon.colcon_core.package_identification:_identify(rover_controllers) by extensions ['ignore', 'ignore_ament_install']
[1.119s] Level 1:colcon.colcon_core.package_identification:_identify(rover_controllers) by extension 'ignore'
[1.122s] Level 1:colcon.colcon_core.package_identification:_identify(rover_controllers) by extension 'ignore_ament_install'
[1.126s] Level 1:colcon.colcon_core.package_identification:_identify(rover_controllers) by extensions ['colcon_pkg']
[1.128s] Level 1:colcon.colcon_core.package_identification:_identify(rover_controllers) by extension 'colcon_pkg'
[1.131s] Level 1:colcon.colcon_core.package_identification:_identify(rover_controllers) by extensions ['colcon_meta']
[1.132s] Level 1:colcon.colcon_core.package_identification:_identify(rover_controllers) by extension 'colcon_meta'
[1.133s] Level 1:colcon.colcon_core.package_identification:_identify(rover_controllers) by extensions ['ros']
[1.134s] Level 1:colcon.colcon_core.package_identification:_identify(rover_controllers) by extension 'ros'
[1.140s] Level 1:colcon.colcon_core.package_identification:_identify(rover_controllers) by extensions ['cmake', 'python']
[1.141s] Level 1:colcon.colcon_core.package_identification:_identify(rover_controllers) by extension 'cmake'
[1.143s] Level 1:colcon.colcon_core.package_identification:_identify(rover_controllers) by extension 'python'
[1.145s] Level 1:colcon.colcon_core.package_identification:_identify(rover_controllers) by extensions ['python_setup_py']
[1.147s] Level 1:colcon.colcon_core.package_identification:_identify(rover_controllers) by extension 'python_setup_py'
[1.150s] Level 1:colcon.colcon_core.package_identification:_identify(rover_controllers/src) by extensions ['ignore', 'ignore_ament_install']
[1.152s] Level 1:colcon.colcon_core.package_identification:_identify(rover_controllers/src) by extension 'ignore'
[1.155s] Level 1:colcon.colcon_core.package_identification:_identify(rover_controllers/src) by extension 'ignore_ament_install'
[1.158s] Level 1:colcon.colcon_core.package_identification:_identify(rover_controllers/src) by extensions ['colcon_pkg']
[1.159s] Level 1:colcon.colcon_core.package_identification:_identify(rover_controllers/src) by extension 'colcon_pkg'
[1.162s] Level 1:colcon.colcon_core.package_identification:_identify(rover_controllers/src) by extensions ['colcon_meta']
[1.164s] Level 1:colcon.colcon_core.package_identification:_identify(rover_controllers/src) by extension 'colcon_meta'
[1.166s] Level 1:colcon.colcon_core.package_identification:_identify(rover_controllers/src) by extensions ['ros']
[1.167s] Level 1:colcon.colcon_core.package_identification:_identify(rover_controllers/src) by extension 'ros'
[1.172s] Level 1:colcon.colcon_core.package_identification:_identify(rover_controllers/src) by extensions ['cmake', 'python']
[1.174s] Level 1:colcon.colcon_core.package_identification:_identify(rover_controllers/src) by extension 'cmake'
[1.177s] Level 1:colcon.colcon_core.package_identification:_identify(rover_controllers/src) by extension 'python'
[1.180s] Level 1:colcon.colcon_core.package_identification:_identify(rover_controllers/src) by extensions ['python_setup_py']
[1.181s] Level 1:colcon.colcon_core.package_identification:_identify(rover_controllers/src) by extension 'python_setup_py'
[1.183s] Level 1:colcon.colcon_core.package_identification:_identify(rover_description) by extensions ['ignore', 'ignore_ament_install']
[1.185s] Level 1:colcon.colcon_core.package_identification:_identify(rover_description) by extension 'ignore'
[1.187s] Level 1:colcon.colcon_core.package_identification:_identify(rover_description) by extension 'ignore_ament_install'
[1.191s] Level 1:colcon.colcon_core.package_identification:_identify(rover_description) by extensions ['colcon_pkg']
[1.192s] Level 1:colcon.colcon_core.package_identification:_identify(rover_description) by extension 'colcon_pkg'
[1.194s] Level 1:colcon.colcon_core.package_identification:_identify(rover_description) by extensions ['colcon_meta']
[1.195s] Level 1:colcon.colcon_core.package_identification:_identify(rover_description) by extension 'colcon_meta'
[1.196s] Level 1:colcon.colcon_core.package_identification:_identify(rover_description) by extensions ['ros']
[1.197s] Level 1:colcon.colcon_core.package_identification:_identify(rover_description) by extension 'ros'
[1.203s] Level 1:colcon.colcon_core.package_identification:_identify(rover_description) by extensions ['cmake', 'python']
[1.204s] Level 1:colcon.colcon_core.package_identification:_identify(rover_description) by extension 'cmake'
[1.206s] Level 1:colcon.colcon_core.package_identification:_identify(rover_description) by extension 'python'
[1.207s] Level 1:colcon.colcon_core.package_identification:_identify(rover_description) by extensions ['python_setup_py']
[1.208s] Level 1:colcon.colcon_core.package_identification:_identify(rover_description) by extension 'python_setup_py'
[1.213s] Level 1:colcon.colcon_core.package_identification:_identify(rover_description/config) by extensions ['ignore', 'ignore_ament_install']
[1.215s] Level 1:colcon.colcon_core.package_identification:_identify(rover_description/config) by extension 'ignore'
[1.218s] Level 1:colcon.colcon_core.package_identification:_identify(rover_description/config) by extension 'ignore_ament_install'
[1.221s] Level 1:colcon.colcon_core.package_identification:_identify(rover_description/config) by extensions ['colcon_pkg']
[1.222s] Level 1:colcon.colcon_core.package_identification:_identify(rover_description/config) by extension 'colcon_pkg'
[1.224s] Level 1:colcon.colcon_core.package_identification:_identify(rover_description/config) by extensions ['colcon_meta']
[1.225s] Level 1:colcon.colcon_core.package_identification:_identify(rover_description/config) by extension 'colcon_meta'
[1.227s] Level 1:colcon.colcon_core.package_identification:_identify(rover_description/config) by extensions ['ros']
[1.229s] Level 1:colcon.colcon_core.package_identification:_identify(rover_description/config) by extension 'ros'
[1.235s] Level 1:colcon.colcon_core.package_identification:_identify(rover_description/config) by extensions ['cmake', 'python']
[1.238s] Level 1:colcon.colcon_core.package_identification:_identify(rover_description/config) by extension 'cmake'
[1.240s] Level 1:colcon.colcon_core.package_identification:_identify(rover_description/config) by extension 'python'
[1.243s] Level 1:colcon.colcon_core.package_identification:_identify(rover_description/config) by extensions ['python_setup_py']
[1.245s] Level 1:colcon.colcon_core.package_identification:_identify(rover_description/config) by extension 'python_setup_py'
[1.248s] Level 1:colcon.colcon_core.package_identification:_identify(rover_description/launch) by extensions ['ignore', 'ignore_ament_install']
[1.250s] Level 1:colcon.colcon_core.package_identification:_identify(rover_description/launch) by extension 'ignore'
[1.253s] Level 1:colcon.colcon_core.package_identification:_identify(rover_description/launch) by extension 'ignore_ament_install'
[1.257s] Level 1:colcon.colcon_core.package_identification:_identify(rover_description/launch) by extensions ['colcon_pkg']
[1.258s] Level 1:colcon.colcon_core.package_identification:_identify(rover_description/launch) by extension 'colcon_pkg'
[1.260s] Level 1:colcon.colcon_core.package_identification:_identify(rover_description/launch) by extensions ['colcon_meta']
[1.261s] Level 1:colcon.colcon_core.package_identification:_identify(rover_description/launch) by extension 'colcon_meta'
[1.262s] Level 1:colcon.colcon_core.package_identification:_identify(rover_description/launch) by extensions ['ros']
[1.263s] Level 1:colcon.colcon_core.package_identification:_identify(rover_description/launch) by extension 'ros'
[1.268s] Level 1:colcon.colcon_core.package_identification:_identify(rover_description/launch) by extensions ['cmake', 'python']
[1.269s] Level 1:colcon.colcon_core.package_identification:_identify(rover_description/launch) by extension 'cmake'
[1.272s] Level 1:colcon.colcon_core.package_identification:_identify(rover_description/launch) by extension 'python'
[1.274s] Level 1:colcon.colcon_core.package_identification:_identify(rover_description/launch) by extensions ['python_setup_py']
[1.275s] Level 1:colcon.colcon_core.package_identification:_identify(rover_description/launch) by extension 'python_setup_py'
[1.279s] Level 1:colcon.colcon_core.package_identification:_identify(rover_description/urdf) by extensions ['ignore', 'ignore_ament_install']
[1.281s] Level 1:colcon.colcon_core.package_identification:_identify(rover_description/urdf) by extension 'ignore'
[1.284s] Level 1:colcon.colcon_core.package_identification:_identify(rover_description/urdf) by extension 'ignore_ament_install'
[1.287s] Level 1:colcon.colcon_core.package_identification:_identify(rover_description/urdf) by extensions ['colcon_pkg']
[1.289s] Level 1:colcon.colcon_core.package_identification:_identify(rover_description/urdf) by extension 'colcon_pkg'
[1.291s] Level 1:colcon.colcon_core.package_identification:_identify(rover_description/urdf) by extensions ['colcon_meta']
[1.292s] Level 1:colcon.colcon_core.package_identification:_identify(rover_description/urdf) by extension 'colcon_meta'
[1.295s] Level 1:colcon.colcon_core.package_identification:_identify(rover_description/urdf) by extensions ['ros']
[1.297s] Level 1:colcon.colcon_core.package_identification:_identify(rover_description/urdf) by extension 'ros'
[1.302s] Level 1:colcon.colcon_core.package_identification:_identify(rover_description/urdf) by extensions ['cmake', 'python']
[1.304s] Level 1:colcon.colcon_core.package_identification:_identify(rover_description/urdf) by extension 'cmake'
[1.307s] Level 1:colcon.colcon_core.package_identification:_identify(rover_description/urdf) by extension 'python'
[1.310s] Level 1:colcon.colcon_core.package_identification:_identify(rover_description/urdf) by extensions ['python_setup_py']
[1.311s] Level 1:colcon.colcon_core.package_identification:_identify(rover_description/urdf) by extension 'python_setup_py'
[1.314s] Level 1:colcon.colcon_core.package_identification:_identify(rover_documentation) by extensions ['ignore', 'ignore_ament_install']
[1.316s] Level 1:colcon.colcon_core.package_identification:_identify(rover_documentation) by extension 'ignore'
[1.320s] Level 1:colcon.colcon_core.package_identification:_identify(rover_documentation) by extension 'ignore_ament_install'
[1.323s] Level 1:colcon.colcon_core.package_identification:_identify(rover_documentation) by extensions ['colcon_pkg']
[1.325s] Level 1:colcon.colcon_core.package_identification:_identify(rover_documentation) by extension 'colcon_pkg'
[1.327s] Level 1:colcon.colcon_core.package_identification:_identify(rover_documentation) by extensions ['colcon_meta']
[1.328s] Level 1:colcon.colcon_core.package_identification:_identify(rover_documentation) by extension 'colcon_meta'
[1.329s] Level 1:colcon.colcon_core.package_identification:_identify(rover_documentation) by extensions ['ros']
[1.332s] Level 1:colcon.colcon_core.package_identification:_identify(rover_documentation) by extension 'ros'
[1.337s] Level 1:colcon.colcon_core.package_identification:_identify(rover_documentation) by extensions ['cmake', 'python']
[1.338s] Level 1:colcon.colcon_core.package_identification:_identify(rover_documentation) by extension 'cmake'
[1.340s] Level 1:colcon.colcon_core.package_identification:_identify(rover_documentation) by extension 'python'
[1.342s] Level 1:colcon.colcon_core.package_identification:_identify(rover_documentation) by extensions ['python_setup_py']
[1.343s] Level 1:colcon.colcon_core.package_identification:_identify(rover_documentation) by extension 'python_setup_py'
[1.345s] Level 1:colcon.colcon_core.package_identification:_identify(rover_hardware_interface) by extensions ['ignore', 'ignore_ament_install']
[1.347s] Level 1:colcon.colcon_core.package_identification:_identify(rover_hardware_interface) by extension 'ignore'
[1.350s] Level 1:colcon.colcon_core.package_identification:_identify(rover_hardware_interface) by extension 'ignore_ament_install'
[1.354s] Level 1:colcon.colcon_core.package_identification:_identify(rover_hardware_interface) by extensions ['colcon_pkg']
[1.356s] Level 1:colcon.colcon_core.package_identification:_identify(rover_hardware_interface) by extension 'colcon_pkg'
[1.358s] Level 1:colcon.colcon_core.package_identification:_identify(rover_hardware_interface) by extensions ['colcon_meta']
[1.360s] Level 1:colcon.colcon_core.package_identification:_identify(rover_hardware_interface) by extension 'colcon_meta'
[1.362s] Level 1:colcon.colcon_core.package_identification:_identify(rover_hardware_interface) by extensions ['ros']
[1.362s] Level 1:colcon.colcon_core.package_identification:_identify(rover_hardware_interface) by extension 'ros'
[1.368s] Level 1:colcon.colcon_core.package_identification:_identify(rover_hardware_interface) by extensions ['cmake', 'python']
[1.369s] Level 1:colcon.colcon_core.package_identification:_identify(rover_hardware_interface) by extension 'cmake'
[1.371s] Level 1:colcon.colcon_core.package_identification:_identify(rover_hardware_interface) by extension 'python'
[1.373s] Level 1:colcon.colcon_core.package_identification:_identify(rover_hardware_interface) by extensions ['python_setup_py']
[1.374s] Level 1:colcon.colcon_core.package_identification:_identify(rover_hardware_interface) by extension 'python_setup_py'
[1.377s] Level 1:colcon.colcon_core.package_identification:_identify(rover_hardware_interface/src) by extensions ['ignore', 'ignore_ament_install']
[1.378s] Level 1:colcon.colcon_core.package_identification:_identify(rover_hardware_interface/src) by extension 'ignore'
[1.380s] Level 1:colcon.colcon_core.package_identification:_identify(rover_hardware_interface/src) by extension 'ignore_ament_install'
[1.384s] Level 1:colcon.colcon_core.package_identification:_identify(rover_hardware_interface/src) by extensions ['colcon_pkg']
[1.385s] Level 1:colcon.colcon_core.package_identification:_identify(rover_hardware_interface/src) by extension 'colcon_pkg'
[1.388s] Level 1:colcon.colcon_core.package_identification:_identify(rover_hardware_interface/src) by extensions ['colcon_meta']
[1.389s] Level 1:colcon.colcon_core.package_identification:_identify(rover_hardware_interface/src) by extension 'colcon_meta'
[1.391s] Level 1:colcon.colcon_core.package_identification:_identify(rover_hardware_interface/src) by extensions ['ros']
[1.392s] Level 1:colcon.colcon_core.package_identification:_identify(rover_hardware_interface/src) by extension 'ros'
[1.398s] Level 1:colcon.colcon_core.package_identification:_identify(rover_hardware_interface/src) by extensions ['cmake', 'python']
[1.399s] Level 1:colcon.colcon_core.package_identification:_identify(rover_hardware_interface/src) by extension 'cmake'
[1.401s] Level 1:colcon.colcon_core.package_identification:_identify(rover_hardware_interface/src) by extension 'python'
[1.403s] Level 1:colcon.colcon_core.package_identification:_identify(rover_hardware_interface/src) by extensions ['python_setup_py']
[1.406s] Level 1:colcon.colcon_core.package_identification:_identify(rover_hardware_interface/src) by extension 'python_setup_py'
[1.409s] Level 1:colcon.colcon_core.package_identification:_identify(src) by extensions ['ignore', 'ignore_ament_install']
[1.411s] Level 1:colcon.colcon_core.package_identification:_identify(src) by extension 'ignore'
[1.413s] Level 1:colcon.colcon_core.package_identification:_identify(src) by extension 'ignore_ament_install'
[1.416s] Level 1:colcon.colcon_core.package_identification:_identify(src) by extensions ['colcon_pkg']
[1.417s] Level 1:colcon.colcon_core.package_identification:_identify(src) by extension 'colcon_pkg'
[1.420s] Level 1:colcon.colcon_core.package_identification:_identify(src) by extensions ['colcon_meta']
[1.420s] Level 1:colcon.colcon_core.package_identification:_identify(src) by extension 'colcon_meta'
[1.422s] Level 1:colcon.colcon_core.package_identification:_identify(src) by extensions ['ros']
[1.423s] Level 1:colcon.colcon_core.package_identification:_identify(src) by extension 'ros'
[1.428s] Level 1:colcon.colcon_core.package_identification:_identify(src) by extensions ['cmake', 'python']
[1.430s] Level 1:colcon.colcon_core.package_identification:_identify(src) by extension 'cmake'
[1.432s] Level 1:colcon.colcon_core.package_identification:_identify(src) by extension 'python'
[1.434s] Level 1:colcon.colcon_core.package_identification:_identify(src) by extensions ['python_setup_py']
[1.435s] Level 1:colcon.colcon_core.package_identification:_identify(src) by extension 'python_setup_py'
[1.438s] Level 1:colcon.colcon_core.package_discovery:discover_packages(recursive) using defaults
[1.439s] Level 1:colcon.colcon_core.package_discovery:discover_packages(ignore) discover
[1.440s] Level 1:colcon.colcon_core.package_discovery:discover_packages(ignore) using defaults
[1.442s] Level 1:colcon.colcon_core.package_discovery:discover_packages(path) discover
[1.443s] Level 1:colcon.colcon_core.package_discovery:discover_packages(path) using defaults
[1.571s] INFO:colcon.colcon_core.executor:Executing jobs using 'parallel' executor
[1.590s] DEBUG:colcon.colcon_parallel_executor.executor.parallel:run_until_complete
[1.593s] DEBUG:colcon.colcon_parallel_executor.executor.parallel:closing loop
[1.596s] DEBUG:colcon.colcon_parallel_executor.executor.parallel:loop closed
[1.599s] DEBUG:colcon.colcon_parallel_executor.executor.parallel:run_until_complete finished with '0'
[1.600s] DEBUG:colcon.colcon_core.event_reactor:joining thread
[1.639s] INFO:colcon.colcon_core.plugin_system:Skipping extension 'colcon_notification.desktop_notification.notify_send': Could not find 'notify-send'
[1.641s] INFO:colcon.colcon_core.plugin_system:Skipping extension 'colcon_notification.desktop_notification.terminal_notifier': Not used on non-Darwin systems
[1.643s] INFO:colcon.colcon_core.plugin_system:Skipping extension 'colcon_notification.desktop_notification.win32': Not used on non-Windows systems
[1.644s] INFO:colcon.colcon_notification.desktop_notification:Sending desktop notification using 'notify2'
[1.647s] DEBUG:colcon.colcon_notification.desktop_notification.notify2:Failed to initialize notify2: org.freedesktop.DBus.Error.NotSupported: Unable to autolaunch a dbus-daemon without a $DISPLAY for X11
[1.649s] DEBUG:colcon.colcon_core.event_reactor:joined thread
[1.669s] INFO:colcon.colcon_core.plugin_system:Skipping extension 'colcon_core.shell.bat': Not used on non-Windows systems
[1.672s] INFO:colcon.colcon_core.shell:Creating prefix script '/workspaces/spex_urc_rover/install/local_setup.ps1'
[1.685s] INFO:colcon.colcon_core.shell:Creating prefix util module '/workspaces/spex_urc_rover/install/_local_setup_util_ps1.py'
[1.704s] INFO:colcon.colcon_core.shell:Creating prefix chain script '/workspaces/spex_urc_rover/install/setup.ps1'
[1.716s] INFO:colcon.colcon_core.shell:Creating prefix script '/workspaces/spex_urc_rover/install/local_setup.sh'
[1.726s] INFO:colcon.colcon_core.shell:Creating prefix util module '/workspaces/spex_urc_rover/install/_local_setup_util_sh.py'
[1.737s] INFO:colcon.colcon_core.shell:Creating prefix chain script '/workspaces/spex_urc_rover/install/setup.sh'
[1.750s] INFO:colcon.colcon_core.shell:Creating prefix script '/workspaces/spex_urc_rover/install/local_setup.bash'
[1.760s] INFO:colcon.colcon_core.shell:Creating prefix chain script '/workspaces/spex_urc_rover/install/setup.bash'
[1.772s] INFO:colcon.colcon_core.shell:Creating prefix script '/workspaces/spex_urc_rover/install/local_setup.zsh'
[1.781s] INFO:colcon.colcon_core.shell:Creating prefix chain script '/workspaces/spex_urc_rover/install/setup.zsh'
