[0.275s] Invoking command in '/workspaces/spex_rover/build/rplidar_ros': CMAKE_PREFIX_PATH=${CMAKE_PREFIX_PATH}:/opt/ros/galactic /usr/bin/cmake --build /workspaces/spex_rover/build/rplidar_ros -- -j4 -l4
[1.498s] [100%] Built target rplidar_node
[1.668s] Invoked command in '/workspaces/spex_rover/build/rplidar_ros' returned '0': CMAKE_PREFIX_PATH=${CMAKE_PREFIX_PATH}:/opt/ros/galactic /usr/bin/cmake --build /workspaces/spex_rover/build/rplidar_ros -- -j4 -l4
[2.756s] Invoking command in '/workspaces/spex_rover/build/rplidar_ros': CMAKE_PREFIX_PATH=${CMAKE_PREFIX_PATH}:/opt/ros/galactic /usr/bin/cmake --install /workspaces/spex_rover/build/rplidar_ros
[2.837s] -- Install configuration: ""
[2.852s] -- Up-to-date: /workspaces/spex_rover/install/rplidar_ros/lib/rplidar_ros/rplidar_node
[2.861s] -- Up-to-date: /workspaces/spex_rover/install/rplidar_ros/share/rplidar_ros//launch
[2.865s] -- Up-to-date: /workspaces/spex_rover/install/rplidar_ros/share/rplidar_ros//launch/rplidar.launch
[2.871s] -- Up-to-date: /workspaces/spex_rover/install/rplidar_ros/share/rplidar_ros//launch/rplidar_a3.launch
[2.880s] -- Up-to-date: /workspaces/spex_rover/install/rplidar_ros/share/rplidar_ros//launch/rplidar_s1.launch
[2.886s] -- Up-to-date: /workspaces/spex_rover/install/rplidar_ros/share/rplidar_ros//launch/rplidar_s1_tcp.launch
[2.895s] -- Up-to-date: /workspaces/spex_rover/install/rplidar_ros/share/rplidar_ros//launch/test_rplidar.launch
[2.899s] -- Up-to-date: /workspaces/spex_rover/install/rplidar_ros/share/rplidar_ros//launch/test_rplidar_a3.launch
[2.906s] -- Up-to-date: /workspaces/spex_rover/install/rplidar_ros/share/rplidar_ros//launch/view_rplidar.launch
[2.911s] -- Up-to-date: /workspaces/spex_rover/install/rplidar_ros/share/rplidar_ros//launch/view_rplidar_a3.launch
[2.918s] -- Up-to-date: /workspaces/spex_rover/install/rplidar_ros/share/rplidar_ros//launch/view_rplidar_s1.launch
[2.931s] -- Up-to-date: /workspaces/spex_rover/install/rplidar_ros/share/rplidar_ros//launch/view_rplidar_s1_tcp.launch
[2.939s] -- Up-to-date: /workspaces/spex_rover/install/rplidar_ros/share/rplidar_ros//rviz
[2.945s] -- Up-to-date: /workspaces/spex_rover/install/rplidar_ros/share/rplidar_ros//rviz/rplidar.rviz
[2.951s] -- Up-to-date: /workspaces/spex_rover/install/rplidar_ros/share/rplidar_ros//sdk
[2.958s] -- Up-to-date: /workspaces/spex_rover/install/rplidar_ros/share/rplidar_ros//sdk/README.txt
[2.966s] -- Up-to-date: /workspaces/spex_rover/install/rplidar_ros/share/rplidar_ros//sdk/include
[2.973s] -- Up-to-date: /workspaces/spex_rover/install/rplidar_ros/share/rplidar_ros//sdk/include/rplidar.h
[2.991s] -- Up-to-date: /workspaces/spex_rover/install/rplidar_ros/share/rplidar_ros//sdk/include/rplidar_cmd.h
[2.999s] -- Up-to-date: /workspaces/spex_rover/install/rplidar_ros/share/rplidar_ros//sdk/include/rplidar_driver.h
[3.005s] -- Up-to-date: /workspaces/spex_rover/install/rplidar_ros/share/rplidar_ros//sdk/include/rplidar_protocol.h
[3.011s] -- Up-to-date: /workspaces/spex_rover/install/rplidar_ros/share/rplidar_ros//sdk/include/rptypes.h
[3.018s] -- Up-to-date: /workspaces/spex_rover/install/rplidar_ros/share/rplidar_ros//sdk/src
[3.024s] -- Up-to-date: /workspaces/spex_rover/install/rplidar_ros/share/rplidar_ros//sdk/src/arch
[3.028s] -- Up-to-date: /workspaces/spex_rover/install/rplidar_ros/share/rplidar_ros//sdk/src/arch/linux
[3.038s] -- Up-to-date: /workspaces/spex_rover/install/rplidar_ros/share/rplidar_ros//sdk/src/arch/linux/arch_linux.h
[3.046s] -- Up-to-date: /workspaces/spex_rover/install/rplidar_ros/share/rplidar_ros//sdk/src/arch/linux/net_serial.cpp
[3.052s] -- Up-to-date: /workspaces/spex_rover/install/rplidar_ros/share/rplidar_ros//sdk/src/arch/linux/net_serial.h
[3.059s] -- Up-to-date: /workspaces/spex_rover/install/rplidar_ros/share/rplidar_ros//sdk/src/arch/linux/net_socket.cpp
[3.068s] -- Up-to-date: /workspaces/spex_rover/install/rplidar_ros/share/rplidar_ros//sdk/src/arch/linux/thread.hpp
[3.078s] -- Up-to-date: /workspaces/spex_rover/install/rplidar_ros/share/rplidar_ros//sdk/src/arch/linux/timer.cpp
[3.093s] -- Up-to-date: /workspaces/spex_rover/install/rplidar_ros/share/rplidar_ros//sdk/src/arch/linux/timer.h
[3.102s] -- Up-to-date: /workspaces/spex_rover/install/rplidar_ros/share/rplidar_ros//sdk/src/arch/macOS
[3.107s] -- Up-to-date: /workspaces/spex_rover/install/rplidar_ros/share/rplidar_ros//sdk/src/arch/macOS/arch_macOS.h
[3.112s] -- Up-to-date: /workspaces/spex_rover/install/rplidar_ros/share/rplidar_ros//sdk/src/arch/macOS/net_serial.cpp
[3.127s] -- Up-to-date: /workspaces/spex_rover/install/rplidar_ros/share/rplidar_ros//sdk/src/arch/macOS/net_serial.h
[3.133s] -- Up-to-date: /workspaces/spex_rover/install/rplidar_ros/share/rplidar_ros//sdk/src/arch/macOS/net_socket.cpp
[3.139s] -- Up-to-date: /workspaces/spex_rover/install/rplidar_ros/share/rplidar_ros//sdk/src/arch/macOS/thread.hpp
[3.146s] -- Up-to-date: /workspaces/spex_rover/install/rplidar_ros/share/rplidar_ros//sdk/src/arch/macOS/timer.cpp
[3.154s] -- Up-to-date: /workspaces/spex_rover/install/rplidar_ros/share/rplidar_ros//sdk/src/arch/macOS/timer.h
[3.159s] -- Up-to-date: /workspaces/spex_rover/install/rplidar_ros/share/rplidar_ros//sdk/src/arch/win32
[3.167s] -- Up-to-date: /workspaces/spex_rover/install/rplidar_ros/share/rplidar_ros//sdk/src/arch/win32/arch_win32.h
[3.175s] -- Up-to-date: /workspaces/spex_rover/install/rplidar_ros/share/rplidar_ros//sdk/src/arch/win32/net_serial.cpp
[3.181s] -- Up-to-date: /workspaces/spex_rover/install/rplidar_ros/share/rplidar_ros//sdk/src/arch/win32/net_serial.h
[3.199s] -- Up-to-date: /workspaces/spex_rover/install/rplidar_ros/share/rplidar_ros//sdk/src/arch/win32/net_socket.cpp
[3.205s] -- Up-to-date: /workspaces/spex_rover/install/rplidar_ros/share/rplidar_ros//sdk/src/arch/win32/timer.cpp
[3.214s] -- Up-to-date: /workspaces/spex_rover/install/rplidar_ros/share/rplidar_ros//sdk/src/arch/win32/timer.h
[3.222s] -- Up-to-date: /workspaces/spex_rover/install/rplidar_ros/share/rplidar_ros//sdk/src/arch/win32/winthread.hpp
[3.233s] -- Up-to-date: /workspaces/spex_rover/install/rplidar_ros/share/rplidar_ros//sdk/src/hal
[3.242s] -- Up-to-date: /workspaces/spex_rover/install/rplidar_ros/share/rplidar_ros//sdk/src/hal/abs_rxtx.h
[3.254s] -- Up-to-date: /workspaces/spex_rover/install/rplidar_ros/share/rplidar_ros//sdk/src/hal/assert.h
[3.265s] -- Up-to-date: /workspaces/spex_rover/install/rplidar_ros/share/rplidar_ros//sdk/src/hal/byteops.h
[3.269s] -- Up-to-date: /workspaces/spex_rover/install/rplidar_ros/share/rplidar_ros//sdk/src/hal/event.h
[3.276s] -- Up-to-date: /workspaces/spex_rover/install/rplidar_ros/share/rplidar_ros//sdk/src/hal/locker.h
[3.283s] -- Up-to-date: /workspaces/spex_rover/install/rplidar_ros/share/rplidar_ros//sdk/src/hal/socket.h
[3.293s] -- Up-to-date: /workspaces/spex_rover/install/rplidar_ros/share/rplidar_ros//sdk/src/hal/thread.cpp
[3.300s] -- Up-to-date: /workspaces/spex_rover/install/rplidar_ros/share/rplidar_ros//sdk/src/hal/thread.h
[3.309s] -- Up-to-date: /workspaces/spex_rover/install/rplidar_ros/share/rplidar_ros//sdk/src/hal/types.h
[3.324s] -- Up-to-date: /workspaces/spex_rover/install/rplidar_ros/share/rplidar_ros//sdk/src/hal/util.h
[3.329s] -- Up-to-date: /workspaces/spex_rover/install/rplidar_ros/share/rplidar_ros//sdk/src/rplidar_driver.cpp
[3.335s] -- Up-to-date: /workspaces/spex_rover/install/rplidar_ros/share/rplidar_ros//sdk/src/rplidar_driver_TCP.h
[3.340s] -- Up-to-date: /workspaces/spex_rover/install/rplidar_ros/share/rplidar_ros//sdk/src/rplidar_driver_impl.h
[3.347s] -- Up-to-date: /workspaces/spex_rover/install/rplidar_ros/share/rplidar_ros//sdk/src/rplidar_driver_serial.h
[3.352s] -- Up-to-date: /workspaces/spex_rover/install/rplidar_ros/share/rplidar_ros//sdk/src/sdkcommon.h
[3.357s] -- Up-to-date: /workspaces/spex_rover/install/rplidar_ros/share/ament_index/resource_index/package_run_dependencies/rplidar_ros
[3.363s] -- Up-to-date: /workspaces/spex_rover/install/rplidar_ros/share/ament_index/resource_index/parent_prefix_path/rplidar_ros
[3.368s] -- Up-to-date: /workspaces/spex_rover/install/rplidar_ros/share/rplidar_ros/environment/ament_prefix_path.sh
[3.374s] -- Up-to-date: /workspaces/spex_rover/install/rplidar_ros/share/rplidar_ros/environment/ament_prefix_path.dsv
[3.380s] -- Up-to-date: /workspaces/spex_rover/install/rplidar_ros/share/rplidar_ros/environment/path.sh
[3.385s] -- Up-to-date: /workspaces/spex_rover/install/rplidar_ros/share/rplidar_ros/environment/path.dsv
[3.393s] -- Up-to-date: /workspaces/spex_rover/install/rplidar_ros/share/rplidar_ros/local_setup.bash
[3.401s] -- Up-to-date: /workspaces/spex_rover/install/rplidar_ros/share/rplidar_ros/local_setup.sh
[3.408s] -- Up-to-date: /workspaces/spex_rover/install/rplidar_ros/share/rplidar_ros/local_setup.zsh
[3.414s] -- Up-to-date: /workspaces/spex_rover/install/rplidar_ros/share/rplidar_ros/local_setup.dsv
[3.422s] -- Installing: /workspaces/spex_rover/install/rplidar_ros/share/rplidar_ros/package.dsv
[3.428s] -- Up-to-date: /workspaces/spex_rover/install/rplidar_ros/share/ament_index/resource_index/packages/rplidar_ros
[3.434s] -- Up-to-date: /workspaces/spex_rover/install/rplidar_ros/share/rplidar_ros/cmake/rplidar_rosConfig.cmake
[3.442s] -- Up-to-date: /workspaces/spex_rover/install/rplidar_ros/share/rplidar_ros/cmake/rplidar_rosConfig-version.cmake
[3.448s] -- Up-to-date: /workspaces/spex_rover/install/rplidar_ros/share/rplidar_ros/package.xml
[3.453s] Invoked command in '/workspaces/spex_rover/build/rplidar_ros' returned '0': CMAKE_PREFIX_PATH=${CMAKE_PREFIX_PATH}:/opt/ros/galactic /usr/bin/cmake --install /workspaces/spex_rover/build/rplidar_ros
