[0.264s] Invoking command in '/workspaces/spex_rover/build/spex_rover': CMAKE_PREFIX_PATH=${CMAKE_PREFIX_PATH}:/opt/ros/galactic /usr/bin/cmake --build /workspaces/spex_rover/build/spex_rover -- -j4 -l4
[0.882s] Invoked command in '/workspaces/spex_rover/build/spex_rover' returned '0': CMAKE_PREFIX_PATH=${CMAKE_PREFIX_PATH}:/opt/ros/galactic /usr/bin/cmake --build /workspaces/spex_rover/build/spex_rover -- -j4 -l4
[1.562s] Invoking command in '/workspaces/spex_rover/build/spex_rover': CMAKE_PREFIX_PATH=${CMAKE_PREFIX_PATH}:/opt/ros/galactic /usr/bin/cmake --install /workspaces/spex_rover/build/spex_rover
[1.662s] -- Install configuration: ""
[1.668s] -- Up-to-date: /workspaces/spex_rover/install/spex_rover/share/ament_index/resource_index/package_run_dependencies/spex_rover
[1.674s] -- Up-to-date: /workspaces/spex_rover/install/spex_rover/share/ament_index/resource_index/parent_prefix_path/spex_rover
[1.681s] -- Up-to-date: /workspaces/spex_rover/install/spex_rover/share/spex_rover/environment/ament_prefix_path.sh
[1.686s] -- Up-to-date: /workspaces/spex_rover/install/spex_rover/share/spex_rover/environment/ament_prefix_path.dsv
[1.695s] -- Up-to-date: /workspaces/spex_rover/install/spex_rover/share/spex_rover/environment/path.sh
[1.705s] -- Up-to-date: /workspaces/spex_rover/install/spex_rover/share/spex_rover/environment/path.dsv
[1.709s] -- Up-to-date: /workspaces/spex_rover/install/spex_rover/share/spex_rover/local_setup.bash
[1.717s] -- Up-to-date: /workspaces/spex_rover/install/spex_rover/share/spex_rover/local_setup.sh
[1.722s] -- Up-to-date: /workspaces/spex_rover/install/spex_rover/share/spex_rover/local_setup.zsh
[1.730s] -- Up-to-date: /workspaces/spex_rover/install/spex_rover/share/spex_rover/local_setup.dsv
[1.738s] -- Installing: /workspaces/spex_rover/install/spex_rover/share/spex_rover/package.dsv
[1.749s] -- Up-to-date: /workspaces/spex_rover/install/spex_rover/share/ament_index/resource_index/packages/spex_rover
[1.766s] -- Up-to-date: /workspaces/spex_rover/install/spex_rover/share/spex_rover/cmake/spex_roverConfig.cmake
[1.775s] -- Up-to-date: /workspaces/spex_rover/install/spex_rover/share/spex_rover/cmake/spex_roverConfig-version.cmake
[1.783s] -- Up-to-date: /workspaces/spex_rover/install/spex_rover/share/spex_rover/package.xml
[1.790s] Invoked command in '/workspaces/spex_rover/build/spex_rover' returned '0': CMAKE_PREFIX_PATH=${CMAKE_PREFIX_PATH}:/opt/ros/galactic /usr/bin/cmake --install /workspaces/spex_rover/build/spex_rover
