[1.013s] DEBUG:colcon:Command line arguments: ['/usr/bin/colcon', 'build']
[1.016s] DEBUG:colcon:Parsed command line arguments: Namespace(allow_overriding=[], ament_cmake_args=None, base_paths=['.'], build_base='build', catkin_cmake_args=None, catkin_skip_building_tests=False, cmake_args=None, cmake_clean_cache=False, cmake_clean_first=False, cmake_force_configure=False, cmake_target=None, cmake_target_skip_unavailable=False, continue_on_error=False, event_handlers=None, executor='parallel', ignore_user_meta=False, install_base='install', log_base=None, log_level=None, main=<bound method BuildVerb.main of <colcon_core.verb.build.BuildVerb object at 0x40022fafd0>>, merge_install=False, metas=['./colcon.meta'], packages_above=None, packages_above_and_dependencies=None, packages_above_depth=None, packages_end=None, packages_ignore=None, packages_ignore_regex=None, packages_select=None, packages_select_build_failed=False, packages_select_by_dep=None, packages_select_regex=None, packages_select_test_failures=False, packages_skip=None, packages_skip_build_finished=False, packages_skip_by_dep=None, packages_skip_regex=None, packages_skip_test_passed=False, packages_skip_up_to=None, packages_start=None, packages_up_to=None, packages_up_to_regex=None, parallel_workers=4, paths=None, symlink_install=False, test_result_base=None, verb_extension=<colcon_core.verb.build.BuildVerb object at 0x40022fafd0>, verb_name='build', verb_parser=<colcon_defaults.argument_parser.defaults.DefaultArgumentsDecorator object at 0x4002304490>)
[1.053s] Level 1:colcon.colcon_core.package_discovery:discover_packages(colcon_meta) check parameters
[1.056s] Level 1:colcon.colcon_core.package_discovery:discover_packages(recursive) check parameters
[1.057s] Level 1:colcon.colcon_core.package_discovery:discover_packages(ignore) check parameters
[1.059s] Level 1:colcon.colcon_core.package_discovery:discover_packages(path) check parameters
[1.060s] Level 1:colcon.colcon_core.package_discovery:discover_packages(colcon_meta) discover
[1.061s] Level 1:colcon.colcon_core.package_discovery:discover_packages(recursive) discover
[1.064s] INFO:colcon.colcon_core.package_discovery:Crawling recursively for packages in '/workspaces/spex_rover'
[1.067s] Level 1:colcon.colcon_core.package_identification:_identify(.) by extensions ['ignore', 'ignore_ament_install']
[1.070s] Level 1:colcon.colcon_core.package_identification:_identify(.) by extension 'ignore'
[1.073s] Level 1:colcon.colcon_core.package_identification:_identify(.) by extension 'ignore_ament_install'
[1.076s] Level 1:colcon.colcon_core.package_identification:_identify(.) by extensions ['colcon_pkg']
[1.077s] Level 1:colcon.colcon_core.package_identification:_identify(.) by extension 'colcon_pkg'
[1.079s] Level 1:colcon.colcon_core.package_identification:_identify(.) by extensions ['colcon_meta']
[1.081s] Level 1:colcon.colcon_core.package_identification:_identify(.) by extension 'colcon_meta'
[1.082s] Level 1:colcon.colcon_core.package_identification:_identify(.) by extensions ['ros']
[1.084s] Level 1:colcon.colcon_core.package_identification:_identify(.) by extension 'ros'
[1.160s] Level 1:colcon.colcon_core.package_identification:_identify(.) by extensions ['cmake', 'python']
[1.161s] Level 1:colcon.colcon_core.package_identification:_identify(.) by extension 'cmake'
[1.163s] Level 1:colcon.colcon_core.package_identification:_identify(.) by extension 'python'
[1.165s] Level 1:colcon.colcon_core.package_identification:_identify(.) by extensions ['python_setup_py']
[1.167s] Level 1:colcon.colcon_core.package_identification:_identify(.) by extension 'python_setup_py'
[1.170s] Level 1:colcon.colcon_core.package_identification:_identify(build) by extensions ['ignore', 'ignore_ament_install']
[1.172s] Level 1:colcon.colcon_core.package_identification:_identify(build) by extension 'ignore'
[1.174s] Level 1:colcon.colcon_core.package_identification:_identify(build) ignored
[1.177s] Level 1:colcon.colcon_core.package_identification:_identify(documentation) by extensions ['ignore', 'ignore_ament_install']
[1.179s] Level 1:colcon.colcon_core.package_identification:_identify(documentation) by extension 'ignore'
[1.182s] Level 1:colcon.colcon_core.package_identification:_identify(documentation) by extension 'ignore_ament_install'
[1.185s] Level 1:colcon.colcon_core.package_identification:_identify(documentation) by extensions ['colcon_pkg']
[1.186s] Level 1:colcon.colcon_core.package_identification:_identify(documentation) by extension 'colcon_pkg'
[1.188s] Level 1:colcon.colcon_core.package_identification:_identify(documentation) by extensions ['colcon_meta']
[1.189s] Level 1:colcon.colcon_core.package_identification:_identify(documentation) by extension 'colcon_meta'
[1.190s] Level 1:colcon.colcon_core.package_identification:_identify(documentation) by extensions ['ros']
[1.192s] Level 1:colcon.colcon_core.package_identification:_identify(documentation) by extension 'ros'
[1.196s] Level 1:colcon.colcon_core.package_identification:_identify(documentation) by extensions ['cmake', 'python']
[1.198s] Level 1:colcon.colcon_core.package_identification:_identify(documentation) by extension 'cmake'
[1.200s] Level 1:colcon.colcon_core.package_identification:_identify(documentation) by extension 'python'
[1.203s] Level 1:colcon.colcon_core.package_identification:_identify(documentation) by extensions ['python_setup_py']
[1.204s] Level 1:colcon.colcon_core.package_identification:_identify(documentation) by extension 'python_setup_py'
[1.208s] Level 1:colcon.colcon_core.package_identification:_identify(install) by extensions ['ignore', 'ignore_ament_install']
[1.210s] Level 1:colcon.colcon_core.package_identification:_identify(install) by extension 'ignore'
[1.211s] Level 1:colcon.colcon_core.package_identification:_identify(install) ignored
[1.218s] Level 1:colcon.colcon_core.package_identification:_identify(log) by extensions ['ignore', 'ignore_ament_install']
[1.219s] Level 1:colcon.colcon_core.package_identification:_identify(log) by extension 'ignore'
[1.220s] Level 1:colcon.colcon_core.package_identification:_identify(log) ignored
[1.222s] Level 1:colcon.colcon_core.package_identification:_identify(src) by extensions ['ignore', 'ignore_ament_install']
[1.224s] Level 1:colcon.colcon_core.package_identification:_identify(src) by extension 'ignore'
[1.226s] Level 1:colcon.colcon_core.package_identification:_identify(src) by extension 'ignore_ament_install'
[1.230s] Level 1:colcon.colcon_core.package_identification:_identify(src) by extensions ['colcon_pkg']
[1.232s] Level 1:colcon.colcon_core.package_identification:_identify(src) by extension 'colcon_pkg'
[1.234s] Level 1:colcon.colcon_core.package_identification:_identify(src) by extensions ['colcon_meta']
[1.235s] Level 1:colcon.colcon_core.package_identification:_identify(src) by extension 'colcon_meta'
[1.237s] Level 1:colcon.colcon_core.package_identification:_identify(src) by extensions ['ros']
[1.238s] Level 1:colcon.colcon_core.package_identification:_identify(src) by extension 'ros'
[1.244s] Level 1:colcon.colcon_core.package_identification:_identify(src) by extensions ['cmake', 'python']
[1.245s] Level 1:colcon.colcon_core.package_identification:_identify(src) by extension 'cmake'
[1.247s] Level 1:colcon.colcon_core.package_identification:_identify(src) by extension 'python'
[1.249s] Level 1:colcon.colcon_core.package_identification:_identify(src) by extensions ['python_setup_py']
[1.250s] Level 1:colcon.colcon_core.package_identification:_identify(src) by extension 'python_setup_py'
[1.253s] Level 1:colcon.colcon_core.package_identification:_identify(src/spex_rover) by extensions ['ignore', 'ignore_ament_install']
[1.255s] Level 1:colcon.colcon_core.package_identification:_identify(src/spex_rover) by extension 'ignore'
[1.258s] Level 1:colcon.colcon_core.package_identification:_identify(src/spex_rover) by extension 'ignore_ament_install'
[1.262s] Level 1:colcon.colcon_core.package_identification:_identify(src/spex_rover) by extensions ['colcon_pkg']
[1.263s] Level 1:colcon.colcon_core.package_identification:_identify(src/spex_rover) by extension 'colcon_pkg'
[1.265s] Level 1:colcon.colcon_core.package_identification:_identify(src/spex_rover) by extensions ['colcon_meta']
[1.267s] Level 1:colcon.colcon_core.package_identification:_identify(src/spex_rover) by extension 'colcon_meta'
[1.269s] Level 1:colcon.colcon_core.package_identification:_identify(src/spex_rover) by extensions ['ros']
[1.271s] Level 1:colcon.colcon_core.package_identification:_identify(src/spex_rover) by extension 'ros'
[1.295s] DEBUG:colcon.colcon_core.package_identification:Package 'src/spex_rover' with type 'ros.ament_cmake' and name 'spex_rover'
[1.297s] Level 1:colcon.colcon_core.package_identification:_identify(src/spex_rover_rplidar) by extensions ['ignore', 'ignore_ament_install']
[1.299s] Level 1:colcon.colcon_core.package_identification:_identify(src/spex_rover_rplidar) by extension 'ignore'
[1.302s] Level 1:colcon.colcon_core.package_identification:_identify(src/spex_rover_rplidar) by extension 'ignore_ament_install'
[1.306s] Level 1:colcon.colcon_core.package_identification:_identify(src/spex_rover_rplidar) by extensions ['colcon_pkg']
[1.325s] Level 1:colcon.colcon_core.package_identification:_identify(src/spex_rover_rplidar) by extension 'colcon_pkg'
[1.328s] Level 1:colcon.colcon_core.package_identification:_identify(src/spex_rover_rplidar) by extensions ['colcon_meta']
[1.345s] Level 1:colcon.colcon_core.package_identification:_identify(src/spex_rover_rplidar) by extension 'colcon_meta'
[1.347s] Level 1:colcon.colcon_core.package_identification:_identify(src/spex_rover_rplidar) by extensions ['ros']
[1.349s] Level 1:colcon.colcon_core.package_identification:_identify(src/spex_rover_rplidar) by extension 'ros'
[1.374s] DEBUG:colcon.colcon_core.package_identification:Package 'src/spex_rover_rplidar' with type 'ros.ament_cmake' and name 'rplidar_ros'
[1.375s] Level 1:colcon.colcon_core.package_discovery:discover_packages(recursive) using defaults
[1.377s] Level 1:colcon.colcon_core.package_discovery:discover_packages(ignore) discover
[1.378s] Level 1:colcon.colcon_core.package_discovery:discover_packages(ignore) using defaults
[1.380s] Level 1:colcon.colcon_core.package_discovery:discover_packages(path) discover
[1.382s] Level 1:colcon.colcon_core.package_discovery:discover_packages(path) using defaults
[1.504s] Level 5:colcon.colcon_core.verb:set package 'rplidar_ros' build argument 'cmake_args' from command line to 'None'
[1.506s] Level 5:colcon.colcon_core.verb:set package 'rplidar_ros' build argument 'cmake_target' from command line to 'None'
[1.507s] Level 5:colcon.colcon_core.verb:set package 'rplidar_ros' build argument 'cmake_target_skip_unavailable' from command line to 'False'
[1.509s] Level 5:colcon.colcon_core.verb:set package 'rplidar_ros' build argument 'cmake_clean_cache' from command line to 'False'
[1.510s] Level 5:colcon.colcon_core.verb:set package 'rplidar_ros' build argument 'cmake_clean_first' from command line to 'False'
[1.511s] Level 5:colcon.colcon_core.verb:set package 'rplidar_ros' build argument 'cmake_force_configure' from command line to 'False'
[1.513s] Level 5:colcon.colcon_core.verb:set package 'rplidar_ros' build argument 'ament_cmake_args' from command line to 'None'
[1.514s] Level 5:colcon.colcon_core.verb:set package 'rplidar_ros' build argument 'catkin_cmake_args' from command line to 'None'
[1.515s] Level 5:colcon.colcon_core.verb:set package 'rplidar_ros' build argument 'catkin_skip_building_tests' from command line to 'False'
[1.517s] DEBUG:colcon.colcon_core.verb:Building package 'rplidar_ros' with the following arguments: {'ament_cmake_args': None, 'build_base': '/workspaces/spex_rover/build/rplidar_ros', 'catkin_cmake_args': None, 'catkin_skip_building_tests': False, 'cmake_args': None, 'cmake_clean_cache': False, 'cmake_clean_first': False, 'cmake_force_configure': False, 'cmake_target': None, 'cmake_target_skip_unavailable': False, 'install_base': '/workspaces/spex_rover/install/rplidar_ros', 'merge_install': False, 'path': '/workspaces/spex_rover/src/spex_rover_rplidar', 'symlink_install': False, 'test_result_base': None}
[1.530s] Level 5:colcon.colcon_core.verb:set package 'spex_rover' build argument 'cmake_args' from command line to 'None'
[1.532s] Level 5:colcon.colcon_core.verb:set package 'spex_rover' build argument 'cmake_target' from command line to 'None'
[1.534s] Level 5:colcon.colcon_core.verb:set package 'spex_rover' build argument 'cmake_target_skip_unavailable' from command line to 'False'
[1.536s] Level 5:colcon.colcon_core.verb:set package 'spex_rover' build argument 'cmake_clean_cache' from command line to 'False'
[1.537s] Level 5:colcon.colcon_core.verb:set package 'spex_rover' build argument 'cmake_clean_first' from command line to 'False'
[1.539s] Level 5:colcon.colcon_core.verb:set package 'spex_rover' build argument 'cmake_force_configure' from command line to 'False'
[1.541s] Level 5:colcon.colcon_core.verb:set package 'spex_rover' build argument 'ament_cmake_args' from command line to 'None'
[1.543s] Level 5:colcon.colcon_core.verb:set package 'spex_rover' build argument 'catkin_cmake_args' from command line to 'None'
[1.544s] Level 5:colcon.colcon_core.verb:set package 'spex_rover' build argument 'catkin_skip_building_tests' from command line to 'False'
[1.546s] DEBUG:colcon.colcon_core.verb:Building package 'spex_rover' with the following arguments: {'ament_cmake_args': None, 'build_base': '/workspaces/spex_rover/build/spex_rover', 'catkin_cmake_args': None, 'catkin_skip_building_tests': False, 'cmake_args': None, 'cmake_clean_cache': False, 'cmake_clean_first': False, 'cmake_force_configure': False, 'cmake_target': None, 'cmake_target_skip_unavailable': False, 'install_base': '/workspaces/spex_rover/install/spex_rover', 'merge_install': False, 'path': '/workspaces/spex_rover/src/spex_rover', 'symlink_install': False, 'test_result_base': None}
[1.573s] INFO:colcon.colcon_core.executor:Executing jobs using 'parallel' executor
[1.601s] DEBUG:colcon.colcon_parallel_executor.executor.parallel:run_until_complete
[1.614s] INFO:colcon.colcon_ros.task.ament_cmake.build:Building ROS package in '/workspaces/spex_rover/src/spex_rover_rplidar' with build type 'ament_cmake'
[1.617s] INFO:colcon.colcon_cmake.task.cmake.build:Building CMake package in '/workspaces/spex_rover/src/spex_rover_rplidar'
[1.664s] INFO:colcon.colcon_core.plugin_system:Skipping extension 'colcon_core.shell.bat': Not used on non-Windows systems
[1.668s] INFO:colcon.colcon_core.shell:Skip shell extension 'powershell' for command environment: Not usable outside of PowerShell
[1.671s] DEBUG:colcon.colcon_core.shell:Skip shell extension 'dsv' for command environment
[1.748s] INFO:colcon.colcon_ros.task.ament_cmake.build:Building ROS package in '/workspaces/spex_rover/src/spex_rover' with build type 'ament_cmake'
[1.754s] INFO:colcon.colcon_cmake.task.cmake.build:Building CMake package in '/workspaces/spex_rover/src/spex_rover'
[1.761s] INFO:colcon.colcon_core.shell:Skip shell extension 'powershell' for command environment: Not usable outside of PowerShell
[1.762s] DEBUG:colcon.colcon_core.shell:Skip shell extension 'dsv' for command environment
[1.925s] DEBUG:colcon.colcon_core.event_handler.log_command:Invoking command in '/workspaces/spex_rover/build/rplidar_ros': CMAKE_PREFIX_PATH=/opt/ros/galactic /usr/bin/cmake /workspaces/spex_rover/src/spex_rover_rplidar -DCMAKE_INSTALL_PREFIX=/workspaces/spex_rover/install/rplidar_ros
[2.027s] DEBUG:colcon.colcon_core.event_handler.log_command:Invoking command in '/workspaces/spex_rover/build/spex_rover': CMAKE_PREFIX_PATH=/opt/ros/galactic /usr/bin/cmake --build /workspaces/spex_rover/build/spex_rover -- -j4 -l4
[2.773s] DEBUG:colcon.colcon_core.event_handler.log_command:Invoked command in '/workspaces/spex_rover/build/spex_rover' returned '0': CMAKE_PREFIX_PATH=/opt/ros/galactic /usr/bin/cmake --build /workspaces/spex_rover/build/spex_rover -- -j4 -l4
[3.476s] DEBUG:colcon.colcon_core.event_handler.log_command:Invoking command in '/workspaces/spex_rover/build/spex_rover': CMAKE_PREFIX_PATH=/opt/ros/galactic /usr/bin/cmake --install /workspaces/spex_rover/build/spex_rover
[3.776s] Level 1:colcon.colcon_core.environment:create_environment_scripts_only(spex_rover)
[3.792s] DEBUG:colcon.colcon_core.event_handler.log_command:Invoked command in '/workspaces/spex_rover/build/spex_rover' returned '0': CMAKE_PREFIX_PATH=/opt/ros/galactic /usr/bin/cmake --install /workspaces/spex_rover/build/spex_rover
[3.825s] Level 1:colcon.colcon_core.environment:checking '/workspaces/spex_rover/install/spex_rover' for CMake module files
[3.868s] Level 1:colcon.colcon_core.environment:checking '/workspaces/spex_rover/install/spex_rover' for CMake config files
[3.880s] Level 1:colcon.colcon_core.shell:create_environment_hook('spex_rover', 'cmake_prefix_path')
[3.886s] INFO:colcon.colcon_core.shell:Creating environment hook '/workspaces/spex_rover/install/spex_rover/share/spex_rover/hook/cmake_prefix_path.ps1'
[3.899s] INFO:colcon.colcon_core.shell:Creating environment descriptor '/workspaces/spex_rover/install/spex_rover/share/spex_rover/hook/cmake_prefix_path.dsv'
[3.921s] INFO:colcon.colcon_core.shell:Creating environment hook '/workspaces/spex_rover/install/spex_rover/share/spex_rover/hook/cmake_prefix_path.sh'
[3.939s] Level 1:colcon.colcon_core.environment:checking '/workspaces/spex_rover/install/spex_rover/bin'
[3.943s] Level 1:colcon.colcon_core.environment:checking '/workspaces/spex_rover/install/spex_rover/lib/pkgconfig/spex_rover.pc'
[3.945s] Level 1:colcon.colcon_core.environment:checking '/workspaces/spex_rover/install/spex_rover/lib/python3.8/site-packages'
[3.953s] INFO:colcon.colcon_core.shell:Creating package script '/workspaces/spex_rover/install/spex_rover/share/spex_rover/package.ps1'
[3.967s] INFO:colcon.colcon_core.shell:Creating package descriptor '/workspaces/spex_rover/install/spex_rover/share/spex_rover/package.dsv'
[3.977s] INFO:colcon.colcon_core.shell:Creating package script '/workspaces/spex_rover/install/spex_rover/share/spex_rover/package.sh'
[3.991s] INFO:colcon.colcon_core.shell:Creating package script '/workspaces/spex_rover/install/spex_rover/share/spex_rover/package.bash'
[4.004s] INFO:colcon.colcon_core.shell:Creating package script '/workspaces/spex_rover/install/spex_rover/share/spex_rover/package.zsh'
[4.024s] Level 1:colcon.colcon_core.environment:create_file_with_runtime_dependencies(/workspaces/spex_rover/install/spex_rover/share/colcon-core/packages/spex_rover)
[4.716s] Level 1:colcon.colcon_core.environment:create_environment_scripts_only(spex_rover)
[4.734s] Level 1:colcon.colcon_core.environment:checking '/workspaces/spex_rover/install/spex_rover' for CMake module files
[4.766s] Level 1:colcon.colcon_core.environment:checking '/workspaces/spex_rover/install/spex_rover' for CMake config files
[4.773s] Level 1:colcon.colcon_core.shell:create_environment_hook('spex_rover', 'cmake_prefix_path')
[4.778s] INFO:colcon.colcon_core.shell:Creating environment hook '/workspaces/spex_rover/install/spex_rover/share/spex_rover/hook/cmake_prefix_path.ps1'
[4.789s] INFO:colcon.colcon_core.shell:Creating environment descriptor '/workspaces/spex_rover/install/spex_rover/share/spex_rover/hook/cmake_prefix_path.dsv'
[4.802s] INFO:colcon.colcon_core.shell:Creating environment hook '/workspaces/spex_rover/install/spex_rover/share/spex_rover/hook/cmake_prefix_path.sh'
[4.819s] Level 1:colcon.colcon_core.environment:checking '/workspaces/spex_rover/install/spex_rover/bin'
[4.824s] Level 1:colcon.colcon_core.environment:checking '/workspaces/spex_rover/install/spex_rover/lib/pkgconfig/spex_rover.pc'
[4.827s] Level 1:colcon.colcon_core.environment:checking '/workspaces/spex_rover/install/spex_rover/lib/python3.8/site-packages'
[4.838s] INFO:colcon.colcon_core.shell:Creating package script '/workspaces/spex_rover/install/spex_rover/share/spex_rover/package.ps1'
[4.853s] INFO:colcon.colcon_core.shell:Creating package descriptor '/workspaces/spex_rover/install/spex_rover/share/spex_rover/package.dsv'
[4.867s] INFO:colcon.colcon_core.shell:Creating package script '/workspaces/spex_rover/install/spex_rover/share/spex_rover/package.sh'
[4.887s] INFO:colcon.colcon_core.shell:Creating package script '/workspaces/spex_rover/install/spex_rover/share/spex_rover/package.bash'
[4.896s] INFO:colcon.colcon_core.shell:Creating package script '/workspaces/spex_rover/install/spex_rover/share/spex_rover/package.zsh'
[4.906s] Level 1:colcon.colcon_core.environment:create_file_with_runtime_dependencies(/workspaces/spex_rover/install/spex_rover/share/colcon-core/packages/spex_rover)
[39.007s] DEBUG:colcon.colcon_core.event_handler.log_command:Invoked command in '/workspaces/spex_rover/build/rplidar_ros' returned '0': CMAKE_PREFIX_PATH=/opt/ros/galactic /usr/bin/cmake /workspaces/spex_rover/src/spex_rover_rplidar -DCMAKE_INSTALL_PREFIX=/workspaces/spex_rover/install/rplidar_ros
[39.065s] DEBUG:colcon.colcon_core.event_handler.log_command:Invoking command in '/workspaces/spex_rover/build/rplidar_ros': CMAKE_PREFIX_PATH=/opt/ros/galactic /usr/bin/cmake --build /workspaces/spex_rover/build/rplidar_ros -- -j4 -l4
[155.682s] DEBUG:colcon.colcon_core.event_handler.log_command:Invoked command in '/workspaces/spex_rover/build/rplidar_ros' returned '0': CMAKE_PREFIX_PATH=/opt/ros/galactic /usr/bin/cmake --build /workspaces/spex_rover/build/rplidar_ros -- -j4 -l4
[157.482s] DEBUG:colcon.colcon_core.event_handler.log_command:Invoking command in '/workspaces/spex_rover/build/rplidar_ros': CMAKE_PREFIX_PATH=/opt/ros/galactic /usr/bin/cmake --install /workspaces/spex_rover/build/rplidar_ros
[160.724s] Level 1:colcon.colcon_core.environment:create_environment_scripts_only(rplidar_ros)
[160.735s] DEBUG:colcon.colcon_core.event_handler.log_command:Invoked command in '/workspaces/spex_rover/build/rplidar_ros' returned '0': CMAKE_PREFIX_PATH=/opt/ros/galactic /usr/bin/cmake --install /workspaces/spex_rover/build/rplidar_ros
[160.833s] Level 1:colcon.colcon_core.environment:checking '/workspaces/spex_rover/install/rplidar_ros' for CMake module files
[160.908s] Level 1:colcon.colcon_core.environment:checking '/workspaces/spex_rover/install/rplidar_ros' for CMake config files
[160.962s] Level 1:colcon.colcon_core.shell:create_environment_hook('rplidar_ros', 'cmake_prefix_path')
[160.978s] INFO:colcon.colcon_core.shell:Creating environment hook '/workspaces/spex_rover/install/rplidar_ros/share/rplidar_ros/hook/cmake_prefix_path.ps1'
[161.112s] INFO:colcon.colcon_core.shell:Creating environment descriptor '/workspaces/spex_rover/install/rplidar_ros/share/rplidar_ros/hook/cmake_prefix_path.dsv'
[161.131s] INFO:colcon.colcon_core.shell:Creating environment hook '/workspaces/spex_rover/install/rplidar_ros/share/rplidar_ros/hook/cmake_prefix_path.sh'
[161.222s] Level 1:colcon.colcon_core.environment:checking '/workspaces/spex_rover/install/rplidar_ros/lib'
[161.256s] Level 1:colcon.colcon_core.environment:checking '/workspaces/spex_rover/install/rplidar_ros/bin'
[161.260s] Level 1:colcon.colcon_core.environment:checking '/workspaces/spex_rover/install/rplidar_ros/lib/pkgconfig/rplidar_ros.pc'
[161.270s] Level 1:colcon.colcon_core.environment:checking '/workspaces/spex_rover/install/rplidar_ros/lib/python3.8/site-packages'
[161.282s] INFO:colcon.colcon_core.shell:Creating package script '/workspaces/spex_rover/install/rplidar_ros/share/rplidar_ros/package.ps1'
[161.309s] INFO:colcon.colcon_core.shell:Creating package descriptor '/workspaces/spex_rover/install/rplidar_ros/share/rplidar_ros/package.dsv'
[161.327s] INFO:colcon.colcon_core.shell:Creating package script '/workspaces/spex_rover/install/rplidar_ros/share/rplidar_ros/package.sh'
[161.343s] INFO:colcon.colcon_core.shell:Creating package script '/workspaces/spex_rover/install/rplidar_ros/share/rplidar_ros/package.bash'
[161.370s] INFO:colcon.colcon_core.shell:Creating package script '/workspaces/spex_rover/install/rplidar_ros/share/rplidar_ros/package.zsh'
[161.383s] Level 1:colcon.colcon_core.environment:create_file_with_runtime_dependencies(/workspaces/spex_rover/install/rplidar_ros/share/colcon-core/packages/rplidar_ros)
[162.596s] Level 1:colcon.colcon_core.environment:create_environment_scripts_only(rplidar_ros)
[162.608s] Level 1:colcon.colcon_core.environment:checking '/workspaces/spex_rover/install/rplidar_ros' for CMake module files
[162.639s] Level 1:colcon.colcon_core.environment:checking '/workspaces/spex_rover/install/rplidar_ros' for CMake config files
[162.654s] Level 1:colcon.colcon_core.shell:create_environment_hook('rplidar_ros', 'cmake_prefix_path')
[162.663s] INFO:colcon.colcon_core.shell:Creating environment hook '/workspaces/spex_rover/install/rplidar_ros/share/rplidar_ros/hook/cmake_prefix_path.ps1'
[162.677s] INFO:colcon.colcon_core.shell:Creating environment descriptor '/workspaces/spex_rover/install/rplidar_ros/share/rplidar_ros/hook/cmake_prefix_path.dsv'
[162.693s] INFO:colcon.colcon_core.shell:Creating environment hook '/workspaces/spex_rover/install/rplidar_ros/share/rplidar_ros/hook/cmake_prefix_path.sh'
[162.739s] Level 1:colcon.colcon_core.environment:checking '/workspaces/spex_rover/install/rplidar_ros/lib'
[162.742s] Level 1:colcon.colcon_core.environment:checking '/workspaces/spex_rover/install/rplidar_ros/bin'
[162.746s] Level 1:colcon.colcon_core.environment:checking '/workspaces/spex_rover/install/rplidar_ros/lib/pkgconfig/rplidar_ros.pc'
[162.749s] Level 1:colcon.colcon_core.environment:checking '/workspaces/spex_rover/install/rplidar_ros/lib/python3.8/site-packages'
[162.755s] INFO:colcon.colcon_core.shell:Creating package script '/workspaces/spex_rover/install/rplidar_ros/share/rplidar_ros/package.ps1'
[162.781s] INFO:colcon.colcon_core.shell:Creating package descriptor '/workspaces/spex_rover/install/rplidar_ros/share/rplidar_ros/package.dsv'
[162.790s] INFO:colcon.colcon_core.shell:Creating package script '/workspaces/spex_rover/install/rplidar_ros/share/rplidar_ros/package.sh'
[162.804s] INFO:colcon.colcon_core.shell:Creating package script '/workspaces/spex_rover/install/rplidar_ros/share/rplidar_ros/package.bash'
[162.825s] INFO:colcon.colcon_core.shell:Creating package script '/workspaces/spex_rover/install/rplidar_ros/share/rplidar_ros/package.zsh'
[162.837s] Level 1:colcon.colcon_core.environment:create_file_with_runtime_dependencies(/workspaces/spex_rover/install/rplidar_ros/share/colcon-core/packages/rplidar_ros)
[162.863s] DEBUG:colcon.colcon_parallel_executor.executor.parallel:closing loop
[162.892s] DEBUG:colcon.colcon_parallel_executor.executor.parallel:loop closed
[162.895s] DEBUG:colcon.colcon_parallel_executor.executor.parallel:run_until_complete finished with '0'
[162.901s] DEBUG:colcon.colcon_core.event_reactor:joining thread
[163.240s] INFO:colcon.colcon_core.plugin_system:Skipping extension 'colcon_notification.desktop_notification.notify_send': Could not find 'notify-send'
[163.243s] INFO:colcon.colcon_core.plugin_system:Skipping extension 'colcon_notification.desktop_notification.terminal_notifier': Not used on non-Darwin systems
[163.246s] INFO:colcon.colcon_core.plugin_system:Skipping extension 'colcon_notification.desktop_notification.win32': Not used on non-Windows systems
[163.250s] INFO:colcon.colcon_notification.desktop_notification:Sending desktop notification using 'notify2'
[163.259s] DEBUG:colcon.colcon_notification.desktop_notification.notify2:Failed to initialize notify2: org.freedesktop.DBus.Error.NotSupported: Unable to autolaunch a dbus-daemon without a $DISPLAY for X11
[163.264s] DEBUG:colcon.colcon_core.event_reactor:joined thread
[163.272s] INFO:colcon.colcon_core.shell:Creating prefix script '/workspaces/spex_rover/install/local_setup.ps1'
[163.298s] INFO:colcon.colcon_core.shell:Creating prefix util module '/workspaces/spex_rover/install/_local_setup_util_ps1.py'
[163.328s] INFO:colcon.colcon_core.shell:Creating prefix chain script '/workspaces/spex_rover/install/setup.ps1'
[163.363s] INFO:colcon.colcon_core.shell:Creating prefix script '/workspaces/spex_rover/install/local_setup.sh'
[163.398s] INFO:colcon.colcon_core.shell:Creating prefix util module '/workspaces/spex_rover/install/_local_setup_util_sh.py'
[163.422s] INFO:colcon.colcon_core.shell:Creating prefix chain script '/workspaces/spex_rover/install/setup.sh'
[163.440s] INFO:colcon.colcon_core.shell:Creating prefix script '/workspaces/spex_rover/install/local_setup.bash'
[163.453s] INFO:colcon.colcon_core.shell:Creating prefix chain script '/workspaces/spex_rover/install/setup.bash'
[163.468s] INFO:colcon.colcon_core.shell:Creating prefix script '/workspaces/spex_rover/install/local_setup.zsh'
[163.486s] INFO:colcon.colcon_core.shell:Creating prefix chain script '/workspaces/spex_rover/install/setup.zsh'
