Performing C SOURCE FILE Test CMAKE_HAVE_LIBC_PTHREAD failed with the following output:
Change Dir: /workspaces/spex_rover/build/rplidar_ros/CMakeFiles/CMakeTmp

Run Build Command(s):/usr/bin/make cmTC_4ad0d/fast && /usr/bin/make -f CMakeFiles/cmTC_4ad0d.dir/build.make CMakeFiles/cmTC_4ad0d.dir/build
make[1]: Entering directory '/workspaces/spex_rover/build/rplidar_ros/CMakeFiles/CMakeTmp'
Building C object CMakeFiles/cmTC_4ad0d.dir/src.c.o
/usr/bin/cc   -DCMAKE_HAVE_LIBC_PTHREAD   -o CMakeFiles/cmTC_4ad0d.dir/src.c.o   -c /workspaces/spex_rover/build/rplidar_ros/CMakeFiles/CMakeTmp/src.c
Linking C executable cmTC_4ad0d
/usr/bin/cmake -E cmake_link_script CMakeFiles/cmTC_4ad0d.dir/link.txt --verbose=1
/usr/bin/cc  -DCMAKE_HAVE_LIBC_PTHREAD    CMakeFiles/cmTC_4ad0d.dir/src.c.o  -o cmTC_4ad0d 
/usr/bin/ld: CMakeFiles/cmTC_4ad0d.dir/src.c.o: in function `main':
src.c:(.text+0x46): undefined reference to `pthread_create'
/usr/bin/ld: src.c:(.text+0x52): undefined reference to `pthread_detach'
/usr/bin/ld: src.c:(.text+0x63): undefined reference to `pthread_join'
collect2: error: ld returned 1 exit status
make[1]: *** [CMakeFiles/cmTC_4ad0d.dir/build.make:87: cmTC_4ad0d] Error 1
make[1]: Leaving directory '/workspaces/spex_rover/build/rplidar_ros/CMakeFiles/CMakeTmp'
make: *** [Makefile:121: cmTC_4ad0d/fast] Error 2


Source file was:
#include <pthread.h>

void* test_func(void* data)
{
  return data;
}

int main(void)
{
  pthread_t thread;
  pthread_create(&thread, NULL, test_func, NULL);
  pthread_detach(thread);
  pthread_join(thread, NULL);
  pthread_atfork(NULL, NULL, NULL);
  pthread_exit(NULL);

  return 0;
}

Determining if the function pthread_create exists in the pthreads failed with the following output:
Change Dir: /workspaces/spex_rover/build/rplidar_ros/CMakeFiles/CMakeTmp

Run Build Command(s):/usr/bin/make cmTC_37ae1/fast && /usr/bin/make -f CMakeFiles/cmTC_37ae1.dir/build.make CMakeFiles/cmTC_37ae1.dir/build
make[1]: Entering directory '/workspaces/spex_rover/build/rplidar_ros/CMakeFiles/CMakeTmp'
Building C object CMakeFiles/cmTC_37ae1.dir/CheckFunctionExists.c.o
/usr/bin/cc   -DCHECK_FUNCTION_EXISTS=pthread_create   -o CMakeFiles/cmTC_37ae1.dir/CheckFunctionExists.c.o   -c /usr/share/cmake-3.16/Modules/CheckFunctionExists.c
Linking C executable cmTC_37ae1
/usr/bin/cmake -E cmake_link_script CMakeFiles/cmTC_37ae1.dir/link.txt --verbose=1
/usr/bin/cc  -DCHECK_FUNCTION_EXISTS=pthread_create    CMakeFiles/cmTC_37ae1.dir/CheckFunctionExists.c.o  -o cmTC_37ae1  -lpthreads 
/usr/bin/ld: cannot find -lpthreads
collect2: error: ld returned 1 exit status
make[1]: *** [CMakeFiles/cmTC_37ae1.dir/build.make:87: cmTC_37ae1] Error 1
make[1]: Leaving directory '/workspaces/spex_rover/build/rplidar_ros/CMakeFiles/CMakeTmp'
make: *** [Makefile:121: cmTC_37ae1/fast] Error 2



Performing C SOURCE FILE Test CMAKE_HAVE_LIBC_PTHREAD failed with the following output:
Change Dir: /workspaces/spex_rover/build/rplidar_ros/CMakeFiles/CMakeTmp

Run Build Command(s):/usr/bin/make cmTC_415de/fast && /usr/bin/make -f CMakeFiles/cmTC_415de.dir/build.make CMakeFiles/cmTC_415de.dir/build
make[1]: Entering directory '/workspaces/spex_rover/build/rplidar_ros/CMakeFiles/CMakeTmp'
Building C object CMakeFiles/cmTC_415de.dir/src.c.o
/usr/bin/cc   -DCMAKE_HAVE_LIBC_PTHREAD   -o CMakeFiles/cmTC_415de.dir/src.c.o   -c /workspaces/spex_rover/build/rplidar_ros/CMakeFiles/CMakeTmp/src.c
Linking C executable cmTC_415de
/usr/bin/cmake -E cmake_link_script CMakeFiles/cmTC_415de.dir/link.txt --verbose=1
/usr/bin/cc  -DCMAKE_HAVE_LIBC_PTHREAD    CMakeFiles/cmTC_415de.dir/src.c.o  -o cmTC_415de 
/usr/bin/ld: CMakeFiles/cmTC_415de.dir/src.c.o: in function `main':
src.c:(.text+0x46): undefined reference to `pthread_create'
/usr/bin/ld: src.c:(.text+0x52): undefined reference to `pthread_detach'
/usr/bin/ld: src.c:(.text+0x63): undefined reference to `pthread_join'
collect2: error: ld returned 1 exit status
make[1]: *** [CMakeFiles/cmTC_415de.dir/build.make:87: cmTC_415de] Error 1
make[1]: Leaving directory '/workspaces/spex_rover/build/rplidar_ros/CMakeFiles/CMakeTmp'
make: *** [Makefile:121: cmTC_415de/fast] Error 2


Source file was:
#include <pthread.h>

void* test_func(void* data)
{
  return data;
}

int main(void)
{
  pthread_t thread;
  pthread_create(&thread, NULL, test_func, NULL);
  pthread_detach(thread);
  pthread_join(thread, NULL);
  pthread_atfork(NULL, NULL, NULL);
  pthread_exit(NULL);

  return 0;
}

Determining if the function pthread_create exists in the pthreads failed with the following output:
Change Dir: /workspaces/spex_rover/build/rplidar_ros/CMakeFiles/CMakeTmp

Run Build Command(s):/usr/bin/make cmTC_59f63/fast && /usr/bin/make -f CMakeFiles/cmTC_59f63.dir/build.make CMakeFiles/cmTC_59f63.dir/build
make[1]: Entering directory '/workspaces/spex_rover/build/rplidar_ros/CMakeFiles/CMakeTmp'
Building C object CMakeFiles/cmTC_59f63.dir/CheckFunctionExists.c.o
/usr/bin/cc   -DCHECK_FUNCTION_EXISTS=pthread_create   -o CMakeFiles/cmTC_59f63.dir/CheckFunctionExists.c.o   -c /usr/share/cmake-3.16/Modules/CheckFunctionExists.c
Linking C executable cmTC_59f63
/usr/bin/cmake -E cmake_link_script CMakeFiles/cmTC_59f63.dir/link.txt --verbose=1
/usr/bin/cc  -DCHECK_FUNCTION_EXISTS=pthread_create    CMakeFiles/cmTC_59f63.dir/CheckFunctionExists.c.o  -o cmTC_59f63  -lpthreads 
/usr/bin/ld: cannot find -lpthreads
collect2: error: ld returned 1 exit status
make[1]: *** [CMakeFiles/cmTC_59f63.dir/build.make:87: cmTC_59f63] Error 1
make[1]: Leaving directory '/workspaces/spex_rover/build/rplidar_ros/CMakeFiles/CMakeTmp'
make: *** [Makefile:121: cmTC_59f63/fast] Error 2



