-- The C compiler identification is GNU 9.3.0
-- The CXX compiler identification is GNU 9.3.0
-- Check for working C compiler: /usr/bin/cc
-- Check for working C compiler: /usr/bin/cc -- works
-- Detecting C compiler ABI info
-- Detecting C compiler ABI info - done
-- Detecting C compile features
-- Detecting C compile features - done
-- Check for working CXX compiler: /usr/bin/c++
-- Check for working CXX compiler: /usr/bin/c++ -- works
-- Detecting CXX compiler ABI info
-- Detecting CXX compiler ABI info - done
-- Detecting CXX compile features
-- Detecting CXX compile features - done
-- Found ament_cmake: 1.1.4 (/opt/ros/galactic/share/ament_cmake/cmake)
-- Found PythonInterp: /usr/bin/python3 (found suitable version "3.8.10", minimum required is "3") 
-- Using PYTHON_EXECUTABLE: /usr/bin/python3
-- Found rclcpp: 9.2.0 (/opt/ros/galactic/share/rclcpp/cmake)
-- Using all available rosidl_typesupport_c: rosidl_typesupport_fastrtps_c;rosidl_typesupport_introspection_c
-- Found rosidl_adapter: 2.2.1 (/opt/ros/galactic/share/rosidl_adapter/cmake)
-- Found OpenSSL: /usr/lib/x86_64-linux-gnu/libcrypto.so (found version "1.1.1f")  
-- Found FastRTPS: /opt/ros/galactic/include  
-- Using all available rosidl_typesupport_cpp: rosidl_typesupport_fastrtps_cpp;rosidl_typesupport_introspection_cpp
-- Found rmw_implementation_cmake: 3.3.1 (/opt/ros/galactic/share/rmw_implementation_cmake/cmake)
-- Found rmw_cyclonedds_cpp: 0.22.4 (/opt/ros/galactic/share/rmw_cyclonedds_cpp/cmake)
-- Using RMW implementation 'rmw_cyclonedds_cpp' as default
-- Looking for pthread.h
-- Looking for pthread.h - found
-- Performing Test CMAKE_HAVE_LIBC_PTHREAD
-- Performing Test CMAKE_HAVE_LIBC_PTHREAD - Failed
-- Looking for pthread_create in pthreads
-- Looking for pthread_create in pthreads - not found
-- Looking for pthread_create in pthread
-- Looking for pthread_create in pthread - found
-- Found Threads: TRUE  
-- Found sensor_msgs: 2.2.3 (/opt/ros/galactic/share/sensor_msgs/cmake)
-- Found std_srvs: 2.2.3 (/opt/ros/galactic/share/std_srvs/cmake)
-- Configuring done
-- Generating done
-- Build files have been written to: /workspaces/spex_rover/build/rplidar_ros
[35m[1mScanning dependencies of target rplidar_node[0m
[ 14%] [32mBuilding CXX object CMakeFiles/rplidar_node.dir/src/rplidar_node.cpp.o[0m
[ 28%] [32mBuilding CXX object CMakeFiles/rplidar_node.dir/sdk/src/arch/linux/timer.cpp.o[0m
[ 42%] [32mBuilding CXX object CMakeFiles/rplidar_node.dir/sdk/src/hal/thread.cpp.o[0m
[ 57%] [32mBuilding CXX object CMakeFiles/rplidar_node.dir/sdk/src/rplidar_driver.cpp.o[0m
[ 71%] [32mBuilding CXX object CMakeFiles/rplidar_node.dir/sdk/src/arch/linux/net_socket.cpp.o[0m
[ 85%] [32mBuilding CXX object CMakeFiles/rplidar_node.dir/sdk/src/arch/linux/net_serial.cpp.o[0m
[100%] [32m[1mLinking CXX executable rplidar_node[0m
[100%] Built target rplidar_node
-- Install configuration: ""
-- Installing: /workspaces/spex_rover/install/rplidar_ros/lib/rplidar_ros/rplidar_node
-- Set runtime path of "/workspaces/spex_rover/install/rplidar_ros/lib/rplidar_ros/rplidar_node" to ""
-- Installing: /workspaces/spex_rover/install/rplidar_ros/share/rplidar_ros//launch
-- Installing: /workspaces/spex_rover/install/rplidar_ros/share/rplidar_ros//launch/rplidar.launch
-- Installing: /workspaces/spex_rover/install/rplidar_ros/share/rplidar_ros//launch/rplidar_a3.launch
-- Installing: /workspaces/spex_rover/install/rplidar_ros/share/rplidar_ros//launch/rplidar_s1.launch
-- Installing: /workspaces/spex_rover/install/rplidar_ros/share/rplidar_ros//launch/rplidar_s1_tcp.launch
-- Installing: /workspaces/spex_rover/install/rplidar_ros/share/rplidar_ros//launch/test_rplidar.launch
-- Installing: /workspaces/spex_rover/install/rplidar_ros/share/rplidar_ros//launch/test_rplidar_a3.launch
-- Installing: /workspaces/spex_rover/install/rplidar_ros/share/rplidar_ros//launch/view_rplidar.launch
-- Installing: /workspaces/spex_rover/install/rplidar_ros/share/rplidar_ros//launch/view_rplidar_a3.launch
-- Installing: /workspaces/spex_rover/install/rplidar_ros/share/rplidar_ros//launch/view_rplidar_s1.launch
-- Installing: /workspaces/spex_rover/install/rplidar_ros/share/rplidar_ros//launch/view_rplidar_s1_tcp.launch
-- Installing: /workspaces/spex_rover/install/rplidar_ros/share/rplidar_ros//rviz
-- Installing: /workspaces/spex_rover/install/rplidar_ros/share/rplidar_ros//rviz/rplidar.rviz
-- Installing: /workspaces/spex_rover/install/rplidar_ros/share/rplidar_ros//sdk
-- Installing: /workspaces/spex_rover/install/rplidar_ros/share/rplidar_ros//sdk/README.txt
-- Installing: /workspaces/spex_rover/install/rplidar_ros/share/rplidar_ros//sdk/include
-- Installing: /workspaces/spex_rover/install/rplidar_ros/share/rplidar_ros//sdk/include/rplidar.h
-- Installing: /workspaces/spex_rover/install/rplidar_ros/share/rplidar_ros//sdk/include/rplidar_cmd.h
-- Installing: /workspaces/spex_rover/install/rplidar_ros/share/rplidar_ros//sdk/include/rplidar_driver.h
-- Installing: /workspaces/spex_rover/install/rplidar_ros/share/rplidar_ros//sdk/include/rplidar_protocol.h
-- Installing: /workspaces/spex_rover/install/rplidar_ros/share/rplidar_ros//sdk/include/rptypes.h
-- Installing: /workspaces/spex_rover/install/rplidar_ros/share/rplidar_ros//sdk/src
-- Installing: /workspaces/spex_rover/install/rplidar_ros/share/rplidar_ros//sdk/src/arch
-- Installing: /workspaces/spex_rover/install/rplidar_ros/share/rplidar_ros//sdk/src/arch/linux
-- Installing: /workspaces/spex_rover/install/rplidar_ros/share/rplidar_ros//sdk/src/arch/linux/arch_linux.h
-- Installing: /workspaces/spex_rover/install/rplidar_ros/share/rplidar_ros//sdk/src/arch/linux/net_serial.cpp
-- Installing: /workspaces/spex_rover/install/rplidar_ros/share/rplidar_ros//sdk/src/arch/linux/net_serial.h
-- Installing: /workspaces/spex_rover/install/rplidar_ros/share/rplidar_ros//sdk/src/arch/linux/net_socket.cpp
-- Installing: /workspaces/spex_rover/install/rplidar_ros/share/rplidar_ros//sdk/src/arch/linux/thread.hpp
-- Installing: /workspaces/spex_rover/install/rplidar_ros/share/rplidar_ros//sdk/src/arch/linux/timer.cpp
-- Installing: /workspaces/spex_rover/install/rplidar_ros/share/rplidar_ros//sdk/src/arch/linux/timer.h
-- Installing: /workspaces/spex_rover/install/rplidar_ros/share/rplidar_ros//sdk/src/arch/macOS
-- Installing: /workspaces/spex_rover/install/rplidar_ros/share/rplidar_ros//sdk/src/arch/macOS/arch_macOS.h
-- Installing: /workspaces/spex_rover/install/rplidar_ros/share/rplidar_ros//sdk/src/arch/macOS/net_serial.cpp
-- Installing: /workspaces/spex_rover/install/rplidar_ros/share/rplidar_ros//sdk/src/arch/macOS/net_serial.h
-- Installing: /workspaces/spex_rover/install/rplidar_ros/share/rplidar_ros//sdk/src/arch/macOS/net_socket.cpp
-- Installing: /workspaces/spex_rover/install/rplidar_ros/share/rplidar_ros//sdk/src/arch/macOS/thread.hpp
-- Installing: /workspaces/spex_rover/install/rplidar_ros/share/rplidar_ros//sdk/src/arch/macOS/timer.cpp
-- Installing: /workspaces/spex_rover/install/rplidar_ros/share/rplidar_ros//sdk/src/arch/macOS/timer.h
-- Installing: /workspaces/spex_rover/install/rplidar_ros/share/rplidar_ros//sdk/src/arch/win32
-- Installing: /workspaces/spex_rover/install/rplidar_ros/share/rplidar_ros//sdk/src/arch/win32/arch_win32.h
-- Installing: /workspaces/spex_rover/install/rplidar_ros/share/rplidar_ros//sdk/src/arch/win32/net_serial.cpp
-- Installing: /workspaces/spex_rover/install/rplidar_ros/share/rplidar_ros//sdk/src/arch/win32/net_serial.h
-- Installing: /workspaces/spex_rover/install/rplidar_ros/share/rplidar_ros//sdk/src/arch/win32/net_socket.cpp
-- Installing: /workspaces/spex_rover/install/rplidar_ros/share/rplidar_ros//sdk/src/arch/win32/timer.cpp
-- Installing: /workspaces/spex_rover/install/rplidar_ros/share/rplidar_ros//sdk/src/arch/win32/timer.h
-- Installing: /workspaces/spex_rover/install/rplidar_ros/share/rplidar_ros//sdk/src/arch/win32/winthread.hpp
-- Installing: /workspaces/spex_rover/install/rplidar_ros/share/rplidar_ros//sdk/src/hal
-- Installing: /workspaces/spex_rover/install/rplidar_ros/share/rplidar_ros//sdk/src/hal/abs_rxtx.h
-- Installing: /workspaces/spex_rover/install/rplidar_ros/share/rplidar_ros//sdk/src/hal/assert.h
-- Installing: /workspaces/spex_rover/install/rplidar_ros/share/rplidar_ros//sdk/src/hal/byteops.h
-- Installing: /workspaces/spex_rover/install/rplidar_ros/share/rplidar_ros//sdk/src/hal/event.h
-- Installing: /workspaces/spex_rover/install/rplidar_ros/share/rplidar_ros//sdk/src/hal/locker.h
-- Installing: /workspaces/spex_rover/install/rplidar_ros/share/rplidar_ros//sdk/src/hal/socket.h
-- Installing: /workspaces/spex_rover/install/rplidar_ros/share/rplidar_ros//sdk/src/hal/thread.cpp
-- Installing: /workspaces/spex_rover/install/rplidar_ros/share/rplidar_ros//sdk/src/hal/thread.h
-- Installing: /workspaces/spex_rover/install/rplidar_ros/share/rplidar_ros//sdk/src/hal/types.h
-- Installing: /workspaces/spex_rover/install/rplidar_ros/share/rplidar_ros//sdk/src/hal/util.h
-- Installing: /workspaces/spex_rover/install/rplidar_ros/share/rplidar_ros//sdk/src/rplidar_driver.cpp
-- Installing: /workspaces/spex_rover/install/rplidar_ros/share/rplidar_ros//sdk/src/rplidar_driver_TCP.h
-- Installing: /workspaces/spex_rover/install/rplidar_ros/share/rplidar_ros//sdk/src/rplidar_driver_impl.h
-- Installing: /workspaces/spex_rover/install/rplidar_ros/share/rplidar_ros//sdk/src/rplidar_driver_serial.h
-- Installing: /workspaces/spex_rover/install/rplidar_ros/share/rplidar_ros//sdk/src/sdkcommon.h
-- Installing: /workspaces/spex_rover/install/rplidar_ros/share/ament_index/resource_index/package_run_dependencies/rplidar_ros
-- Installing: /workspaces/spex_rover/install/rplidar_ros/share/ament_index/resource_index/parent_prefix_path/rplidar_ros
-- Installing: /workspaces/spex_rover/install/rplidar_ros/share/rplidar_ros/environment/ament_prefix_path.sh
-- Installing: /workspaces/spex_rover/install/rplidar_ros/share/rplidar_ros/environment/ament_prefix_path.dsv
-- Installing: /workspaces/spex_rover/install/rplidar_ros/share/rplidar_ros/environment/path.sh
-- Installing: /workspaces/spex_rover/install/rplidar_ros/share/rplidar_ros/environment/path.dsv
-- Installing: /workspaces/spex_rover/install/rplidar_ros/share/rplidar_ros/local_setup.bash
-- Installing: /workspaces/spex_rover/install/rplidar_ros/share/rplidar_ros/local_setup.sh
-- Installing: /workspaces/spex_rover/install/rplidar_ros/share/rplidar_ros/local_setup.zsh
-- Installing: /workspaces/spex_rover/install/rplidar_ros/share/rplidar_ros/local_setup.dsv
-- Installing: /workspaces/spex_rover/install/rplidar_ros/share/rplidar_ros/package.dsv
-- Installing: /workspaces/spex_rover/install/rplidar_ros/share/ament_index/resource_index/packages/rplidar_ros
-- Installing: /workspaces/spex_rover/install/rplidar_ros/share/rplidar_ros/cmake/rplidar_rosConfig.cmake
-- Installing: /workspaces/spex_rover/install/rplidar_ros/share/rplidar_ros/cmake/rplidar_rosConfig-version.cmake
-- Installing: /workspaces/spex_rover/install/rplidar_ros/share/rplidar_ros/package.xml
