[0.303s] Invoking command in '/workspaces/spex_rover/build/rplidar_ros': CMAKE_PREFIX_PATH=/opt/ros/galactic /usr/bin/cmake /workspaces/spex_rover/src/spex_rover_rplidar -DCMAKE_INSTALL_PREFIX=/workspaces/spex_rover/install/rplidar_ros
[1.997s] -- The C compiler identification is GNU 9.3.0
[3.512s] -- The CXX compiler identification is GNU 9.3.0
[3.718s] -- Check for working C compiler: /usr/bin/cc
[5.380s] -- Check for working C compiler: /usr/bin/cc -- works
[5.390s] -- Detecting C compiler ABI info
[7.060s] -- Detecting C compiler ABI info - done
[7.285s] -- Detecting C compile features
[7.296s] -- Detecting C compile features - done
[7.398s] -- Check for working CXX compiler: /usr/bin/c++
[9.989s] -- Check for working CXX compiler: /usr/bin/c++ -- works
[10.001s] -- Detecting CXX compiler ABI info
[12.604s] -- Detecting CXX compiler ABI info - done
[12.739s] -- Detecting CXX compile features
[12.748s] -- Detecting CXX compile features - done
[12.838s] -- Found ament_cmake: 1.1.4 (/opt/ros/galactic/share/ament_cmake/cmake)
[13.376s] -- Found PythonInterp: /usr/bin/python3 (found suitable version "3.8.10", minimum required is "3") 
[13.384s] -- Using PYTHON_EXECUTABLE: /usr/bin/python3
[14.716s] -- Found rclcpp: 9.2.0 (/opt/ros/galactic/share/rclcpp/cmake)
[15.193s] -- Using all available rosidl_typesupport_c: rosidl_typesupport_fastrtps_c;rosidl_typesupport_introspection_c
[15.248s] -- Found rosidl_adapter: 2.2.1 (/opt/ros/galactic/share/rosidl_adapter/cmake)
[16.703s] -- Found OpenSSL: /usr/lib/x86_64-linux-gnu/libcrypto.so (found version "1.1.1f")  
[17.041s] -- Found FastRTPS: /opt/ros/galactic/include  
[17.666s] -- Using all available rosidl_typesupport_cpp: rosidl_typesupport_fastrtps_cpp;rosidl_typesupport_introspection_cpp
[18.283s] -- Found rmw_implementation_cmake: 3.3.1 (/opt/ros/galactic/share/rmw_implementation_cmake/cmake)
[18.311s] -- Found rmw_cyclonedds_cpp: 0.22.4 (/opt/ros/galactic/share/rmw_cyclonedds_cpp/cmake)
[18.517s] -- Using RMW implementation 'rmw_cyclonedds_cpp' as default
[18.558s] -- Looking for pthread.h
[20.693s] -- Looking for pthread.h - found
[20.713s] -- Performing Test CMAKE_HAVE_LIBC_PTHREAD
[23.199s] -- Performing Test CMAKE_HAVE_LIBC_PTHREAD - Failed
[23.206s] -- Looking for pthread_create in pthreads
[25.289s] -- Looking for pthread_create in pthreads - not found
[25.299s] -- Looking for pthread_create in pthread
[27.867s] -- Looking for pthread_create in pthread - found
[27.895s] -- Found Threads: TRUE  
[29.588s] -- Found sensor_msgs: 2.2.3 (/opt/ros/galactic/share/sensor_msgs/cmake)
[30.783s] -- Found std_srvs: 2.2.3 (/opt/ros/galactic/share/std_srvs/cmake)
[36.166s] -- Configuring done
[36.804s] -- Generating done
[36.941s] -- Build files have been written to: /workspaces/spex_rover/build/rplidar_ros
[37.054s] Invoked command in '/workspaces/spex_rover/build/rplidar_ros' returned '0': CMAKE_PREFIX_PATH=/opt/ros/galactic /usr/bin/cmake /workspaces/spex_rover/src/spex_rover_rplidar -DCMAKE_INSTALL_PREFIX=/workspaces/spex_rover/install/rplidar_ros
[37.109s] Invoking command in '/workspaces/spex_rover/build/rplidar_ros': CMAKE_PREFIX_PATH=/opt/ros/galactic /usr/bin/cmake --build /workspaces/spex_rover/build/rplidar_ros -- -j4 -l4
[38.396s] [35m[1mScanning dependencies of target rplidar_node[0m
[48.455s] [ 14%] [32mBuilding CXX object CMakeFiles/rplidar_node.dir/src/rplidar_node.cpp.o[0m
[108.303s] [ 28%] [32mBuilding CXX object CMakeFiles/rplidar_node.dir/sdk/src/arch/linux/timer.cpp.o[0m
[113.094s] [ 42%] [32mBuilding CXX object CMakeFiles/rplidar_node.dir/sdk/src/hal/thread.cpp.o[0m
[117.999s] [ 57%] [32mBuilding CXX object CMakeFiles/rplidar_node.dir/sdk/src/rplidar_driver.cpp.o[0m
[128.364s] [ 71%] [32mBuilding CXX object CMakeFiles/rplidar_node.dir/sdk/src/arch/linux/net_socket.cpp.o[0m
[133.743s] [ 85%] [32mBuilding CXX object CMakeFiles/rplidar_node.dir/sdk/src/arch/linux/net_serial.cpp.o[0m
[140.441s] [100%] [32m[1mLinking CXX executable rplidar_node[0m
[153.832s] [100%] Built target rplidar_node
[154.055s] Invoked command in '/workspaces/spex_rover/build/rplidar_ros' returned '0': CMAKE_PREFIX_PATH=/opt/ros/galactic /usr/bin/cmake --build /workspaces/spex_rover/build/rplidar_ros -- -j4 -l4
[155.864s] Invoking command in '/workspaces/spex_rover/build/rplidar_ros': CMAKE_PREFIX_PATH=/opt/ros/galactic /usr/bin/cmake --install /workspaces/spex_rover/build/rplidar_ros
[156.022s] -- Install configuration: ""
[156.059s] -- Installing: /workspaces/spex_rover/install/rplidar_ros/lib/rplidar_ros/rplidar_node
[156.706s] -- Set runtime path of "/workspaces/spex_rover/install/rplidar_ros/lib/rplidar_ros/rplidar_node" to ""
[156.711s] -- Installing: /workspaces/spex_rover/install/rplidar_ros/share/rplidar_ros//launch
[156.735s] -- Installing: /workspaces/spex_rover/install/rplidar_ros/share/rplidar_ros//launch/rplidar.launch
[156.776s] -- Installing: /workspaces/spex_rover/install/rplidar_ros/share/rplidar_ros//launch/rplidar_a3.launch
[156.801s] -- Installing: /workspaces/spex_rover/install/rplidar_ros/share/rplidar_ros//launch/rplidar_s1.launch
[156.834s] -- Installing: /workspaces/spex_rover/install/rplidar_ros/share/rplidar_ros//launch/rplidar_s1_tcp.launch
[156.863s] -- Installing: /workspaces/spex_rover/install/rplidar_ros/share/rplidar_ros//launch/test_rplidar.launch
[156.895s] -- Installing: /workspaces/spex_rover/install/rplidar_ros/share/rplidar_ros//launch/test_rplidar_a3.launch
[156.950s] -- Installing: /workspaces/spex_rover/install/rplidar_ros/share/rplidar_ros//launch/view_rplidar.launch
[156.994s] -- Installing: /workspaces/spex_rover/install/rplidar_ros/share/rplidar_ros//launch/view_rplidar_a3.launch
[157.010s] -- Installing: /workspaces/spex_rover/install/rplidar_ros/share/rplidar_ros//launch/view_rplidar_s1.launch
[157.034s] -- Installing: /workspaces/spex_rover/install/rplidar_ros/share/rplidar_ros//launch/view_rplidar_s1_tcp.launch
[157.069s] -- Installing: /workspaces/spex_rover/install/rplidar_ros/share/rplidar_ros//rviz
[157.080s] -- Installing: /workspaces/spex_rover/install/rplidar_ros/share/rplidar_ros//rviz/rplidar.rviz
[157.104s] -- Installing: /workspaces/spex_rover/install/rplidar_ros/share/rplidar_ros//sdk
[157.120s] -- Installing: /workspaces/spex_rover/install/rplidar_ros/share/rplidar_ros//sdk/README.txt
[157.143s] -- Installing: /workspaces/spex_rover/install/rplidar_ros/share/rplidar_ros//sdk/include
[157.157s] -- Installing: /workspaces/spex_rover/install/rplidar_ros/share/rplidar_ros//sdk/include/rplidar.h
[157.182s] -- Installing: /workspaces/spex_rover/install/rplidar_ros/share/rplidar_ros//sdk/include/rplidar_cmd.h
[157.223s] -- Installing: /workspaces/spex_rover/install/rplidar_ros/share/rplidar_ros//sdk/include/rplidar_driver.h
[157.259s] -- Installing: /workspaces/spex_rover/install/rplidar_ros/share/rplidar_ros//sdk/include/rplidar_protocol.h
[157.290s] -- Installing: /workspaces/spex_rover/install/rplidar_ros/share/rplidar_ros//sdk/include/rptypes.h
[157.322s] -- Installing: /workspaces/spex_rover/install/rplidar_ros/share/rplidar_ros//sdk/src
[157.345s] -- Installing: /workspaces/spex_rover/install/rplidar_ros/share/rplidar_ros//sdk/src/arch
[157.353s] -- Installing: /workspaces/spex_rover/install/rplidar_ros/share/rplidar_ros//sdk/src/arch/linux
[157.365s] -- Installing: /workspaces/spex_rover/install/rplidar_ros/share/rplidar_ros//sdk/src/arch/linux/arch_linux.h
[157.393s] -- Installing: /workspaces/spex_rover/install/rplidar_ros/share/rplidar_ros//sdk/src/arch/linux/net_serial.cpp
[157.429s] -- Installing: /workspaces/spex_rover/install/rplidar_ros/share/rplidar_ros//sdk/src/arch/linux/net_serial.h
[157.460s] -- Installing: /workspaces/spex_rover/install/rplidar_ros/share/rplidar_ros//sdk/src/arch/linux/net_socket.cpp
[157.503s] -- Installing: /workspaces/spex_rover/install/rplidar_ros/share/rplidar_ros//sdk/src/arch/linux/thread.hpp
[157.535s] -- Installing: /workspaces/spex_rover/install/rplidar_ros/share/rplidar_ros//sdk/src/arch/linux/timer.cpp
[157.560s] -- Installing: /workspaces/spex_rover/install/rplidar_ros/share/rplidar_ros//sdk/src/arch/linux/timer.h
[157.590s] -- Installing: /workspaces/spex_rover/install/rplidar_ros/share/rplidar_ros//sdk/src/arch/macOS
[157.601s] -- Installing: /workspaces/spex_rover/install/rplidar_ros/share/rplidar_ros//sdk/src/arch/macOS/arch_macOS.h
[157.624s] -- Installing: /workspaces/spex_rover/install/rplidar_ros/share/rplidar_ros//sdk/src/arch/macOS/net_serial.cpp
[157.649s] -- Installing: /workspaces/spex_rover/install/rplidar_ros/share/rplidar_ros//sdk/src/arch/macOS/net_serial.h
[157.691s] -- Installing: /workspaces/spex_rover/install/rplidar_ros/share/rplidar_ros//sdk/src/arch/macOS/net_socket.cpp
[157.723s] -- Installing: /workspaces/spex_rover/install/rplidar_ros/share/rplidar_ros//sdk/src/arch/macOS/thread.hpp
[157.752s] -- Installing: /workspaces/spex_rover/install/rplidar_ros/share/rplidar_ros//sdk/src/arch/macOS/timer.cpp
[157.780s] -- Installing: /workspaces/spex_rover/install/rplidar_ros/share/rplidar_ros//sdk/src/arch/macOS/timer.h
[157.807s] -- Installing: /workspaces/spex_rover/install/rplidar_ros/share/rplidar_ros//sdk/src/arch/win32
[157.818s] -- Installing: /workspaces/spex_rover/install/rplidar_ros/share/rplidar_ros//sdk/src/arch/win32/arch_win32.h
[157.846s] -- Installing: /workspaces/spex_rover/install/rplidar_ros/share/rplidar_ros//sdk/src/arch/win32/net_serial.cpp
[157.878s] -- Installing: /workspaces/spex_rover/install/rplidar_ros/share/rplidar_ros//sdk/src/arch/win32/net_serial.h
[157.906s] -- Installing: /workspaces/spex_rover/install/rplidar_ros/share/rplidar_ros//sdk/src/arch/win32/net_socket.cpp
[157.949s] -- Installing: /workspaces/spex_rover/install/rplidar_ros/share/rplidar_ros//sdk/src/arch/win32/timer.cpp
[157.977s] -- Installing: /workspaces/spex_rover/install/rplidar_ros/share/rplidar_ros//sdk/src/arch/win32/timer.h
[158.006s] -- Installing: /workspaces/spex_rover/install/rplidar_ros/share/rplidar_ros//sdk/src/arch/win32/winthread.hpp
[158.034s] -- Installing: /workspaces/spex_rover/install/rplidar_ros/share/rplidar_ros//sdk/src/hal
[158.044s] -- Installing: /workspaces/spex_rover/install/rplidar_ros/share/rplidar_ros//sdk/src/hal/abs_rxtx.h
[158.075s] -- Installing: /workspaces/spex_rover/install/rplidar_ros/share/rplidar_ros//sdk/src/hal/assert.h
[158.105s] -- Installing: /workspaces/spex_rover/install/rplidar_ros/share/rplidar_ros//sdk/src/hal/byteops.h
[158.135s] -- Installing: /workspaces/spex_rover/install/rplidar_ros/share/rplidar_ros//sdk/src/hal/event.h
[158.186s] -- Installing: /workspaces/spex_rover/install/rplidar_ros/share/rplidar_ros//sdk/src/hal/locker.h
[158.242s] -- Installing: /workspaces/spex_rover/install/rplidar_ros/share/rplidar_ros//sdk/src/hal/socket.h
[158.271s] -- Installing: /workspaces/spex_rover/install/rplidar_ros/share/rplidar_ros//sdk/src/hal/thread.cpp
[158.304s] -- Installing: /workspaces/spex_rover/install/rplidar_ros/share/rplidar_ros//sdk/src/hal/thread.h
[158.337s] -- Installing: /workspaces/spex_rover/install/rplidar_ros/share/rplidar_ros//sdk/src/hal/types.h
[158.365s] -- Installing: /workspaces/spex_rover/install/rplidar_ros/share/rplidar_ros//sdk/src/hal/util.h
[158.391s] -- Installing: /workspaces/spex_rover/install/rplidar_ros/share/rplidar_ros//sdk/src/rplidar_driver.cpp
[158.454s] -- Installing: /workspaces/spex_rover/install/rplidar_ros/share/rplidar_ros//sdk/src/rplidar_driver_TCP.h
[158.479s] -- Installing: /workspaces/spex_rover/install/rplidar_ros/share/rplidar_ros//sdk/src/rplidar_driver_impl.h
[158.523s] -- Installing: /workspaces/spex_rover/install/rplidar_ros/share/rplidar_ros//sdk/src/rplidar_driver_serial.h
[158.548s] -- Installing: /workspaces/spex_rover/install/rplidar_ros/share/rplidar_ros//sdk/src/sdkcommon.h
[158.588s] -- Installing: /workspaces/spex_rover/install/rplidar_ros/share/ament_index/resource_index/package_run_dependencies/rplidar_ros
[158.626s] -- Installing: /workspaces/spex_rover/install/rplidar_ros/share/ament_index/resource_index/parent_prefix_path/rplidar_ros
[158.663s] -- Installing: /workspaces/spex_rover/install/rplidar_ros/share/rplidar_ros/environment/ament_prefix_path.sh
[158.713s] -- Installing: /workspaces/spex_rover/install/rplidar_ros/share/rplidar_ros/environment/ament_prefix_path.dsv
[158.732s] -- Installing: /workspaces/spex_rover/install/rplidar_ros/share/rplidar_ros/environment/path.sh
[158.756s] -- Installing: /workspaces/spex_rover/install/rplidar_ros/share/rplidar_ros/environment/path.dsv
[158.790s] -- Installing: /workspaces/spex_rover/install/rplidar_ros/share/rplidar_ros/local_setup.bash
[158.815s] -- Installing: /workspaces/spex_rover/install/rplidar_ros/share/rplidar_ros/local_setup.sh
[158.843s] -- Installing: /workspaces/spex_rover/install/rplidar_ros/share/rplidar_ros/local_setup.zsh
[158.871s] -- Installing: /workspaces/spex_rover/install/rplidar_ros/share/rplidar_ros/local_setup.dsv
[158.900s] -- Installing: /workspaces/spex_rover/install/rplidar_ros/share/rplidar_ros/package.dsv
[158.941s] -- Installing: /workspaces/spex_rover/install/rplidar_ros/share/ament_index/resource_index/packages/rplidar_ros
[158.981s] -- Installing: /workspaces/spex_rover/install/rplidar_ros/share/rplidar_ros/cmake/rplidar_rosConfig.cmake
[159.010s] -- Installing: /workspaces/spex_rover/install/rplidar_ros/share/rplidar_ros/cmake/rplidar_rosConfig-version.cmake
[159.050s] -- Installing: /workspaces/spex_rover/install/rplidar_ros/share/rplidar_ros/package.xml
[159.112s] Invoked command in '/workspaces/spex_rover/build/rplidar_ros' returned '0': CMAKE_PREFIX_PATH=/opt/ros/galactic /usr/bin/cmake --install /workspaces/spex_rover/build/rplidar_ros
