-- The C compiler identification is GNU 9.3.0
-- The CXX compiler identification is GNU 9.3.0
-- Check for working C compiler: /usr/bin/cc
-- Check for working C compiler: /usr/bin/cc -- works
-- Detecting C compiler ABI info
-- Detecting C compiler ABI info - done
-- Detecting C compile features
-- Detecting C compile features - done
-- Check for working CXX compiler: /usr/bin/c++
-- Check for working CXX compiler: /usr/bin/c++ -- works
-- Detecting CXX compiler ABI info
-- Detecting CXX compiler ABI info - done
-- Detecting CXX compile features
-- Detecting CXX compile features - done
-- Found ament_cmake: 1.1.4 (/opt/ros/galactic/share/ament_cmake/cmake)
-- Found PythonInterp: /usr/bin/python3 (found suitable version "3.8.10", minimum required is "3") 
-- Using PYTHON_EXECUTABLE: /usr/bin/python3
-- Found ament_lint_auto: 0.10.6 (/opt/ros/galactic/share/ament_lint_auto/cmake)
-- Added test 'copyright' to check source files copyright and LICENSE
-- Added test 'lint_cmake' to check CMake code style
-- Added test 'xmllint' to check XML markup files
-- Configuring done
-- Generating done
-- Build files have been written to: /workspaces/spex_urc_rover/build/bringup
-- Install configuration: ""
-- Installing: /workspaces/spex_urc_rover/install/bringup/share/ament_index/resource_index/package_run_dependencies/bringup
-- Installing: /workspaces/spex_urc_rover/install/bringup/share/ament_index/resource_index/parent_prefix_path/bringup
-- Installing: /workspaces/spex_urc_rover/install/bringup/share/bringup/environment/ament_prefix_path.sh
-- Installing: /workspaces/spex_urc_rover/install/bringup/share/bringup/environment/ament_prefix_path.dsv
-- Installing: /workspaces/spex_urc_rover/install/bringup/share/bringup/environment/path.sh
-- Installing: /workspaces/spex_urc_rover/install/bringup/share/bringup/environment/path.dsv
-- Installing: /workspaces/spex_urc_rover/install/bringup/share/bringup/local_setup.bash
-- Installing: /workspaces/spex_urc_rover/install/bringup/share/bringup/local_setup.sh
-- Installing: /workspaces/spex_urc_rover/install/bringup/share/bringup/local_setup.zsh
-- Installing: /workspaces/spex_urc_rover/install/bringup/share/bringup/local_setup.dsv
-- Installing: /workspaces/spex_urc_rover/install/bringup/share/bringup/package.dsv
-- Installing: /workspaces/spex_urc_rover/install/bringup/share/ament_index/resource_index/packages/bringup
-- Installing: /workspaces/spex_urc_rover/install/bringup/share/bringup/cmake/bringupConfig.cmake
-- Installing: /workspaces/spex_urc_rover/install/bringup/share/bringup/cmake/bringupConfig-version.cmake
-- Installing: /workspaces/spex_urc_rover/install/bringup/share/bringup/package.xml
