[1.855s] DEBUG:colcon:Command line arguments: ['/usr/bin/colcon', 'build']
[1.859s] DEBUG:colcon:Parsed command line arguments: Namespace(allow_overriding=[], ament_cmake_args=None, base_paths=['.'], build_base='build', catkin_cmake_args=None, catkin_skip_building_tests=False, cmake_args=None, cmake_clean_cache=False, cmake_clean_first=False, cmake_force_configure=False, cmake_target=None, cmake_target_skip_unavailable=False, continue_on_error=False, event_handlers=None, executor='parallel', ignore_user_meta=False, install_base='install', log_base=None, log_level=None, main=<bound method BuildVerb.main of <colcon_core.verb.build.BuildVerb object at 0x40023c7100>>, merge_install=False, metas=['./colcon.meta'], packages_above=None, packages_above_and_dependencies=None, packages_above_depth=None, packages_end=None, packages_ignore=None, packages_ignore_regex=None, packages_select=None, packages_select_build_failed=False, packages_select_by_dep=None, packages_select_regex=None, packages_select_test_failures=False, packages_skip=None, packages_skip_build_finished=False, packages_skip_by_dep=None, packages_skip_regex=None, packages_skip_test_passed=False, packages_skip_up_to=None, packages_start=None, packages_up_to=None, packages_up_to_regex=None, parallel_workers=4, paths=None, symlink_install=False, test_result_base=None, verb_extension=<colcon_core.verb.build.BuildVerb object at 0x40023c7100>, verb_name='build', verb_parser=<colcon_defaults.argument_parser.defaults.DefaultArgumentsDecorator object at 0x40023c7640>)
[1.923s] Level 1:colcon.colcon_core.package_discovery:discover_packages(colcon_meta) check parameters
[1.927s] Level 1:colcon.colcon_core.package_discovery:discover_packages(recursive) check parameters
[1.929s] Level 1:colcon.colcon_core.package_discovery:discover_packages(ignore) check parameters
[1.931s] Level 1:colcon.colcon_core.package_discovery:discover_packages(path) check parameters
[1.933s] Level 1:colcon.colcon_core.package_discovery:discover_packages(colcon_meta) discover
[1.936s] Level 1:colcon.colcon_core.package_discovery:discover_packages(recursive) discover
[1.938s] INFO:colcon.colcon_core.package_discovery:Crawling recursively for packages in '/workspaces/spex_rover'
[1.943s] Level 1:colcon.colcon_core.package_identification:_identify(.) by extensions ['ignore', 'ignore_ament_install']
[1.946s] Level 1:colcon.colcon_core.package_identification:_identify(.) by extension 'ignore'
[1.950s] Level 1:colcon.colcon_core.package_identification:_identify(.) by extension 'ignore_ament_install'
[1.954s] Level 1:colcon.colcon_core.package_identification:_identify(.) by extensions ['colcon_pkg']
[1.957s] Level 1:colcon.colcon_core.package_identification:_identify(.) by extension 'colcon_pkg'
[1.961s] Level 1:colcon.colcon_core.package_identification:_identify(.) by extensions ['colcon_meta']
[1.963s] Level 1:colcon.colcon_core.package_identification:_identify(.) by extension 'colcon_meta'
[1.965s] Level 1:colcon.colcon_core.package_identification:_identify(.) by extensions ['ros']
[1.967s] Level 1:colcon.colcon_core.package_identification:_identify(.) by extension 'ros'
[2.063s] Level 1:colcon.colcon_core.package_identification:_identify(.) by extensions ['cmake', 'python']
[2.064s] Level 1:colcon.colcon_core.package_identification:_identify(.) by extension 'cmake'
[2.067s] Level 1:colcon.colcon_core.package_identification:_identify(.) by extension 'python'
[2.069s] Level 1:colcon.colcon_core.package_identification:_identify(.) by extensions ['python_setup_py']
[2.070s] Level 1:colcon.colcon_core.package_identification:_identify(.) by extension 'python_setup_py'
[2.080s] Level 1:colcon.colcon_core.package_identification:_identify(build) by extensions ['ignore', 'ignore_ament_install']
[2.083s] Level 1:colcon.colcon_core.package_identification:_identify(build) by extension 'ignore'
[2.084s] Level 1:colcon.colcon_core.package_identification:_identify(build) ignored
[2.088s] Level 1:colcon.colcon_core.package_identification:_identify(documentation) by extensions ['ignore', 'ignore_ament_install']
[2.089s] Level 1:colcon.colcon_core.package_identification:_identify(documentation) by extension 'ignore'
[2.092s] Level 1:colcon.colcon_core.package_identification:_identify(documentation) by extension 'ignore_ament_install'
[2.099s] Level 1:colcon.colcon_core.package_identification:_identify(documentation) by extensions ['colcon_pkg']
[2.100s] Level 1:colcon.colcon_core.package_identification:_identify(documentation) by extension 'colcon_pkg'
[2.102s] Level 1:colcon.colcon_core.package_identification:_identify(documentation) by extensions ['colcon_meta']
[2.104s] Level 1:colcon.colcon_core.package_identification:_identify(documentation) by extension 'colcon_meta'
[2.105s] Level 1:colcon.colcon_core.package_identification:_identify(documentation) by extensions ['ros']
[2.106s] Level 1:colcon.colcon_core.package_identification:_identify(documentation) by extension 'ros'
[2.111s] Level 1:colcon.colcon_core.package_identification:_identify(documentation) by extensions ['cmake', 'python']
[2.112s] Level 1:colcon.colcon_core.package_identification:_identify(documentation) by extension 'cmake'
[2.114s] Level 1:colcon.colcon_core.package_identification:_identify(documentation) by extension 'python'
[2.116s] Level 1:colcon.colcon_core.package_identification:_identify(documentation) by extensions ['python_setup_py']
[2.117s] Level 1:colcon.colcon_core.package_identification:_identify(documentation) by extension 'python_setup_py'
[2.121s] Level 1:colcon.colcon_core.package_identification:_identify(install) by extensions ['ignore', 'ignore_ament_install']
[2.122s] Level 1:colcon.colcon_core.package_identification:_identify(install) by extension 'ignore'
[2.123s] Level 1:colcon.colcon_core.package_identification:_identify(install) ignored
[2.129s] Level 1:colcon.colcon_core.package_identification:_identify(log) by extensions ['ignore', 'ignore_ament_install']
[2.132s] Level 1:colcon.colcon_core.package_identification:_identify(log) by extension 'ignore'
[2.133s] Level 1:colcon.colcon_core.package_identification:_identify(log) ignored
[2.136s] Level 1:colcon.colcon_core.package_identification:_identify(src) by extensions ['ignore', 'ignore_ament_install']
[2.138s] Level 1:colcon.colcon_core.package_identification:_identify(src) by extension 'ignore'
[2.140s] Level 1:colcon.colcon_core.package_identification:_identify(src) by extension 'ignore_ament_install'
[2.143s] Level 1:colcon.colcon_core.package_identification:_identify(src) by extensions ['colcon_pkg']
[2.144s] Level 1:colcon.colcon_core.package_identification:_identify(src) by extension 'colcon_pkg'
[2.146s] Level 1:colcon.colcon_core.package_identification:_identify(src) by extensions ['colcon_meta']
[2.147s] Level 1:colcon.colcon_core.package_identification:_identify(src) by extension 'colcon_meta'
[2.151s] Level 1:colcon.colcon_core.package_identification:_identify(src) by extensions ['ros']
[2.153s] Level 1:colcon.colcon_core.package_identification:_identify(src) by extension 'ros'
[2.160s] Level 1:colcon.colcon_core.package_identification:_identify(src) by extensions ['cmake', 'python']
[2.161s] Level 1:colcon.colcon_core.package_identification:_identify(src) by extension 'cmake'
[2.163s] Level 1:colcon.colcon_core.package_identification:_identify(src) by extension 'python'
[2.165s] Level 1:colcon.colcon_core.package_identification:_identify(src) by extensions ['python_setup_py']
[2.167s] Level 1:colcon.colcon_core.package_identification:_identify(src) by extension 'python_setup_py'
[2.172s] Level 1:colcon.colcon_core.package_identification:_identify(src/spex_rover) by extensions ['ignore', 'ignore_ament_install']
[2.173s] Level 1:colcon.colcon_core.package_identification:_identify(src/spex_rover) by extension 'ignore'
[2.175s] Level 1:colcon.colcon_core.package_identification:_identify(src/spex_rover) by extension 'ignore_ament_install'
[2.178s] Level 1:colcon.colcon_core.package_identification:_identify(src/spex_rover) by extensions ['colcon_pkg']
[2.179s] Level 1:colcon.colcon_core.package_identification:_identify(src/spex_rover) by extension 'colcon_pkg'
[2.181s] Level 1:colcon.colcon_core.package_identification:_identify(src/spex_rover) by extensions ['colcon_meta']
[2.184s] Level 1:colcon.colcon_core.package_identification:_identify(src/spex_rover) by extension 'colcon_meta'
[2.185s] Level 1:colcon.colcon_core.package_identification:_identify(src/spex_rover) by extensions ['ros']
[2.186s] Level 1:colcon.colcon_core.package_identification:_identify(src/spex_rover) by extension 'ros'
[2.222s] DEBUG:colcon.colcon_core.package_identification:Package 'src/spex_rover' with type 'ros.ament_cmake' and name 'spex_rover'
[2.227s] Level 1:colcon.colcon_core.package_identification:_identify(src/spex_rover_rplidar) by extensions ['ignore', 'ignore_ament_install']
[2.229s] Level 1:colcon.colcon_core.package_identification:_identify(src/spex_rover_rplidar) by extension 'ignore'
[2.231s] Level 1:colcon.colcon_core.package_identification:_identify(src/spex_rover_rplidar) by extension 'ignore_ament_install'
[2.234s] Level 1:colcon.colcon_core.package_identification:_identify(src/spex_rover_rplidar) by extensions ['colcon_pkg']
[2.236s] Level 1:colcon.colcon_core.package_identification:_identify(src/spex_rover_rplidar) by extension 'colcon_pkg'
[2.238s] Level 1:colcon.colcon_core.package_identification:_identify(src/spex_rover_rplidar) by extensions ['colcon_meta']
[2.239s] Level 1:colcon.colcon_core.package_identification:_identify(src/spex_rover_rplidar) by extension 'colcon_meta'
[2.241s] Level 1:colcon.colcon_core.package_identification:_identify(src/spex_rover_rplidar) by extensions ['ros']
[2.242s] Level 1:colcon.colcon_core.package_identification:_identify(src/spex_rover_rplidar) by extension 'ros'
[2.252s] DEBUG:colcon.colcon_core.package_identification:Package 'src/spex_rover_rplidar' with type 'ros.ament_cmake' and name 'rplidar_ros'
[2.253s] Level 1:colcon.colcon_core.package_discovery:discover_packages(recursive) using defaults
[2.254s] Level 1:colcon.colcon_core.package_discovery:discover_packages(ignore) discover
[2.255s] Level 1:colcon.colcon_core.package_discovery:discover_packages(ignore) using defaults
[2.256s] Level 1:colcon.colcon_core.package_discovery:discover_packages(path) discover
[2.259s] Level 1:colcon.colcon_core.package_discovery:discover_packages(path) using defaults
[2.412s] Level 5:colcon.colcon_core.verb:set package 'rplidar_ros' build argument 'cmake_args' from command line to 'None'
[2.414s] Level 5:colcon.colcon_core.verb:set package 'rplidar_ros' build argument 'cmake_target' from command line to 'None'
[2.417s] Level 5:colcon.colcon_core.verb:set package 'rplidar_ros' build argument 'cmake_target_skip_unavailable' from command line to 'False'
[2.421s] Level 5:colcon.colcon_core.verb:set package 'rplidar_ros' build argument 'cmake_clean_cache' from command line to 'False'
[2.424s] Level 5:colcon.colcon_core.verb:set package 'rplidar_ros' build argument 'cmake_clean_first' from command line to 'False'
[2.426s] Level 5:colcon.colcon_core.verb:set package 'rplidar_ros' build argument 'cmake_force_configure' from command line to 'False'
[2.428s] Level 5:colcon.colcon_core.verb:set package 'rplidar_ros' build argument 'ament_cmake_args' from command line to 'None'
[2.429s] Level 5:colcon.colcon_core.verb:set package 'rplidar_ros' build argument 'catkin_cmake_args' from command line to 'None'
[2.432s] Level 5:colcon.colcon_core.verb:set package 'rplidar_ros' build argument 'catkin_skip_building_tests' from command line to 'False'
[2.435s] DEBUG:colcon.colcon_core.verb:Building package 'rplidar_ros' with the following arguments: {'ament_cmake_args': None, 'build_base': '/workspaces/spex_rover/build/rplidar_ros', 'catkin_cmake_args': None, 'catkin_skip_building_tests': False, 'cmake_args': None, 'cmake_clean_cache': False, 'cmake_clean_first': False, 'cmake_force_configure': False, 'cmake_target': None, 'cmake_target_skip_unavailable': False, 'install_base': '/workspaces/spex_rover/install/rplidar_ros', 'merge_install': False, 'path': '/workspaces/spex_rover/src/spex_rover_rplidar', 'symlink_install': False, 'test_result_base': None}
[2.441s] Level 5:colcon.colcon_core.verb:set package 'spex_rover' build argument 'cmake_args' from command line to 'None'
[2.444s] Level 5:colcon.colcon_core.verb:set package 'spex_rover' build argument 'cmake_target' from command line to 'None'
[2.446s] Level 5:colcon.colcon_core.verb:set package 'spex_rover' build argument 'cmake_target_skip_unavailable' from command line to 'False'
[2.447s] Level 5:colcon.colcon_core.verb:set package 'spex_rover' build argument 'cmake_clean_cache' from command line to 'False'
[2.449s] Level 5:colcon.colcon_core.verb:set package 'spex_rover' build argument 'cmake_clean_first' from command line to 'False'
[2.450s] Level 5:colcon.colcon_core.verb:set package 'spex_rover' build argument 'cmake_force_configure' from command line to 'False'
[2.452s] Level 5:colcon.colcon_core.verb:set package 'spex_rover' build argument 'ament_cmake_args' from command line to 'None'
[2.454s] Level 5:colcon.colcon_core.verb:set package 'spex_rover' build argument 'catkin_cmake_args' from command line to 'None'
[2.456s] Level 5:colcon.colcon_core.verb:set package 'spex_rover' build argument 'catkin_skip_building_tests' from command line to 'False'
[2.457s] DEBUG:colcon.colcon_core.verb:Building package 'spex_rover' with the following arguments: {'ament_cmake_args': None, 'build_base': '/workspaces/spex_rover/build/spex_rover', 'catkin_cmake_args': None, 'catkin_skip_building_tests': False, 'cmake_args': None, 'cmake_clean_cache': False, 'cmake_clean_first': False, 'cmake_force_configure': False, 'cmake_target': None, 'cmake_target_skip_unavailable': False, 'install_base': '/workspaces/spex_rover/install/spex_rover', 'merge_install': False, 'path': '/workspaces/spex_rover/src/spex_rover', 'symlink_install': False, 'test_result_base': None}
[2.515s] INFO:colcon.colcon_core.executor:Executing jobs using 'parallel' executor
[2.549s] DEBUG:colcon.colcon_parallel_executor.executor.parallel:run_until_complete
[2.556s] INFO:colcon.colcon_ros.task.ament_cmake.build:Building ROS package in '/workspaces/spex_rover/src/spex_rover_rplidar' with build type 'ament_cmake'
[2.566s] INFO:colcon.colcon_cmake.task.cmake.build:Building CMake package in '/workspaces/spex_rover/src/spex_rover_rplidar'
[2.643s] INFO:colcon.colcon_core.plugin_system:Skipping extension 'colcon_core.shell.bat': Not used on non-Windows systems
[2.652s] INFO:colcon.colcon_core.shell:Skip shell extension 'powershell' for command environment: Not usable outside of PowerShell
[2.655s] DEBUG:colcon.colcon_core.shell:Skip shell extension 'dsv' for command environment
[2.733s] INFO:colcon.colcon_ros.task.ament_cmake.build:Building ROS package in '/workspaces/spex_rover/src/spex_rover' with build type 'ament_cmake'
[2.740s] INFO:colcon.colcon_cmake.task.cmake.build:Building CMake package in '/workspaces/spex_rover/src/spex_rover'
[2.783s] INFO:colcon.colcon_core.shell:Skip shell extension 'powershell' for command environment: Not usable outside of PowerShell
[2.786s] DEBUG:colcon.colcon_core.shell:Skip shell extension 'dsv' for command environment
[3.045s] DEBUG:colcon.colcon_core.event_handler.log_command:Invoking command in '/workspaces/spex_rover/build/rplidar_ros': CMAKE_PREFIX_PATH=/opt/ros/galactic /usr/bin/cmake --build /workspaces/spex_rover/build/rplidar_ros -- -j4 -l4
[3.283s] DEBUG:colcon.colcon_core.event_handler.log_command:Invoking command in '/workspaces/spex_rover/build/spex_rover': CMAKE_PREFIX_PATH=/opt/ros/galactic /usr/bin/cmake --build /workspaces/spex_rover/build/spex_rover -- -j4 -l4
[4.439s] DEBUG:colcon.colcon_core.event_handler.log_command:Invoked command in '/workspaces/spex_rover/build/spex_rover' returned '0': CMAKE_PREFIX_PATH=/opt/ros/galactic /usr/bin/cmake --build /workspaces/spex_rover/build/spex_rover -- -j4 -l4
[14.041s] DEBUG:colcon.colcon_core.event_handler.log_command:Invoking command in '/workspaces/spex_rover/build/spex_rover': CMAKE_PREFIX_PATH=/opt/ros/galactic /usr/bin/cmake --install /workspaces/spex_rover/build/spex_rover
[14.075s] DEBUG:colcon.colcon_core.event_handler.log_command:Invoked command in '/workspaces/spex_rover/build/rplidar_ros' returned '0': CMAKE_PREFIX_PATH=/opt/ros/galactic /usr/bin/cmake --build /workspaces/spex_rover/build/rplidar_ros -- -j4 -l4
[14.581s] Level 1:colcon.colcon_core.environment:create_environment_scripts_only(spex_rover)
[14.604s] DEBUG:colcon.colcon_core.event_handler.log_command:Invoked command in '/workspaces/spex_rover/build/spex_rover' returned '0': CMAKE_PREFIX_PATH=/opt/ros/galactic /usr/bin/cmake --install /workspaces/spex_rover/build/spex_rover
[14.668s] Level 1:colcon.colcon_core.environment:checking '/workspaces/spex_rover/install/spex_rover' for CMake module files
[14.741s] Level 1:colcon.colcon_core.environment:checking '/workspaces/spex_rover/install/spex_rover' for CMake config files
[14.764s] Level 1:colcon.colcon_core.shell:create_environment_hook('spex_rover', 'cmake_prefix_path')
[14.772s] INFO:colcon.colcon_core.shell:Creating environment hook '/workspaces/spex_rover/install/spex_rover/share/spex_rover/hook/cmake_prefix_path.ps1'
[14.797s] INFO:colcon.colcon_core.shell:Creating environment descriptor '/workspaces/spex_rover/install/spex_rover/share/spex_rover/hook/cmake_prefix_path.dsv'
[14.816s] INFO:colcon.colcon_core.shell:Creating environment hook '/workspaces/spex_rover/install/spex_rover/share/spex_rover/hook/cmake_prefix_path.sh'
[14.854s] Level 1:colcon.colcon_core.environment:checking '/workspaces/spex_rover/install/spex_rover/bin'
[14.857s] Level 1:colcon.colcon_core.environment:checking '/workspaces/spex_rover/install/spex_rover/lib/pkgconfig/spex_rover.pc'
[14.860s] Level 1:colcon.colcon_core.environment:checking '/workspaces/spex_rover/install/spex_rover/lib/python3.8/site-packages'
[14.869s] INFO:colcon.colcon_core.shell:Creating package script '/workspaces/spex_rover/install/spex_rover/share/spex_rover/package.ps1'
[14.897s] INFO:colcon.colcon_core.shell:Creating package descriptor '/workspaces/spex_rover/install/spex_rover/share/spex_rover/package.dsv'
[14.908s] INFO:colcon.colcon_core.shell:Creating package script '/workspaces/spex_rover/install/spex_rover/share/spex_rover/package.sh'
[14.920s] INFO:colcon.colcon_core.shell:Creating package script '/workspaces/spex_rover/install/spex_rover/share/spex_rover/package.bash'
[14.934s] INFO:colcon.colcon_core.shell:Creating package script '/workspaces/spex_rover/install/spex_rover/share/spex_rover/package.zsh'
[14.952s] Level 1:colcon.colcon_core.environment:create_file_with_runtime_dependencies(/workspaces/spex_rover/install/spex_rover/share/colcon-core/packages/spex_rover)
[15.570s] DEBUG:colcon.colcon_core.event_handler.log_command:Invoking command in '/workspaces/spex_rover/build/rplidar_ros': CMAKE_PREFIX_PATH=/opt/ros/galactic /usr/bin/cmake --install /workspaces/spex_rover/build/rplidar_ros
[15.772s] Level 1:colcon.colcon_core.environment:create_environment_scripts_only(spex_rover)
[15.787s] Level 1:colcon.colcon_core.environment:checking '/workspaces/spex_rover/install/spex_rover' for CMake module files
[15.828s] Level 1:colcon.colcon_core.environment:checking '/workspaces/spex_rover/install/spex_rover' for CMake config files
[15.836s] Level 1:colcon.colcon_core.shell:create_environment_hook('spex_rover', 'cmake_prefix_path')
[15.847s] INFO:colcon.colcon_core.shell:Creating environment hook '/workspaces/spex_rover/install/spex_rover/share/spex_rover/hook/cmake_prefix_path.ps1'
[15.865s] INFO:colcon.colcon_core.shell:Creating environment descriptor '/workspaces/spex_rover/install/spex_rover/share/spex_rover/hook/cmake_prefix_path.dsv'
[15.888s] INFO:colcon.colcon_core.shell:Creating environment hook '/workspaces/spex_rover/install/spex_rover/share/spex_rover/hook/cmake_prefix_path.sh'
[15.906s] Level 1:colcon.colcon_core.environment:checking '/workspaces/spex_rover/install/spex_rover/bin'
[15.910s] Level 1:colcon.colcon_core.environment:checking '/workspaces/spex_rover/install/spex_rover/lib/pkgconfig/spex_rover.pc'
[15.913s] Level 1:colcon.colcon_core.environment:checking '/workspaces/spex_rover/install/spex_rover/lib/python3.8/site-packages'
[15.921s] INFO:colcon.colcon_core.shell:Creating package script '/workspaces/spex_rover/install/spex_rover/share/spex_rover/package.ps1'
[15.940s] INFO:colcon.colcon_core.shell:Creating package descriptor '/workspaces/spex_rover/install/spex_rover/share/spex_rover/package.dsv'
[15.959s] INFO:colcon.colcon_core.shell:Creating package script '/workspaces/spex_rover/install/spex_rover/share/spex_rover/package.sh'
[15.972s] INFO:colcon.colcon_core.shell:Creating package script '/workspaces/spex_rover/install/spex_rover/share/spex_rover/package.bash'
[15.984s] INFO:colcon.colcon_core.shell:Creating package script '/workspaces/spex_rover/install/spex_rover/share/spex_rover/package.zsh'
[15.994s] Level 1:colcon.colcon_core.environment:create_file_with_runtime_dependencies(/workspaces/spex_rover/install/spex_rover/share/colcon-core/packages/spex_rover)
[16.202s] Level 1:colcon.colcon_core.environment:create_environment_scripts_only(rplidar_ros)
[16.213s] Level 1:colcon.colcon_core.environment:checking '/workspaces/spex_rover/install/rplidar_ros' for CMake module files
[16.285s] Level 1:colcon.colcon_core.environment:checking '/workspaces/spex_rover/install/rplidar_ros' for CMake config files
[16.307s] Level 1:colcon.colcon_core.shell:create_environment_hook('rplidar_ros', 'cmake_prefix_path')
[16.313s] INFO:colcon.colcon_core.shell:Creating environment hook '/workspaces/spex_rover/install/rplidar_ros/share/rplidar_ros/hook/cmake_prefix_path.ps1'
[16.331s] INFO:colcon.colcon_core.shell:Creating environment descriptor '/workspaces/spex_rover/install/rplidar_ros/share/rplidar_ros/hook/cmake_prefix_path.dsv'
[16.343s] INFO:colcon.colcon_core.shell:Creating environment hook '/workspaces/spex_rover/install/rplidar_ros/share/rplidar_ros/hook/cmake_prefix_path.sh'
[16.360s] Level 1:colcon.colcon_core.environment:checking '/workspaces/spex_rover/install/rplidar_ros/lib'
[16.368s] Level 1:colcon.colcon_core.environment:checking '/workspaces/spex_rover/install/rplidar_ros/bin'
[16.374s] Level 1:colcon.colcon_core.environment:checking '/workspaces/spex_rover/install/rplidar_ros/lib/pkgconfig/rplidar_ros.pc'
[16.377s] Level 1:colcon.colcon_core.environment:checking '/workspaces/spex_rover/install/rplidar_ros/lib/python3.8/site-packages'
[16.383s] INFO:colcon.colcon_core.shell:Creating package script '/workspaces/spex_rover/install/rplidar_ros/share/rplidar_ros/package.ps1'
[16.403s] INFO:colcon.colcon_core.shell:Creating package descriptor '/workspaces/spex_rover/install/rplidar_ros/share/rplidar_ros/package.dsv'
[16.416s] INFO:colcon.colcon_core.shell:Creating package script '/workspaces/spex_rover/install/rplidar_ros/share/rplidar_ros/package.sh'
[16.424s] DEBUG:colcon.colcon_core.event_handler.log_command:Invoked command in '/workspaces/spex_rover/build/rplidar_ros' returned '0': CMAKE_PREFIX_PATH=/opt/ros/galactic /usr/bin/cmake --install /workspaces/spex_rover/build/rplidar_ros
[16.425s] INFO:colcon.colcon_core.shell:Creating package script '/workspaces/spex_rover/install/rplidar_ros/share/rplidar_ros/package.bash'
[16.434s] INFO:colcon.colcon_core.shell:Creating package script '/workspaces/spex_rover/install/rplidar_ros/share/rplidar_ros/package.zsh'
[16.442s] Level 1:colcon.colcon_core.environment:create_file_with_runtime_dependencies(/workspaces/spex_rover/install/rplidar_ros/share/colcon-core/packages/rplidar_ros)
[17.196s] Level 1:colcon.colcon_core.environment:create_environment_scripts_only(rplidar_ros)
[17.203s] Level 1:colcon.colcon_core.environment:checking '/workspaces/spex_rover/install/rplidar_ros' for CMake module files
[17.234s] Level 1:colcon.colcon_core.environment:checking '/workspaces/spex_rover/install/rplidar_ros' for CMake config files
[17.238s] Level 1:colcon.colcon_core.shell:create_environment_hook('rplidar_ros', 'cmake_prefix_path')
[17.242s] INFO:colcon.colcon_core.shell:Creating environment hook '/workspaces/spex_rover/install/rplidar_ros/share/rplidar_ros/hook/cmake_prefix_path.ps1'
[17.252s] INFO:colcon.colcon_core.shell:Creating environment descriptor '/workspaces/spex_rover/install/rplidar_ros/share/rplidar_ros/hook/cmake_prefix_path.dsv'
[17.260s] INFO:colcon.colcon_core.shell:Creating environment hook '/workspaces/spex_rover/install/rplidar_ros/share/rplidar_ros/hook/cmake_prefix_path.sh'
[17.272s] Level 1:colcon.colcon_core.environment:checking '/workspaces/spex_rover/install/rplidar_ros/lib'
[17.274s] Level 1:colcon.colcon_core.environment:checking '/workspaces/spex_rover/install/rplidar_ros/bin'
[17.277s] Level 1:colcon.colcon_core.environment:checking '/workspaces/spex_rover/install/rplidar_ros/lib/pkgconfig/rplidar_ros.pc'
[17.279s] Level 1:colcon.colcon_core.environment:checking '/workspaces/spex_rover/install/rplidar_ros/lib/python3.8/site-packages'
[17.284s] INFO:colcon.colcon_core.shell:Creating package script '/workspaces/spex_rover/install/rplidar_ros/share/rplidar_ros/package.ps1'
[17.292s] INFO:colcon.colcon_core.shell:Creating package descriptor '/workspaces/spex_rover/install/rplidar_ros/share/rplidar_ros/package.dsv'
[17.300s] INFO:colcon.colcon_core.shell:Creating package script '/workspaces/spex_rover/install/rplidar_ros/share/rplidar_ros/package.sh'
[17.308s] INFO:colcon.colcon_core.shell:Creating package script '/workspaces/spex_rover/install/rplidar_ros/share/rplidar_ros/package.bash'
[17.314s] INFO:colcon.colcon_core.shell:Creating package script '/workspaces/spex_rover/install/rplidar_ros/share/rplidar_ros/package.zsh'
[17.320s] Level 1:colcon.colcon_core.environment:create_file_with_runtime_dependencies(/workspaces/spex_rover/install/rplidar_ros/share/colcon-core/packages/rplidar_ros)
[17.326s] DEBUG:colcon.colcon_parallel_executor.executor.parallel:closing loop
[17.330s] DEBUG:colcon.colcon_parallel_executor.executor.parallel:loop closed
[17.331s] DEBUG:colcon.colcon_parallel_executor.executor.parallel:run_until_complete finished with '0'
[17.334s] DEBUG:colcon.colcon_core.event_reactor:joining thread
[17.377s] INFO:colcon.colcon_core.plugin_system:Skipping extension 'colcon_notification.desktop_notification.notify_send': Could not find 'notify-send'
[17.379s] INFO:colcon.colcon_core.plugin_system:Skipping extension 'colcon_notification.desktop_notification.terminal_notifier': Not used on non-Darwin systems
[17.381s] INFO:colcon.colcon_core.plugin_system:Skipping extension 'colcon_notification.desktop_notification.win32': Not used on non-Windows systems
[17.382s] INFO:colcon.colcon_notification.desktop_notification:Sending desktop notification using 'notify2'
[17.385s] DEBUG:colcon.colcon_notification.desktop_notification.notify2:Failed to initialize notify2: org.freedesktop.DBus.Error.NotSupported: Unable to autolaunch a dbus-daemon without a $DISPLAY for X11
[17.387s] DEBUG:colcon.colcon_core.event_reactor:joined thread
[17.391s] INFO:colcon.colcon_core.shell:Creating prefix script '/workspaces/spex_rover/install/local_setup.ps1'
[17.403s] INFO:colcon.colcon_core.shell:Creating prefix util module '/workspaces/spex_rover/install/_local_setup_util_ps1.py'
[17.419s] INFO:colcon.colcon_core.shell:Creating prefix chain script '/workspaces/spex_rover/install/setup.ps1'
[17.430s] INFO:colcon.colcon_core.shell:Creating prefix script '/workspaces/spex_rover/install/local_setup.sh'
[17.438s] INFO:colcon.colcon_core.shell:Creating prefix util module '/workspaces/spex_rover/install/_local_setup_util_sh.py'
[17.446s] INFO:colcon.colcon_core.shell:Creating prefix chain script '/workspaces/spex_rover/install/setup.sh'
[17.461s] INFO:colcon.colcon_core.shell:Creating prefix script '/workspaces/spex_rover/install/local_setup.bash'
[17.468s] INFO:colcon.colcon_core.shell:Creating prefix chain script '/workspaces/spex_rover/install/setup.bash'
[17.480s] INFO:colcon.colcon_core.shell:Creating prefix script '/workspaces/spex_rover/install/local_setup.zsh'
[17.487s] INFO:colcon.colcon_core.shell:Creating prefix chain script '/workspaces/spex_rover/install/setup.zsh'
