[0.789s] DEBUG:colcon:Command line arguments: ['/usr/bin/colcon', 'build']
[0.792s] DEBUG:colcon:Parsed command line arguments: Namespace(allow_overriding=[], ament_cmake_args=None, base_paths=['.'], build_base='build', catkin_cmake_args=None, catkin_skip_building_tests=False, cmake_args=None, cmake_clean_cache=False, cmake_clean_first=False, cmake_force_configure=False, cmake_target=None, cmake_target_skip_unavailable=False, continue_on_error=False, event_handlers=None, executor='parallel', ignore_user_meta=False, install_base='install', log_base=None, log_level=None, main=<bound method BuildVerb.main of <colcon_core.verb.build.BuildVerb object at 0x4002408160>>, merge_install=False, metas=['./colcon.meta'], packages_above=None, packages_above_and_dependencies=None, packages_above_depth=None, packages_end=None, packages_ignore=None, packages_ignore_regex=None, packages_select=None, packages_select_build_failed=False, packages_select_by_dep=None, packages_select_regex=None, packages_select_test_failures=False, packages_skip=None, packages_skip_build_finished=False, packages_skip_by_dep=None, packages_skip_regex=None, packages_skip_test_passed=False, packages_skip_up_to=None, packages_start=None, packages_up_to=None, packages_up_to_regex=None, parallel_workers=4, paths=None, symlink_install=False, test_result_base=None, verb_extension=<colcon_core.verb.build.BuildVerb object at 0x4002408160>, verb_name='build', verb_parser=<colcon_defaults.argument_parser.defaults.DefaultArgumentsDecorator object at 0x40024086a0>)
[0.821s] Level 1:colcon.colcon_core.package_discovery:discover_packages(colcon_meta) check parameters
[0.825s] Level 1:colcon.colcon_core.package_discovery:discover_packages(recursive) check parameters
[0.826s] Level 1:colcon.colcon_core.package_discovery:discover_packages(ignore) check parameters
[0.827s] Level 1:colcon.colcon_core.package_discovery:discover_packages(path) check parameters
[0.828s] Level 1:colcon.colcon_core.package_discovery:discover_packages(colcon_meta) discover
[0.830s] Level 1:colcon.colcon_core.package_discovery:discover_packages(recursive) discover
[0.831s] INFO:colcon.colcon_core.package_discovery:Crawling recursively for packages in '/workspaces/spex_urc_rover'
[0.833s] Level 1:colcon.colcon_core.package_identification:_identify(.) by extensions ['ignore', 'ignore_ament_install']
[0.836s] Level 1:colcon.colcon_core.package_identification:_identify(.) by extension 'ignore'
[0.838s] Level 1:colcon.colcon_core.package_identification:_identify(.) by extension 'ignore_ament_install'
[0.842s] Level 1:colcon.colcon_core.package_identification:_identify(.) by extensions ['colcon_pkg']
[0.843s] Level 1:colcon.colcon_core.package_identification:_identify(.) by extension 'colcon_pkg'
[0.845s] Level 1:colcon.colcon_core.package_identification:_identify(.) by extensions ['colcon_meta']
[0.846s] Level 1:colcon.colcon_core.package_identification:_identify(.) by extension 'colcon_meta'
[0.847s] Level 1:colcon.colcon_core.package_identification:_identify(.) by extensions ['ros']
[0.848s] Level 1:colcon.colcon_core.package_identification:_identify(.) by extension 'ros'
[0.913s] Level 1:colcon.colcon_core.package_identification:_identify(.) by extensions ['cmake', 'python']
[0.914s] Level 1:colcon.colcon_core.package_identification:_identify(.) by extension 'cmake'
[0.917s] Level 1:colcon.colcon_core.package_identification:_identify(.) by extension 'python'
[0.921s] Level 1:colcon.colcon_core.package_identification:_identify(.) by extensions ['python_setup_py']
[0.922s] Level 1:colcon.colcon_core.package_identification:_identify(.) by extension 'python_setup_py'
[0.926s] Level 1:colcon.colcon_core.package_identification:_identify(build) by extensions ['ignore', 'ignore_ament_install']
[0.930s] Level 1:colcon.colcon_core.package_identification:_identify(build) by extension 'ignore'
[0.933s] Level 1:colcon.colcon_core.package_identification:_identify(build) ignored
[0.937s] Level 1:colcon.colcon_core.package_identification:_identify(documentation) by extensions ['ignore', 'ignore_ament_install']
[0.939s] Level 1:colcon.colcon_core.package_identification:_identify(documentation) by extension 'ignore'
[0.942s] Level 1:colcon.colcon_core.package_identification:_identify(documentation) by extension 'ignore_ament_install'
[0.945s] Level 1:colcon.colcon_core.package_identification:_identify(documentation) by extensions ['colcon_pkg']
[0.946s] Level 1:colcon.colcon_core.package_identification:_identify(documentation) by extension 'colcon_pkg'
[0.948s] Level 1:colcon.colcon_core.package_identification:_identify(documentation) by extensions ['colcon_meta']
[0.950s] Level 1:colcon.colcon_core.package_identification:_identify(documentation) by extension 'colcon_meta'
[0.952s] Level 1:colcon.colcon_core.package_identification:_identify(documentation) by extensions ['ros']
[0.953s] Level 1:colcon.colcon_core.package_identification:_identify(documentation) by extension 'ros'
[0.958s] Level 1:colcon.colcon_core.package_identification:_identify(documentation) by extensions ['cmake', 'python']
[0.959s] Level 1:colcon.colcon_core.package_identification:_identify(documentation) by extension 'cmake'
[0.962s] Level 1:colcon.colcon_core.package_identification:_identify(documentation) by extension 'python'
[0.964s] Level 1:colcon.colcon_core.package_identification:_identify(documentation) by extensions ['python_setup_py']
[0.965s] Level 1:colcon.colcon_core.package_identification:_identify(documentation) by extension 'python_setup_py'
[0.969s] Level 1:colcon.colcon_core.package_identification:_identify(install) by extensions ['ignore', 'ignore_ament_install']
[0.971s] Level 1:colcon.colcon_core.package_identification:_identify(install) by extension 'ignore'
[0.972s] Level 1:colcon.colcon_core.package_identification:_identify(install) ignored
[0.979s] Level 1:colcon.colcon_core.package_identification:_identify(log) by extensions ['ignore', 'ignore_ament_install']
[0.981s] Level 1:colcon.colcon_core.package_identification:_identify(log) by extension 'ignore'
[0.982s] Level 1:colcon.colcon_core.package_identification:_identify(log) ignored
[0.983s] Level 1:colcon.colcon_core.package_identification:_identify(src) by extensions ['ignore', 'ignore_ament_install']
[0.986s] Level 1:colcon.colcon_core.package_identification:_identify(src) by extension 'ignore'
[0.988s] Level 1:colcon.colcon_core.package_identification:_identify(src) by extension 'ignore_ament_install'
[0.992s] Level 1:colcon.colcon_core.package_identification:_identify(src) by extensions ['colcon_pkg']
[0.993s] Level 1:colcon.colcon_core.package_identification:_identify(src) by extension 'colcon_pkg'
[0.996s] Level 1:colcon.colcon_core.package_identification:_identify(src) by extensions ['colcon_meta']
[0.998s] Level 1:colcon.colcon_core.package_identification:_identify(src) by extension 'colcon_meta'
[1.000s] Level 1:colcon.colcon_core.package_identification:_identify(src) by extensions ['ros']
[1.002s] Level 1:colcon.colcon_core.package_identification:_identify(src) by extension 'ros'
[1.007s] Level 1:colcon.colcon_core.package_identification:_identify(src) by extensions ['cmake', 'python']
[1.009s] Level 1:colcon.colcon_core.package_identification:_identify(src) by extension 'cmake'
[1.012s] Level 1:colcon.colcon_core.package_identification:_identify(src) by extension 'python'
[1.014s] Level 1:colcon.colcon_core.package_identification:_identify(src) by extensions ['python_setup_py']
[1.016s] Level 1:colcon.colcon_core.package_identification:_identify(src) by extension 'python_setup_py'
[1.022s] Level 1:colcon.colcon_core.package_identification:_identify(src/bringup) by extensions ['ignore', 'ignore_ament_install']
[1.024s] Level 1:colcon.colcon_core.package_identification:_identify(src/bringup) by extension 'ignore'
[1.026s] Level 1:colcon.colcon_core.package_identification:_identify(src/bringup) by extension 'ignore_ament_install'
[1.029s] Level 1:colcon.colcon_core.package_identification:_identify(src/bringup) by extensions ['colcon_pkg']
[1.030s] Level 1:colcon.colcon_core.package_identification:_identify(src/bringup) by extension 'colcon_pkg'
[1.032s] Level 1:colcon.colcon_core.package_identification:_identify(src/bringup) by extensions ['colcon_meta']
[1.034s] Level 1:colcon.colcon_core.package_identification:_identify(src/bringup) by extension 'colcon_meta'
[1.035s] Level 1:colcon.colcon_core.package_identification:_identify(src/bringup) by extensions ['ros']
[1.036s] Level 1:colcon.colcon_core.package_identification:_identify(src/bringup) by extension 'ros'
[1.060s] DEBUG:colcon.colcon_core.package_identification:Package 'src/bringup' with type 'ros.ament_cmake' and name 'bringup'
[1.063s] Level 1:colcon.colcon_core.package_identification:_identify(src/controllers) by extensions ['ignore', 'ignore_ament_install']
[1.064s] Level 1:colcon.colcon_core.package_identification:_identify(src/controllers) by extension 'ignore'
[1.066s] Level 1:colcon.colcon_core.package_identification:_identify(src/controllers) by extension 'ignore_ament_install'
[1.070s] Level 1:colcon.colcon_core.package_identification:_identify(src/controllers) by extensions ['colcon_pkg']
[1.071s] Level 1:colcon.colcon_core.package_identification:_identify(src/controllers) by extension 'colcon_pkg'
[1.073s] Level 1:colcon.colcon_core.package_identification:_identify(src/controllers) by extensions ['colcon_meta']
[1.075s] Level 1:colcon.colcon_core.package_identification:_identify(src/controllers) by extension 'colcon_meta'
[1.076s] Level 1:colcon.colcon_core.package_identification:_identify(src/controllers) by extensions ['ros']
[1.077s] Level 1:colcon.colcon_core.package_identification:_identify(src/controllers) by extension 'ros'
[1.086s] DEBUG:colcon.colcon_core.package_identification:Package 'src/controllers' with type 'ros.ament_cmake' and name 'controllers'
[1.088s] Level 1:colcon.colcon_core.package_identification:_identify(src/rover_bringup) by extensions ['ignore', 'ignore_ament_install']
[1.090s] Level 1:colcon.colcon_core.package_identification:_identify(src/rover_bringup) by extension 'ignore'
[1.092s] Level 1:colcon.colcon_core.package_identification:_identify(src/rover_bringup) by extension 'ignore_ament_install'
[1.096s] Level 1:colcon.colcon_core.package_identification:_identify(src/rover_bringup) by extensions ['colcon_pkg']
[1.097s] Level 1:colcon.colcon_core.package_identification:_identify(src/rover_bringup) by extension 'colcon_pkg'
[1.100s] Level 1:colcon.colcon_core.package_identification:_identify(src/rover_bringup) by extensions ['colcon_meta']
[1.101s] Level 1:colcon.colcon_core.package_identification:_identify(src/rover_bringup) by extension 'colcon_meta'
[1.104s] Level 1:colcon.colcon_core.package_identification:_identify(src/rover_bringup) by extensions ['ros']
[1.105s] Level 1:colcon.colcon_core.package_identification:_identify(src/rover_bringup) by extension 'ros'
[1.111s] Level 1:colcon.colcon_core.package_identification:_identify(src/rover_bringup) by extensions ['cmake', 'python']
[1.112s] Level 1:colcon.colcon_core.package_identification:_identify(src/rover_bringup) by extension 'cmake'
[1.114s] Level 1:colcon.colcon_core.package_identification:_identify(src/rover_bringup) by extension 'python'
[1.116s] Level 1:colcon.colcon_core.package_identification:_identify(src/rover_bringup) by extensions ['python_setup_py']
[1.117s] Level 1:colcon.colcon_core.package_identification:_identify(src/rover_bringup) by extension 'python_setup_py'
[1.121s] Level 1:colcon.colcon_core.package_identification:_identify(src/rover_controllers) by extensions ['ignore', 'ignore_ament_install']
[1.122s] Level 1:colcon.colcon_core.package_identification:_identify(src/rover_controllers) by extension 'ignore'
[1.124s] Level 1:colcon.colcon_core.package_identification:_identify(src/rover_controllers) by extension 'ignore_ament_install'
[1.128s] Level 1:colcon.colcon_core.package_identification:_identify(src/rover_controllers) by extensions ['colcon_pkg']
[1.130s] Level 1:colcon.colcon_core.package_identification:_identify(src/rover_controllers) by extension 'colcon_pkg'
[1.132s] Level 1:colcon.colcon_core.package_identification:_identify(src/rover_controllers) by extensions ['colcon_meta']
[1.133s] Level 1:colcon.colcon_core.package_identification:_identify(src/rover_controllers) by extension 'colcon_meta'
[1.136s] Level 1:colcon.colcon_core.package_identification:_identify(src/rover_controllers) by extensions ['ros']
[1.137s] Level 1:colcon.colcon_core.package_identification:_identify(src/rover_controllers) by extension 'ros'
[1.143s] Level 1:colcon.colcon_core.package_identification:_identify(src/rover_controllers) by extensions ['cmake', 'python']
[1.144s] Level 1:colcon.colcon_core.package_identification:_identify(src/rover_controllers) by extension 'cmake'
[1.147s] Level 1:colcon.colcon_core.package_identification:_identify(src/rover_controllers) by extension 'python'
[1.149s] Level 1:colcon.colcon_core.package_identification:_identify(src/rover_controllers) by extensions ['python_setup_py']
[1.150s] Level 1:colcon.colcon_core.package_identification:_identify(src/rover_controllers) by extension 'python_setup_py'
[1.153s] Level 1:colcon.colcon_core.package_identification:_identify(src/rover_description) by extensions ['ignore', 'ignore_ament_install']
[1.154s] Level 1:colcon.colcon_core.package_identification:_identify(src/rover_description) by extension 'ignore'
[1.157s] Level 1:colcon.colcon_core.package_identification:_identify(src/rover_description) by extension 'ignore_ament_install'
[1.160s] Level 1:colcon.colcon_core.package_identification:_identify(src/rover_description) by extensions ['colcon_pkg']
[1.162s] Level 1:colcon.colcon_core.package_identification:_identify(src/rover_description) by extension 'colcon_pkg'
[1.165s] Level 1:colcon.colcon_core.package_identification:_identify(src/rover_description) by extensions ['colcon_meta']
[1.165s] Level 1:colcon.colcon_core.package_identification:_identify(src/rover_description) by extension 'colcon_meta'
[1.167s] Level 1:colcon.colcon_core.package_identification:_identify(src/rover_description) by extensions ['ros']
[1.168s] Level 1:colcon.colcon_core.package_identification:_identify(src/rover_description) by extension 'ros'
[1.174s] Level 1:colcon.colcon_core.package_identification:_identify(src/rover_description) by extensions ['cmake', 'python']
[1.175s] Level 1:colcon.colcon_core.package_identification:_identify(src/rover_description) by extension 'cmake'
[1.177s] Level 1:colcon.colcon_core.package_identification:_identify(src/rover_description) by extension 'python'
[1.180s] Level 1:colcon.colcon_core.package_identification:_identify(src/rover_description) by extensions ['python_setup_py']
[1.181s] Level 1:colcon.colcon_core.package_identification:_identify(src/rover_description) by extension 'python_setup_py'
[1.183s] Level 1:colcon.colcon_core.package_identification:_identify(src/rover_hardware_interface) by extensions ['ignore', 'ignore_ament_install']
[1.185s] Level 1:colcon.colcon_core.package_identification:_identify(src/rover_hardware_interface) by extension 'ignore'
[1.187s] Level 1:colcon.colcon_core.package_identification:_identify(src/rover_hardware_interface) by extension 'ignore_ament_install'
[1.190s] Level 1:colcon.colcon_core.package_identification:_identify(src/rover_hardware_interface) by extensions ['colcon_pkg']
[1.190s] Level 1:colcon.colcon_core.package_identification:_identify(src/rover_hardware_interface) by extension 'colcon_pkg'
[1.192s] Level 1:colcon.colcon_core.package_identification:_identify(src/rover_hardware_interface) by extensions ['colcon_meta']
[1.193s] Level 1:colcon.colcon_core.package_identification:_identify(src/rover_hardware_interface) by extension 'colcon_meta'
[1.195s] Level 1:colcon.colcon_core.package_identification:_identify(src/rover_hardware_interface) by extensions ['ros']
[1.197s] Level 1:colcon.colcon_core.package_identification:_identify(src/rover_hardware_interface) by extension 'ros'
[1.202s] Level 1:colcon.colcon_core.package_identification:_identify(src/rover_hardware_interface) by extensions ['cmake', 'python']
[1.204s] Level 1:colcon.colcon_core.package_identification:_identify(src/rover_hardware_interface) by extension 'cmake'
[1.206s] Level 1:colcon.colcon_core.package_identification:_identify(src/rover_hardware_interface) by extension 'python'
[1.208s] Level 1:colcon.colcon_core.package_identification:_identify(src/rover_hardware_interface) by extensions ['python_setup_py']
[1.209s] Level 1:colcon.colcon_core.package_identification:_identify(src/rover_hardware_interface) by extension 'python_setup_py'
[1.211s] Level 1:colcon.colcon_core.package_discovery:discover_packages(recursive) using defaults
[1.212s] Level 1:colcon.colcon_core.package_discovery:discover_packages(ignore) discover
[1.213s] Level 1:colcon.colcon_core.package_discovery:discover_packages(ignore) using defaults
[1.214s] Level 1:colcon.colcon_core.package_discovery:discover_packages(path) discover
[1.215s] Level 1:colcon.colcon_core.package_discovery:discover_packages(path) using defaults
[1.324s] Level 5:colcon.colcon_core.verb:set package 'bringup' build argument 'cmake_args' from command line to 'None'
[1.325s] Level 5:colcon.colcon_core.verb:set package 'bringup' build argument 'cmake_target' from command line to 'None'
[1.327s] Level 5:colcon.colcon_core.verb:set package 'bringup' build argument 'cmake_target_skip_unavailable' from command line to 'False'
[1.329s] Level 5:colcon.colcon_core.verb:set package 'bringup' build argument 'cmake_clean_cache' from command line to 'False'
[1.330s] Level 5:colcon.colcon_core.verb:set package 'bringup' build argument 'cmake_clean_first' from command line to 'False'
[1.332s] Level 5:colcon.colcon_core.verb:set package 'bringup' build argument 'cmake_force_configure' from command line to 'False'
[1.333s] Level 5:colcon.colcon_core.verb:set package 'bringup' build argument 'ament_cmake_args' from command line to 'None'
[1.334s] Level 5:colcon.colcon_core.verb:set package 'bringup' build argument 'catkin_cmake_args' from command line to 'None'
[1.336s] Level 5:colcon.colcon_core.verb:set package 'bringup' build argument 'catkin_skip_building_tests' from command line to 'False'
[1.337s] DEBUG:colcon.colcon_core.verb:Building package 'bringup' with the following arguments: {'ament_cmake_args': None, 'build_base': '/workspaces/spex_urc_rover/build/bringup', 'catkin_cmake_args': None, 'catkin_skip_building_tests': False, 'cmake_args': None, 'cmake_clean_cache': False, 'cmake_clean_first': False, 'cmake_force_configure': False, 'cmake_target': None, 'cmake_target_skip_unavailable': False, 'install_base': '/workspaces/spex_urc_rover/install/bringup', 'merge_install': False, 'path': '/workspaces/spex_urc_rover/src/bringup', 'symlink_install': False, 'test_result_base': None}
[1.343s] Level 5:colcon.colcon_core.verb:set package 'controllers' build argument 'cmake_args' from command line to 'None'
[1.344s] Level 5:colcon.colcon_core.verb:set package 'controllers' build argument 'cmake_target' from command line to 'None'
[1.346s] Level 5:colcon.colcon_core.verb:set package 'controllers' build argument 'cmake_target_skip_unavailable' from command line to 'False'
[1.347s] Level 5:colcon.colcon_core.verb:set package 'controllers' build argument 'cmake_clean_cache' from command line to 'False'
[1.348s] Level 5:colcon.colcon_core.verb:set package 'controllers' build argument 'cmake_clean_first' from command line to 'False'
[1.350s] Level 5:colcon.colcon_core.verb:set package 'controllers' build argument 'cmake_force_configure' from command line to 'False'
[1.351s] Level 5:colcon.colcon_core.verb:set package 'controllers' build argument 'ament_cmake_args' from command line to 'None'
[1.352s] Level 5:colcon.colcon_core.verb:set package 'controllers' build argument 'catkin_cmake_args' from command line to 'None'
[1.353s] Level 5:colcon.colcon_core.verb:set package 'controllers' build argument 'catkin_skip_building_tests' from command line to 'False'
[1.354s] DEBUG:colcon.colcon_core.verb:Building package 'controllers' with the following arguments: {'ament_cmake_args': None, 'build_base': '/workspaces/spex_urc_rover/build/controllers', 'catkin_cmake_args': None, 'catkin_skip_building_tests': False, 'cmake_args': None, 'cmake_clean_cache': False, 'cmake_clean_first': False, 'cmake_force_configure': False, 'cmake_target': None, 'cmake_target_skip_unavailable': False, 'install_base': '/workspaces/spex_urc_rover/install/controllers', 'merge_install': False, 'path': '/workspaces/spex_urc_rover/src/controllers', 'symlink_install': False, 'test_result_base': None}
[1.384s] INFO:colcon.colcon_core.executor:Executing jobs using 'parallel' executor
[1.406s] DEBUG:colcon.colcon_parallel_executor.executor.parallel:run_until_complete
[1.414s] INFO:colcon.colcon_ros.task.ament_cmake.build:Building ROS package in '/workspaces/spex_urc_rover/src/bringup' with build type 'ament_cmake'
[1.417s] INFO:colcon.colcon_cmake.task.cmake.build:Building CMake package in '/workspaces/spex_urc_rover/src/bringup'
[1.438s] INFO:colcon.colcon_core.plugin_system:Skipping extension 'colcon_core.shell.bat': Not used on non-Windows systems
[1.441s] INFO:colcon.colcon_core.shell:Skip shell extension 'powershell' for command environment: Not usable outside of PowerShell
[1.444s] DEBUG:colcon.colcon_core.shell:Skip shell extension 'dsv' for command environment
[1.488s] INFO:colcon.colcon_ros.task.ament_cmake.build:Building ROS package in '/workspaces/spex_urc_rover/src/controllers' with build type 'ament_cmake'
[1.491s] INFO:colcon.colcon_cmake.task.cmake.build:Building CMake package in '/workspaces/spex_urc_rover/src/controllers'
[1.497s] INFO:colcon.colcon_core.shell:Skip shell extension 'powershell' for command environment: Not usable outside of PowerShell
[1.499s] DEBUG:colcon.colcon_core.shell:Skip shell extension 'dsv' for command environment
[1.607s] DEBUG:colcon.colcon_core.event_handler.log_command:Invoking command in '/workspaces/spex_urc_rover/build/bringup': CMAKE_PREFIX_PATH=/opt/ros/galactic /usr/bin/cmake /workspaces/spex_urc_rover/src/bringup -DCMAKE_INSTALL_PREFIX=/workspaces/spex_urc_rover/install/bringup
[1.668s] DEBUG:colcon.colcon_core.event_handler.log_command:Invoking command in '/workspaces/spex_urc_rover/build/controllers': CMAKE_PREFIX_PATH=/opt/ros/galactic /usr/bin/cmake /workspaces/spex_urc_rover/src/controllers -DCMAKE_INSTALL_PREFIX=/workspaces/spex_urc_rover/install/controllers
[13.119s] DEBUG:colcon.colcon_core.event_handler.log_command:Invoked command in '/workspaces/spex_urc_rover/build/bringup' returned '0': CMAKE_PREFIX_PATH=/opt/ros/galactic /usr/bin/cmake /workspaces/spex_urc_rover/src/bringup -DCMAKE_INSTALL_PREFIX=/workspaces/spex_urc_rover/install/bringup
[13.132s] DEBUG:colcon.colcon_core.event_handler.log_command:Invoking command in '/workspaces/spex_urc_rover/build/bringup': CMAKE_PREFIX_PATH=/opt/ros/galactic /usr/bin/cmake --build /workspaces/spex_urc_rover/build/bringup -- -j4 -l4
[13.142s] DEBUG:colcon.colcon_core.event_handler.log_command:Invoked command in '/workspaces/spex_urc_rover/build/controllers' returned '0': CMAKE_PREFIX_PATH=/opt/ros/galactic /usr/bin/cmake /workspaces/spex_urc_rover/src/controllers -DCMAKE_INSTALL_PREFIX=/workspaces/spex_urc_rover/install/controllers
[13.156s] DEBUG:colcon.colcon_core.event_handler.log_command:Invoking command in '/workspaces/spex_urc_rover/build/controllers': CMAKE_PREFIX_PATH=/opt/ros/galactic /usr/bin/cmake --build /workspaces/spex_urc_rover/build/controllers -- -j4 -l4
[13.605s] DEBUG:colcon.colcon_core.event_handler.log_command:Invoked command in '/workspaces/spex_urc_rover/build/bringup' returned '0': CMAKE_PREFIX_PATH=/opt/ros/galactic /usr/bin/cmake --build /workspaces/spex_urc_rover/build/bringup -- -j4 -l4
[13.642s] DEBUG:colcon.colcon_core.event_handler.log_command:Invoked command in '/workspaces/spex_urc_rover/build/controllers' returned '0': CMAKE_PREFIX_PATH=/opt/ros/galactic /usr/bin/cmake --build /workspaces/spex_urc_rover/build/controllers -- -j4 -l4
[14.063s] DEBUG:colcon.colcon_core.event_handler.log_command:Invoking command in '/workspaces/spex_urc_rover/build/bringup': CMAKE_PREFIX_PATH=/opt/ros/galactic /usr/bin/cmake --install /workspaces/spex_urc_rover/build/bringup
[14.081s] DEBUG:colcon.colcon_core.event_handler.log_command:Invoking command in '/workspaces/spex_urc_rover/build/controllers': CMAKE_PREFIX_PATH=/opt/ros/galactic /usr/bin/cmake --install /workspaces/spex_urc_rover/build/controllers
[14.687s] Level 1:colcon.colcon_core.environment:create_environment_scripts_only(bringup)
[14.700s] DEBUG:colcon.colcon_core.event_handler.log_command:Invoked command in '/workspaces/spex_urc_rover/build/bringup' returned '0': CMAKE_PREFIX_PATH=/opt/ros/galactic /usr/bin/cmake --install /workspaces/spex_urc_rover/build/bringup
[14.734s] Level 1:colcon.colcon_core.environment:checking '/workspaces/spex_urc_rover/install/bringup' for CMake module files
[14.773s] Level 1:colcon.colcon_core.environment:checking '/workspaces/spex_urc_rover/install/bringup' for CMake config files
[14.796s] Level 1:colcon.colcon_core.shell:create_environment_hook('bringup', 'cmake_prefix_path')
[14.801s] INFO:colcon.colcon_core.shell:Creating environment hook '/workspaces/spex_urc_rover/install/bringup/share/bringup/hook/cmake_prefix_path.ps1'
[14.828s] INFO:colcon.colcon_core.shell:Creating environment descriptor '/workspaces/spex_urc_rover/install/bringup/share/bringup/hook/cmake_prefix_path.dsv'
[14.841s] INFO:colcon.colcon_core.shell:Creating environment hook '/workspaces/spex_urc_rover/install/bringup/share/bringup/hook/cmake_prefix_path.sh'
[14.864s] Level 1:colcon.colcon_core.environment:checking '/workspaces/spex_urc_rover/install/bringup/bin'
[14.867s] Level 1:colcon.colcon_core.environment:checking '/workspaces/spex_urc_rover/install/bringup/lib/pkgconfig/bringup.pc'
[14.876s] Level 1:colcon.colcon_core.environment:checking '/workspaces/spex_urc_rover/install/bringup/lib/python3.8/site-packages'
[14.883s] INFO:colcon.colcon_core.shell:Creating package script '/workspaces/spex_urc_rover/install/bringup/share/bringup/package.ps1'
[14.897s] INFO:colcon.colcon_core.shell:Creating package descriptor '/workspaces/spex_urc_rover/install/bringup/share/bringup/package.dsv'
[14.907s] INFO:colcon.colcon_core.shell:Creating package script '/workspaces/spex_urc_rover/install/bringup/share/bringup/package.sh'
[14.919s] INFO:colcon.colcon_core.shell:Creating package script '/workspaces/spex_urc_rover/install/bringup/share/bringup/package.bash'
[14.931s] INFO:colcon.colcon_core.shell:Creating package script '/workspaces/spex_urc_rover/install/bringup/share/bringup/package.zsh'
[14.944s] Level 1:colcon.colcon_core.environment:create_file_with_runtime_dependencies(/workspaces/spex_urc_rover/install/bringup/share/colcon-core/packages/bringup)
[14.968s] DEBUG:colcon.colcon_parallel_executor.executor.parallel:run_until_complete was interrupted
[14.970s] DEBUG:colcon.colcon_parallel_executor.executor.parallel:run_until_complete again
[14.996s] DEBUG:colcon.colcon_parallel_executor.executor.parallel:run_until_complete finished
[14.999s] DEBUG:colcon.colcon_parallel_executor.executor.parallel:closing loop
[15.002s] DEBUG:colcon.colcon_parallel_executor.executor.parallel:loop closed
[15.006s] DEBUG:colcon.colcon_core.event_reactor:joining thread
[15.063s] INFO:colcon.colcon_core.plugin_system:Skipping extension 'colcon_notification.desktop_notification.notify_send': Could not find 'notify-send'
[15.065s] INFO:colcon.colcon_core.plugin_system:Skipping extension 'colcon_notification.desktop_notification.terminal_notifier': Not used on non-Darwin systems
[15.067s] INFO:colcon.colcon_core.plugin_system:Skipping extension 'colcon_notification.desktop_notification.win32': Not used on non-Windows systems
[15.068s] INFO:colcon.colcon_notification.desktop_notification:Sending desktop notification using 'notify2'
[15.071s] DEBUG:colcon.colcon_notification.desktop_notification.notify2:Failed to initialize notify2: org.freedesktop.DBus.Error.NotSupported: Unable to autolaunch a dbus-daemon without a $DISPLAY for X11
[15.072s] DEBUG:colcon.colcon_core.event_reactor:joined thread
[15.077s] INFO:colcon.colcon_core.shell:Creating prefix script '/workspaces/spex_urc_rover/install/local_setup.ps1'
[15.094s] INFO:colcon.colcon_core.shell:Creating prefix util module '/workspaces/spex_urc_rover/install/_local_setup_util_ps1.py'
[15.113s] INFO:colcon.colcon_core.shell:Creating prefix chain script '/workspaces/spex_urc_rover/install/setup.ps1'
[15.127s] INFO:colcon.colcon_core.shell:Creating prefix script '/workspaces/spex_urc_rover/install/local_setup.sh'
[15.143s] INFO:colcon.colcon_core.shell:Creating prefix util module '/workspaces/spex_urc_rover/install/_local_setup_util_sh.py'
[15.153s] INFO:colcon.colcon_core.shell:Creating prefix chain script '/workspaces/spex_urc_rover/install/setup.sh'
[15.172s] INFO:colcon.colcon_core.shell:Creating prefix script '/workspaces/spex_urc_rover/install/local_setup.bash'
[15.187s] INFO:colcon.colcon_core.shell:Creating prefix chain script '/workspaces/spex_urc_rover/install/setup.bash'
[15.201s] INFO:colcon.colcon_core.shell:Creating prefix script '/workspaces/spex_urc_rover/install/local_setup.zsh'
[15.212s] INFO:colcon.colcon_core.shell:Creating prefix chain script '/workspaces/spex_urc_rover/install/setup.zsh'
