[0.826s] DEBUG:colcon:Command line arguments: ['/usr/bin/colcon', 'build']
[0.830s] DEBUG:colcon:Parsed command line arguments: Namespace(allow_overriding=[], ament_cmake_args=None, base_paths=['.'], build_base='build', catkin_cmake_args=None, catkin_skip_building_tests=False, cmake_args=None, cmake_clean_cache=False, cmake_clean_first=False, cmake_force_configure=False, cmake_target=None, cmake_target_skip_unavailable=False, continue_on_error=False, event_handlers=None, executor='parallel', ignore_user_meta=False, install_base='install', log_base=None, log_level=None, main=<bound method BuildVerb.main of <colcon_core.verb.build.BuildVerb object at 0x4002484100>>, merge_install=False, metas=['./colcon.meta'], packages_above=None, packages_above_and_dependencies=None, packages_above_depth=None, packages_end=None, packages_ignore=None, packages_ignore_regex=None, packages_select=None, packages_select_build_failed=False, packages_select_by_dep=None, packages_select_regex=None, packages_select_test_failures=False, packages_skip=None, packages_skip_build_finished=False, packages_skip_by_dep=None, packages_skip_regex=None, packages_skip_test_passed=False, packages_skip_up_to=None, packages_start=None, packages_up_to=None, packages_up_to_regex=None, parallel_workers=4, paths=None, symlink_install=False, test_result_base=None, verb_extension=<colcon_core.verb.build.BuildVerb object at 0x4002484100>, verb_name='build', verb_parser=<colcon_defaults.argument_parser.defaults.DefaultArgumentsDecorator object at 0x4002484580>)
[0.862s] Level 1:colcon.colcon_core.package_discovery:discover_packages(colcon_meta) check parameters
[0.865s] Level 1:colcon.colcon_core.package_discovery:discover_packages(recursive) check parameters
[0.867s] Level 1:colcon.colcon_core.package_discovery:discover_packages(ignore) check parameters
[0.868s] Level 1:colcon.colcon_core.package_discovery:discover_packages(path) check parameters
[0.869s] Level 1:colcon.colcon_core.package_discovery:discover_packages(colcon_meta) discover
[0.870s] Level 1:colcon.colcon_core.package_discovery:discover_packages(recursive) discover
[0.871s] INFO:colcon.colcon_core.package_discovery:Crawling recursively for packages in '/workspaces/spex_rover'
[0.873s] Level 1:colcon.colcon_core.package_identification:_identify(.) by extensions ['ignore', 'ignore_ament_install']
[0.875s] Level 1:colcon.colcon_core.package_identification:_identify(.) by extension 'ignore'
[0.877s] Level 1:colcon.colcon_core.package_identification:_identify(.) by extension 'ignore_ament_install'
[0.880s] Level 1:colcon.colcon_core.package_identification:_identify(.) by extensions ['colcon_pkg']
[0.881s] Level 1:colcon.colcon_core.package_identification:_identify(.) by extension 'colcon_pkg'
[0.883s] Level 1:colcon.colcon_core.package_identification:_identify(.) by extensions ['colcon_meta']
[0.884s] Level 1:colcon.colcon_core.package_identification:_identify(.) by extension 'colcon_meta'
[0.885s] Level 1:colcon.colcon_core.package_identification:_identify(.) by extensions ['ros']
[0.886s] Level 1:colcon.colcon_core.package_identification:_identify(.) by extension 'ros'
[0.951s] Level 1:colcon.colcon_core.package_identification:_identify(.) by extensions ['cmake', 'python']
[0.952s] Level 1:colcon.colcon_core.package_identification:_identify(.) by extension 'cmake'
[0.955s] Level 1:colcon.colcon_core.package_identification:_identify(.) by extension 'python'
[0.957s] Level 1:colcon.colcon_core.package_identification:_identify(.) by extensions ['python_setup_py']
[0.959s] Level 1:colcon.colcon_core.package_identification:_identify(.) by extension 'python_setup_py'
[0.964s] Level 1:colcon.colcon_core.package_identification:_identify(build) by extensions ['ignore', 'ignore_ament_install']
[0.966s] Level 1:colcon.colcon_core.package_identification:_identify(build) by extension 'ignore'
[0.971s] Level 1:colcon.colcon_core.package_identification:_identify(build) ignored
[0.973s] Level 1:colcon.colcon_core.package_identification:_identify(documentation) by extensions ['ignore', 'ignore_ament_install']
[0.976s] Level 1:colcon.colcon_core.package_identification:_identify(documentation) by extension 'ignore'
[0.980s] Level 1:colcon.colcon_core.package_identification:_identify(documentation) by extension 'ignore_ament_install'
[0.983s] Level 1:colcon.colcon_core.package_identification:_identify(documentation) by extensions ['colcon_pkg']
[0.984s] Level 1:colcon.colcon_core.package_identification:_identify(documentation) by extension 'colcon_pkg'
[0.987s] Level 1:colcon.colcon_core.package_identification:_identify(documentation) by extensions ['colcon_meta']
[0.988s] Level 1:colcon.colcon_core.package_identification:_identify(documentation) by extension 'colcon_meta'
[0.990s] Level 1:colcon.colcon_core.package_identification:_identify(documentation) by extensions ['ros']
[0.991s] Level 1:colcon.colcon_core.package_identification:_identify(documentation) by extension 'ros'
[0.997s] Level 1:colcon.colcon_core.package_identification:_identify(documentation) by extensions ['cmake', 'python']
[0.999s] Level 1:colcon.colcon_core.package_identification:_identify(documentation) by extension 'cmake'
[1.001s] Level 1:colcon.colcon_core.package_identification:_identify(documentation) by extension 'python'
[1.003s] Level 1:colcon.colcon_core.package_identification:_identify(documentation) by extensions ['python_setup_py']
[1.004s] Level 1:colcon.colcon_core.package_identification:_identify(documentation) by extension 'python_setup_py'
[1.007s] Level 1:colcon.colcon_core.package_identification:_identify(install) by extensions ['ignore', 'ignore_ament_install']
[1.009s] Level 1:colcon.colcon_core.package_identification:_identify(install) by extension 'ignore'
[1.011s] Level 1:colcon.colcon_core.package_identification:_identify(install) ignored
[1.018s] Level 1:colcon.colcon_core.package_identification:_identify(log) by extensions ['ignore', 'ignore_ament_install']
[1.019s] Level 1:colcon.colcon_core.package_identification:_identify(log) by extension 'ignore'
[1.021s] Level 1:colcon.colcon_core.package_identification:_identify(log) ignored
[1.023s] Level 1:colcon.colcon_core.package_identification:_identify(src) by extensions ['ignore', 'ignore_ament_install']
[1.025s] Level 1:colcon.colcon_core.package_identification:_identify(src) by extension 'ignore'
[1.028s] Level 1:colcon.colcon_core.package_identification:_identify(src) by extension 'ignore_ament_install'
[1.031s] Level 1:colcon.colcon_core.package_identification:_identify(src) by extensions ['colcon_pkg']
[1.032s] Level 1:colcon.colcon_core.package_identification:_identify(src) by extension 'colcon_pkg'
[1.034s] Level 1:colcon.colcon_core.package_identification:_identify(src) by extensions ['colcon_meta']
[1.035s] Level 1:colcon.colcon_core.package_identification:_identify(src) by extension 'colcon_meta'
[1.038s] Level 1:colcon.colcon_core.package_identification:_identify(src) by extensions ['ros']
[1.039s] Level 1:colcon.colcon_core.package_identification:_identify(src) by extension 'ros'
[1.045s] Level 1:colcon.colcon_core.package_identification:_identify(src) by extensions ['cmake', 'python']
[1.046s] Level 1:colcon.colcon_core.package_identification:_identify(src) by extension 'cmake'
[1.048s] Level 1:colcon.colcon_core.package_identification:_identify(src) by extension 'python'
[1.050s] Level 1:colcon.colcon_core.package_identification:_identify(src) by extensions ['python_setup_py']
[1.052s] Level 1:colcon.colcon_core.package_identification:_identify(src) by extension 'python_setup_py'
[1.055s] Level 1:colcon.colcon_core.package_identification:_identify(src/spex_rover) by extensions ['ignore', 'ignore_ament_install']
[1.056s] Level 1:colcon.colcon_core.package_identification:_identify(src/spex_rover) by extension 'ignore'
[1.059s] Level 1:colcon.colcon_core.package_identification:_identify(src/spex_rover) by extension 'ignore_ament_install'
[1.063s] Level 1:colcon.colcon_core.package_identification:_identify(src/spex_rover) by extensions ['colcon_pkg']
[1.064s] Level 1:colcon.colcon_core.package_identification:_identify(src/spex_rover) by extension 'colcon_pkg'
[1.067s] Level 1:colcon.colcon_core.package_identification:_identify(src/spex_rover) by extensions ['colcon_meta']
[1.068s] Level 1:colcon.colcon_core.package_identification:_identify(src/spex_rover) by extension 'colcon_meta'
[1.071s] Level 1:colcon.colcon_core.package_identification:_identify(src/spex_rover) by extensions ['ros']
[1.072s] Level 1:colcon.colcon_core.package_identification:_identify(src/spex_rover) by extension 'ros'
[1.095s] DEBUG:colcon.colcon_core.package_identification:Package 'src/spex_rover' with type 'ros.ament_cmake' and name 'spex_rover'
[1.100s] Level 1:colcon.colcon_core.package_identification:_identify(src/spex_rover_rplidar) by extensions ['ignore', 'ignore_ament_install']
[1.101s] Level 1:colcon.colcon_core.package_identification:_identify(src/spex_rover_rplidar) by extension 'ignore'
[1.103s] Level 1:colcon.colcon_core.package_identification:_identify(src/spex_rover_rplidar) by extension 'ignore_ament_install'
[1.106s] Level 1:colcon.colcon_core.package_identification:_identify(src/spex_rover_rplidar) by extensions ['colcon_pkg']
[1.107s] Level 1:colcon.colcon_core.package_identification:_identify(src/spex_rover_rplidar) by extension 'colcon_pkg'
[1.111s] Level 1:colcon.colcon_core.package_identification:_identify(src/spex_rover_rplidar) by extensions ['colcon_meta']
[1.112s] Level 1:colcon.colcon_core.package_identification:_identify(src/spex_rover_rplidar) by extension 'colcon_meta'
[1.114s] Level 1:colcon.colcon_core.package_identification:_identify(src/spex_rover_rplidar) by extensions ['ros']
[1.115s] Level 1:colcon.colcon_core.package_identification:_identify(src/spex_rover_rplidar) by extension 'ros'
[1.124s] DEBUG:colcon.colcon_core.package_identification:Package 'src/spex_rover_rplidar' with type 'ros.ament_cmake' and name 'rplidar_ros'
[1.126s] Level 1:colcon.colcon_core.package_discovery:discover_packages(recursive) using defaults
[1.127s] Level 1:colcon.colcon_core.package_discovery:discover_packages(ignore) discover
[1.129s] Level 1:colcon.colcon_core.package_discovery:discover_packages(ignore) using defaults
[1.130s] Level 1:colcon.colcon_core.package_discovery:discover_packages(path) discover
[1.131s] Level 1:colcon.colcon_core.package_discovery:discover_packages(path) using defaults
[1.234s] Level 5:colcon.colcon_core.verb:set package 'rplidar_ros' build argument 'cmake_args' from command line to 'None'
[1.235s] Level 5:colcon.colcon_core.verb:set package 'rplidar_ros' build argument 'cmake_target' from command line to 'None'
[1.237s] Level 5:colcon.colcon_core.verb:set package 'rplidar_ros' build argument 'cmake_target_skip_unavailable' from command line to 'False'
[1.238s] Level 5:colcon.colcon_core.verb:set package 'rplidar_ros' build argument 'cmake_clean_cache' from command line to 'False'
[1.239s] Level 5:colcon.colcon_core.verb:set package 'rplidar_ros' build argument 'cmake_clean_first' from command line to 'False'
[1.240s] Level 5:colcon.colcon_core.verb:set package 'rplidar_ros' build argument 'cmake_force_configure' from command line to 'False'
[1.241s] Level 5:colcon.colcon_core.verb:set package 'rplidar_ros' build argument 'ament_cmake_args' from command line to 'None'
[1.242s] Level 5:colcon.colcon_core.verb:set package 'rplidar_ros' build argument 'catkin_cmake_args' from command line to 'None'
[1.244s] Level 5:colcon.colcon_core.verb:set package 'rplidar_ros' build argument 'catkin_skip_building_tests' from command line to 'False'
[1.245s] DEBUG:colcon.colcon_core.verb:Building package 'rplidar_ros' with the following arguments: {'ament_cmake_args': None, 'build_base': '/workspaces/spex_rover/build/rplidar_ros', 'catkin_cmake_args': None, 'catkin_skip_building_tests': False, 'cmake_args': None, 'cmake_clean_cache': False, 'cmake_clean_first': False, 'cmake_force_configure': False, 'cmake_target': None, 'cmake_target_skip_unavailable': False, 'install_base': '/workspaces/spex_rover/install/rplidar_ros', 'merge_install': False, 'path': '/workspaces/spex_rover/src/spex_rover_rplidar', 'symlink_install': False, 'test_result_base': None}
[1.251s] Level 5:colcon.colcon_core.verb:set package 'spex_rover' build argument 'cmake_args' from command line to 'None'
[1.253s] Level 5:colcon.colcon_core.verb:set package 'spex_rover' build argument 'cmake_target' from command line to 'None'
[1.254s] Level 5:colcon.colcon_core.verb:set package 'spex_rover' build argument 'cmake_target_skip_unavailable' from command line to 'False'
[1.255s] Level 5:colcon.colcon_core.verb:set package 'spex_rover' build argument 'cmake_clean_cache' from command line to 'False'
[1.256s] Level 5:colcon.colcon_core.verb:set package 'spex_rover' build argument 'cmake_clean_first' from command line to 'False'
[1.257s] Level 5:colcon.colcon_core.verb:set package 'spex_rover' build argument 'cmake_force_configure' from command line to 'False'
[1.258s] Level 5:colcon.colcon_core.verb:set package 'spex_rover' build argument 'ament_cmake_args' from command line to 'None'
[1.259s] Level 5:colcon.colcon_core.verb:set package 'spex_rover' build argument 'catkin_cmake_args' from command line to 'None'
[1.261s] Level 5:colcon.colcon_core.verb:set package 'spex_rover' build argument 'catkin_skip_building_tests' from command line to 'False'
[1.262s] DEBUG:colcon.colcon_core.verb:Building package 'spex_rover' with the following arguments: {'ament_cmake_args': None, 'build_base': '/workspaces/spex_rover/build/spex_rover', 'catkin_cmake_args': None, 'catkin_skip_building_tests': False, 'cmake_args': None, 'cmake_clean_cache': False, 'cmake_clean_first': False, 'cmake_force_configure': False, 'cmake_target': None, 'cmake_target_skip_unavailable': False, 'install_base': '/workspaces/spex_rover/install/spex_rover', 'merge_install': False, 'path': '/workspaces/spex_rover/src/spex_rover', 'symlink_install': False, 'test_result_base': None}
[1.303s] WARNING:colcon.colcon_core.verb:Some selected packages are already built in one or more underlay workspaces:
	'rplidar_ros' is in: /workspaces/spex_rover/install/rplidar_ros
	'spex_rover' is in: /workspaces/spex_rover/install/spex_rover
If a package in a merged underlay workspace is overridden and it installs headers, then all packages in the overlay must sort their include directories by workspace order. Failure to do so may result in build failures or undefined behavior at run time.
If the overridden package is used by another package in any underlay, then the overriding package in the overlay must be API and ABI compatible or undefined behavior at run time may occur.

If you understand the risks and want to override a package anyways, add the following to the command line:
	--allow-overriding rplidar_ros spex_rover

This may be promoted to an error in a future release of colcon-core.
[1.306s] INFO:colcon.colcon_core.executor:Executing jobs using 'parallel' executor
[1.335s] DEBUG:colcon.colcon_parallel_executor.executor.parallel:run_until_complete
[1.344s] INFO:colcon.colcon_ros.task.ament_cmake.build:Building ROS package in '/workspaces/spex_rover/src/spex_rover_rplidar' with build type 'ament_cmake'
[1.346s] INFO:colcon.colcon_cmake.task.cmake.build:Building CMake package in '/workspaces/spex_rover/src/spex_rover_rplidar'
[1.369s] INFO:colcon.colcon_core.plugin_system:Skipping extension 'colcon_core.shell.bat': Not used on non-Windows systems
[1.372s] INFO:colcon.colcon_core.shell:Skip shell extension 'powershell' for command environment: Not usable outside of PowerShell
[1.373s] DEBUG:colcon.colcon_core.shell:Skip shell extension 'dsv' for command environment
[1.424s] INFO:colcon.colcon_ros.task.ament_cmake.build:Building ROS package in '/workspaces/spex_rover/src/spex_rover' with build type 'ament_cmake'
[1.429s] INFO:colcon.colcon_cmake.task.cmake.build:Building CMake package in '/workspaces/spex_rover/src/spex_rover'
[1.436s] INFO:colcon.colcon_core.shell:Skip shell extension 'powershell' for command environment: Not usable outside of PowerShell
[1.438s] DEBUG:colcon.colcon_core.shell:Skip shell extension 'dsv' for command environment
[1.625s] DEBUG:colcon.colcon_core.event_handler.log_command:Invoking command in '/workspaces/spex_rover/build/rplidar_ros': CMAKE_PREFIX_PATH=${CMAKE_PREFIX_PATH}:/opt/ros/galactic /usr/bin/cmake --build /workspaces/spex_rover/build/rplidar_ros -- -j4 -l4
[1.697s] DEBUG:colcon.colcon_core.event_handler.log_command:Invoking command in '/workspaces/spex_rover/build/spex_rover': CMAKE_PREFIX_PATH=${CMAKE_PREFIX_PATH}:/opt/ros/galactic /usr/bin/cmake --build /workspaces/spex_rover/build/spex_rover -- -j4 -l4
[2.316s] DEBUG:colcon.colcon_core.event_handler.log_command:Invoked command in '/workspaces/spex_rover/build/spex_rover' returned '0': CMAKE_PREFIX_PATH=${CMAKE_PREFIX_PATH}:/opt/ros/galactic /usr/bin/cmake --build /workspaces/spex_rover/build/spex_rover -- -j4 -l4
[2.994s] DEBUG:colcon.colcon_core.event_handler.log_command:Invoking command in '/workspaces/spex_rover/build/spex_rover': CMAKE_PREFIX_PATH=${CMAKE_PREFIX_PATH}:/opt/ros/galactic /usr/bin/cmake --install /workspaces/spex_rover/build/spex_rover
[3.018s] DEBUG:colcon.colcon_core.event_handler.log_command:Invoked command in '/workspaces/spex_rover/build/rplidar_ros' returned '0': CMAKE_PREFIX_PATH=${CMAKE_PREFIX_PATH}:/opt/ros/galactic /usr/bin/cmake --build /workspaces/spex_rover/build/rplidar_ros -- -j4 -l4
[3.178s] Level 1:colcon.colcon_core.environment:create_environment_scripts_only(spex_rover)
[3.226s] DEBUG:colcon.colcon_core.event_handler.log_command:Invoked command in '/workspaces/spex_rover/build/spex_rover' returned '0': CMAKE_PREFIX_PATH=${CMAKE_PREFIX_PATH}:/opt/ros/galactic /usr/bin/cmake --install /workspaces/spex_rover/build/spex_rover
[3.236s] Level 1:colcon.colcon_core.environment:checking '/workspaces/spex_rover/install/spex_rover' for CMake module files
[3.267s] Level 1:colcon.colcon_core.environment:checking '/workspaces/spex_rover/install/spex_rover' for CMake config files
[3.274s] Level 1:colcon.colcon_core.shell:create_environment_hook('spex_rover', 'cmake_prefix_path')
[3.280s] INFO:colcon.colcon_core.shell:Creating environment hook '/workspaces/spex_rover/install/spex_rover/share/spex_rover/hook/cmake_prefix_path.ps1'
[3.295s] INFO:colcon.colcon_core.shell:Creating environment descriptor '/workspaces/spex_rover/install/spex_rover/share/spex_rover/hook/cmake_prefix_path.dsv'
[3.305s] INFO:colcon.colcon_core.shell:Creating environment hook '/workspaces/spex_rover/install/spex_rover/share/spex_rover/hook/cmake_prefix_path.sh'
[3.319s] Level 1:colcon.colcon_core.environment:checking '/workspaces/spex_rover/install/spex_rover/bin'
[3.322s] Level 1:colcon.colcon_core.environment:checking '/workspaces/spex_rover/install/spex_rover/lib/pkgconfig/spex_rover.pc'
[3.325s] Level 1:colcon.colcon_core.environment:checking '/workspaces/spex_rover/install/spex_rover/lib/python3.8/site-packages'
[3.332s] INFO:colcon.colcon_core.shell:Creating package script '/workspaces/spex_rover/install/spex_rover/share/spex_rover/package.ps1'
[3.345s] INFO:colcon.colcon_core.shell:Creating package descriptor '/workspaces/spex_rover/install/spex_rover/share/spex_rover/package.dsv'
[3.362s] INFO:colcon.colcon_core.shell:Creating package script '/workspaces/spex_rover/install/spex_rover/share/spex_rover/package.sh'
[3.377s] INFO:colcon.colcon_core.shell:Creating package script '/workspaces/spex_rover/install/spex_rover/share/spex_rover/package.bash'
[3.387s] INFO:colcon.colcon_core.shell:Creating package script '/workspaces/spex_rover/install/spex_rover/share/spex_rover/package.zsh'
[3.400s] Level 1:colcon.colcon_core.environment:create_file_with_runtime_dependencies(/workspaces/spex_rover/install/spex_rover/share/colcon-core/packages/spex_rover)
[3.905s] Level 1:colcon.colcon_core.environment:create_environment_scripts_only(spex_rover)
[3.917s] Level 1:colcon.colcon_core.environment:checking '/workspaces/spex_rover/install/spex_rover' for CMake module files
[3.942s] Level 1:colcon.colcon_core.environment:checking '/workspaces/spex_rover/install/spex_rover' for CMake config files
[3.946s] Level 1:colcon.colcon_core.shell:create_environment_hook('spex_rover', 'cmake_prefix_path')
[3.952s] INFO:colcon.colcon_core.shell:Creating environment hook '/workspaces/spex_rover/install/spex_rover/share/spex_rover/hook/cmake_prefix_path.ps1'
[3.960s] INFO:colcon.colcon_core.shell:Creating environment descriptor '/workspaces/spex_rover/install/spex_rover/share/spex_rover/hook/cmake_prefix_path.dsv'
[3.978s] INFO:colcon.colcon_core.shell:Creating environment hook '/workspaces/spex_rover/install/spex_rover/share/spex_rover/hook/cmake_prefix_path.sh'
[3.992s] Level 1:colcon.colcon_core.environment:checking '/workspaces/spex_rover/install/spex_rover/bin'
[3.995s] Level 1:colcon.colcon_core.environment:checking '/workspaces/spex_rover/install/spex_rover/lib/pkgconfig/spex_rover.pc'
[3.999s] Level 1:colcon.colcon_core.environment:checking '/workspaces/spex_rover/install/spex_rover/lib/python3.8/site-packages'
[4.008s] INFO:colcon.colcon_core.shell:Creating package script '/workspaces/spex_rover/install/spex_rover/share/spex_rover/package.ps1'
[4.019s] INFO:colcon.colcon_core.shell:Creating package descriptor '/workspaces/spex_rover/install/spex_rover/share/spex_rover/package.dsv'
[4.032s] INFO:colcon.colcon_core.shell:Creating package script '/workspaces/spex_rover/install/spex_rover/share/spex_rover/package.sh'
[4.043s] INFO:colcon.colcon_core.shell:Creating package script '/workspaces/spex_rover/install/spex_rover/share/spex_rover/package.bash'
[4.054s] INFO:colcon.colcon_core.shell:Creating package script '/workspaces/spex_rover/install/spex_rover/share/spex_rover/package.zsh'
[4.062s] Level 1:colcon.colcon_core.environment:create_file_with_runtime_dependencies(/workspaces/spex_rover/install/spex_rover/share/colcon-core/packages/spex_rover)
[4.104s] DEBUG:colcon.colcon_core.event_handler.log_command:Invoking command in '/workspaces/spex_rover/build/rplidar_ros': CMAKE_PREFIX_PATH=${CMAKE_PREFIX_PATH}:/opt/ros/galactic /usr/bin/cmake --install /workspaces/spex_rover/build/rplidar_ros
[4.465s] Level 1:colcon.colcon_core.environment:create_environment_scripts_only(rplidar_ros)
[4.473s] Level 1:colcon.colcon_core.environment:checking '/workspaces/spex_rover/install/rplidar_ros' for CMake module files
[4.515s] Level 1:colcon.colcon_core.environment:checking '/workspaces/spex_rover/install/rplidar_ros' for CMake config files
[4.527s] Level 1:colcon.colcon_core.shell:create_environment_hook('rplidar_ros', 'cmake_prefix_path')
[4.539s] INFO:colcon.colcon_core.shell:Creating environment hook '/workspaces/spex_rover/install/rplidar_ros/share/rplidar_ros/hook/cmake_prefix_path.ps1'
[4.548s] INFO:colcon.colcon_core.shell:Creating environment descriptor '/workspaces/spex_rover/install/rplidar_ros/share/rplidar_ros/hook/cmake_prefix_path.dsv'
[4.558s] INFO:colcon.colcon_core.shell:Creating environment hook '/workspaces/spex_rover/install/rplidar_ros/share/rplidar_ros/hook/cmake_prefix_path.sh'
[4.573s] Level 1:colcon.colcon_core.environment:checking '/workspaces/spex_rover/install/rplidar_ros/lib'
[4.578s] Level 1:colcon.colcon_core.environment:checking '/workspaces/spex_rover/install/rplidar_ros/bin'
[4.582s] Level 1:colcon.colcon_core.environment:checking '/workspaces/spex_rover/install/rplidar_ros/lib/pkgconfig/rplidar_ros.pc'
[4.586s] Level 1:colcon.colcon_core.environment:checking '/workspaces/spex_rover/install/rplidar_ros/lib/python3.8/site-packages'
[4.593s] INFO:colcon.colcon_core.shell:Creating package script '/workspaces/spex_rover/install/rplidar_ros/share/rplidar_ros/package.ps1'
[4.606s] INFO:colcon.colcon_core.shell:Creating package descriptor '/workspaces/spex_rover/install/rplidar_ros/share/rplidar_ros/package.dsv'
[4.615s] INFO:colcon.colcon_core.shell:Creating package script '/workspaces/spex_rover/install/rplidar_ros/share/rplidar_ros/package.sh'
[4.624s] INFO:colcon.colcon_core.shell:Creating package script '/workspaces/spex_rover/install/rplidar_ros/share/rplidar_ros/package.bash'
[4.633s] INFO:colcon.colcon_core.shell:Creating package script '/workspaces/spex_rover/install/rplidar_ros/share/rplidar_ros/package.zsh'
[4.642s] Level 1:colcon.colcon_core.environment:create_file_with_runtime_dependencies(/workspaces/spex_rover/install/rplidar_ros/share/colcon-core/packages/rplidar_ros)
[4.800s] DEBUG:colcon.colcon_core.event_handler.log_command:Invoked command in '/workspaces/spex_rover/build/rplidar_ros' returned '0': CMAKE_PREFIX_PATH=${CMAKE_PREFIX_PATH}:/opt/ros/galactic /usr/bin/cmake --install /workspaces/spex_rover/build/rplidar_ros
[5.613s] Level 1:colcon.colcon_core.environment:create_environment_scripts_only(rplidar_ros)
[5.621s] Level 1:colcon.colcon_core.environment:checking '/workspaces/spex_rover/install/rplidar_ros' for CMake module files
[5.643s] Level 1:colcon.colcon_core.environment:checking '/workspaces/spex_rover/install/rplidar_ros' for CMake config files
[5.648s] Level 1:colcon.colcon_core.shell:create_environment_hook('rplidar_ros', 'cmake_prefix_path')
[5.652s] INFO:colcon.colcon_core.shell:Creating environment hook '/workspaces/spex_rover/install/rplidar_ros/share/rplidar_ros/hook/cmake_prefix_path.ps1'
[5.660s] INFO:colcon.colcon_core.shell:Creating environment descriptor '/workspaces/spex_rover/install/rplidar_ros/share/rplidar_ros/hook/cmake_prefix_path.dsv'
[5.669s] INFO:colcon.colcon_core.shell:Creating environment hook '/workspaces/spex_rover/install/rplidar_ros/share/rplidar_ros/hook/cmake_prefix_path.sh'
[5.677s] Level 1:colcon.colcon_core.environment:checking '/workspaces/spex_rover/install/rplidar_ros/lib'
[5.679s] Level 1:colcon.colcon_core.environment:checking '/workspaces/spex_rover/install/rplidar_ros/bin'
[5.681s] Level 1:colcon.colcon_core.environment:checking '/workspaces/spex_rover/install/rplidar_ros/lib/pkgconfig/rplidar_ros.pc'
[5.683s] Level 1:colcon.colcon_core.environment:checking '/workspaces/spex_rover/install/rplidar_ros/lib/python3.8/site-packages'
[5.688s] INFO:colcon.colcon_core.shell:Creating package script '/workspaces/spex_rover/install/rplidar_ros/share/rplidar_ros/package.ps1'
[5.697s] INFO:colcon.colcon_core.shell:Creating package descriptor '/workspaces/spex_rover/install/rplidar_ros/share/rplidar_ros/package.dsv'
[5.704s] INFO:colcon.colcon_core.shell:Creating package script '/workspaces/spex_rover/install/rplidar_ros/share/rplidar_ros/package.sh'
[5.710s] INFO:colcon.colcon_core.shell:Creating package script '/workspaces/spex_rover/install/rplidar_ros/share/rplidar_ros/package.bash'
[5.718s] INFO:colcon.colcon_core.shell:Creating package script '/workspaces/spex_rover/install/rplidar_ros/share/rplidar_ros/package.zsh'
[5.725s] Level 1:colcon.colcon_core.environment:create_file_with_runtime_dependencies(/workspaces/spex_rover/install/rplidar_ros/share/colcon-core/packages/rplidar_ros)
[5.731s] DEBUG:colcon.colcon_parallel_executor.executor.parallel:closing loop
[5.733s] DEBUG:colcon.colcon_parallel_executor.executor.parallel:loop closed
[5.736s] DEBUG:colcon.colcon_parallel_executor.executor.parallel:run_until_complete finished with '0'
[5.739s] DEBUG:colcon.colcon_core.event_reactor:joining thread
[5.788s] INFO:colcon.colcon_core.plugin_system:Skipping extension 'colcon_notification.desktop_notification.notify_send': Could not find 'notify-send'
[5.791s] INFO:colcon.colcon_core.plugin_system:Skipping extension 'colcon_notification.desktop_notification.terminal_notifier': Not used on non-Darwin systems
[5.793s] INFO:colcon.colcon_core.plugin_system:Skipping extension 'colcon_notification.desktop_notification.win32': Not used on non-Windows systems
[5.794s] INFO:colcon.colcon_notification.desktop_notification:Sending desktop notification using 'notify2'
[5.798s] DEBUG:colcon.colcon_notification.desktop_notification.notify2:Failed to initialize notify2: org.freedesktop.DBus.Error.NotSupported: Unable to autolaunch a dbus-daemon without a $DISPLAY for X11
[5.800s] DEBUG:colcon.colcon_core.event_reactor:joined thread
[5.804s] INFO:colcon.colcon_core.shell:Creating prefix script '/workspaces/spex_rover/install/local_setup.ps1'
[5.814s] INFO:colcon.colcon_core.shell:Creating prefix util module '/workspaces/spex_rover/install/_local_setup_util_ps1.py'
[5.830s] INFO:colcon.colcon_core.shell:Creating prefix chain script '/workspaces/spex_rover/install/setup.ps1'
[5.847s] INFO:colcon.colcon_core.shell:Creating prefix script '/workspaces/spex_rover/install/local_setup.sh'
[5.857s] INFO:colcon.colcon_core.shell:Creating prefix util module '/workspaces/spex_rover/install/_local_setup_util_sh.py'
[5.865s] INFO:colcon.colcon_core.shell:Creating prefix chain script '/workspaces/spex_rover/install/setup.sh'
[5.886s] INFO:colcon.colcon_core.shell:Creating prefix script '/workspaces/spex_rover/install/local_setup.bash'
[5.894s] INFO:colcon.colcon_core.shell:Creating prefix chain script '/workspaces/spex_rover/install/setup.bash'
[5.913s] INFO:colcon.colcon_core.shell:Creating prefix script '/workspaces/spex_rover/install/local_setup.zsh'
[5.924s] INFO:colcon.colcon_core.shell:Creating prefix chain script '/workspaces/spex_rover/install/setup.zsh'
